[0.000000] (-) TimerEvent: {}
[0.000554] (-) JobUnselected: {'identifier': 'msg_srv_action_interface_example'}
[0.000639] (mujoco_sim_test) JobQueued: {'identifier': 'mujoco_sim_test', 'dependencies': OrderedDict([('msg_srv_action_interface_example', '/home/chad/ros2_ws/src/install/msg_srv_action_interface_example')])}
[0.000787] (mujoco_sim_test) JobStarted: {'identifier': 'mujoco_sim_test'}
[0.015779] (mujoco_sim_test) JobProgress: {'identifier': 'mujoco_sim_test', 'progress': 'cmake'}
[0.016862] (mujoco_sim_test) JobProgress: {'identifier': 'mujoco_sim_test', 'progress': 'build'}
[0.018003] (mujoco_sim_test) Command: {'cmd': ['/usr/bin/cmake', '--build', '/home/chad/ros2_ws/src/build/mujoco_sim_test', '--', '-j12', '-l12'], 'cwd': '/home/chad/ros2_ws/src/build/mujoco_sim_test', 'env': OrderedDict([('LESSOPEN', '| /usr/bin/lesspipe %s'), ('USER', 'chad'), ('LC_TIME', 'ko_KR.UTF-8'), ('SSH_AGENT_PID', '1515'), ('XDG_SESSION_TYPE', 'x11'), ('SHLVL', '1'), ('LD_LIBRARY_PATH', '/home/chad/ros2_ws/src/install/msg_srv_action_interface_example/lib:/opt/ros/foxy/opt/yaml_cpp_vendor/lib:/opt/ros/foxy/opt/rviz_ogre_vendor/lib:/opt/ros/foxy/lib/x86_64-linux-gnu:/opt/ros/foxy/lib'), ('HOME', '/home/chad'), ('OLDPWD', '/home/chad/ros2_ws'), ('DESKTOP_SESSION', 'ubuntu'), ('ROS_PYTHON_VERSION', '3'), ('GNOME_SHELL_SESSION_MODE', 'ubuntu'), ('GTK_MODULES', 'gail:atk-bridge'), ('LC_MONETARY', 'ko_KR.UTF-8'), ('MANAGERPID', '1417'), ('DBUS_SESSION_BUS_ADDRESS', 'unix:path=/run/user/1000/bus'), ('COLORTERM', 'truecolor'), ('GIO_LAUNCHED_DESKTOP_FILE_PID', '182688'), ('_colcon_cd_root', '/home/chad/ros2_install'), ('IM_CONFIG_PHASE', '1'), ('COLCON_PREFIX_PATH', '/home/chad/ros2_ws/src/install'), ('ROS_DISTRO', 'foxy'), ('LOGNAME', 'chad'), ('JOURNAL_STREAM', '8:46330'), ('_', '/usr/bin/colcon'), ('ROS_VERSION', '2'), ('XDG_SESSION_CLASS', 'user'), ('USERNAME', 'chad'), ('TERM', 'xterm-256color'), ('GNOME_DESKTOP_SESSION_ID', 'this-is-deprecated'), ('ROS_LOCALHOST_ONLY', '0'), ('WINDOWPATH', '2'), ('PATH', '/opt/ros/foxy/bin:/home/chad/.local/bin:/usr/local/sbin:/usr/local/bin:/usr/sbin:/usr/bin:/sbin:/bin:/usr/games:/usr/local/games:/snap/bin'), ('SESSION_MANAGER', 'local/chad-Default-string:@/tmp/.ICE-unix/1562,unix/chad-Default-string:/tmp/.ICE-unix/1562'), ('INVOCATION_ID', 'd12776cb9bdc48f3b31d0fa7df03e5e0'), ('PAPERSIZE', 'a4'), ('XDG_MENU_PREFIX', 'gnome-'), ('LC_ADDRESS', 'ko_KR.UTF-8'), ('XDG_RUNTIME_DIR', '/run/user/1000'), ('DISPLAY', ':1'), ('LANG', 'en_US.UTF-8'), ('XDG_CURRENT_DESKTOP', 'ubuntu:GNOME'), ('LC_TELEPHONE', 'ko_KR.UTF-8'), ('TILIX_ID', '9179b3c4-3c10-4792-b188-aa5679ad5785'), ('XMODIFIERS', '@im=ibus'), ('XDG_SESSION_DESKTOP', 'ubuntu'), ('XAUTHORITY', '/run/user/1000/gdm/Xauthority'), ('LS_COLORS', 'rs=0:di=01;34:ln=01;36:mh=00:pi=40;33:so=01;35:do=01;35:bd=40;33;01:cd=40;33;01:or=40;31;01:mi=00:su=37;41:sg=30;43:ca=30;41:tw=30;42:ow=34;42:st=37;44:ex=01;32:*.tar=01;31:*.tgz=01;31:*.arc=01;31:*.arj=01;31:*.taz=01;31:*.lha=01;31:*.lz4=01;31:*.lzh=01;31:*.lzma=01;31:*.tlz=01;31:*.txz=01;31:*.tzo=01;31:*.t7z=01;31:*.zip=01;31:*.z=01;31:*.dz=01;31:*.gz=01;31:*.lrz=01;31:*.lz=01;31:*.lzo=01;31:*.xz=01;31:*.zst=01;31:*.tzst=01;31:*.bz2=01;31:*.bz=01;31:*.tbz=01;31:*.tbz2=01;31:*.tz=01;31:*.deb=01;31:*.rpm=01;31:*.jar=01;31:*.war=01;31:*.ear=01;31:*.sar=01;31:*.rar=01;31:*.alz=01;31:*.ace=01;31:*.zoo=01;31:*.cpio=01;31:*.7z=01;31:*.rz=01;31:*.cab=01;31:*.wim=01;31:*.swm=01;31:*.dwm=01;31:*.esd=01;31:*.jpg=01;35:*.jpeg=01;35:*.mjpg=01;35:*.mjpeg=01;35:*.gif=01;35:*.bmp=01;35:*.pbm=01;35:*.pgm=01;35:*.ppm=01;35:*.tga=01;35:*.xbm=01;35:*.xpm=01;35:*.tif=01;35:*.tiff=01;35:*.png=01;35:*.svg=01;35:*.svgz=01;35:*.mng=01;35:*.pcx=01;35:*.mov=01;35:*.mpg=01;35:*.mpeg=01;35:*.m2v=01;35:*.mkv=01;35:*.webm=01;35:*.ogm=01;35:*.mp4=01;35:*.m4v=01;35:*.mp4v=01;35:*.vob=01;35:*.qt=01;35:*.nuv=01;35:*.wmv=01;35:*.asf=01;35:*.rm=01;35:*.rmvb=01;35:*.flc=01;35:*.avi=01;35:*.fli=01;35:*.flv=01;35:*.gl=01;35:*.dl=01;35:*.xcf=01;35:*.xwd=01;35:*.yuv=01;35:*.cgm=01;35:*.emf=01;35:*.ogv=01;35:*.ogx=01;35:*.aac=00;36:*.au=00;36:*.flac=00;36:*.m4a=00;36:*.mid=00;36:*.midi=00;36:*.mka=00;36:*.mp3=00;36:*.mpc=00;36:*.ogg=00;36:*.ra=00;36:*.wav=00;36:*.oga=00;36:*.opus=00;36:*.spx=00;36:*.xspf=00;36:'), ('SSH_AUTH_SOCK', '/run/user/1000/keyring/ssh'), ('AMENT_PREFIX_PATH', '/home/chad/ros2_ws/src/install/mujoco_sim_test:/home/chad/ros2_ws/src/install/msg_srv_action_interface_example:/opt/ros/foxy'), ('SHELL', '/bin/bash'), ('LC_NAME', 'ko_KR.UTF-8'), ('QT_ACCESSIBILITY', '1'), ('GDMSESSION', 'ubuntu'), ('LESSCLOSE', '/usr/bin/lesspipe %s %s'), ('LC_MEASUREMENT', 'ko_KR.UTF-8'), ('GPG_AGENT_INFO', '/run/user/1000/gnupg/S.gpg-agent:0:1'), ('LC_IDENTIFICATION', 'ko_KR.UTF-8'), ('QT_IM_MODULE', 'ibus'), ('PWD', '/home/chad/ros2_ws/src/build/mujoco_sim_test'), ('LC_ALL', 'en_US.UTF-8'), ('XDG_CONFIG_DIRS', '/etc/xdg/xdg-ubuntu:/etc/xdg'), ('XDG_DATA_DIRS', '/usr/share/ubuntu:/usr/local/share/:/usr/share/:/var/lib/snapd/desktop'), ('PYTHONPATH', '/home/chad/ros2_ws/src/install/msg_srv_action_interface_example/lib/python3.8/site-packages:/opt/ros/foxy/lib/python3.8/site-packages'), ('LC_NUMERIC', 'ko_KR.UTF-8'), ('LC_PAPER', 'ko_KR.UTF-8'), ('COLCON', '1'), ('VTE_VERSION', '6003'), ('CMAKE_PREFIX_PATH', '/home/chad/ros2_ws/src/install/msg_srv_action_interface_example:/home/chad/ros2_ws/src/install/mujoco_sim_test:/opt/ros/foxy')]), 'shell': False}
[0.056366] (mujoco_sim_test) StdoutLine: {'line': b'-- Found ament_cmake: 0.9.12 (/opt/ros/foxy/share/ament_cmake/cmake)\n'}
[0.085579] (mujoco_sim_test) StdoutLine: {'line': b'-- Using PYTHON_EXECUTABLE: /usr/bin/python3\n'}
[0.099386] (-) TimerEvent: {}
[0.199922] (-) TimerEvent: {}
[0.284739] (mujoco_sim_test) StdoutLine: {'line': b'-- Override CMake install command with custom implementation using symlinks instead of copying resources\n'}
[0.296644] (mujoco_sim_test) StdoutLine: {'line': b'-- Found msg_srv_action_interface_example: 0.0.0 (/home/chad/ros2_ws/src/install/msg_srv_action_interface_example/share/msg_srv_action_interface_example/cmake)\n'}
[0.299988] (-) TimerEvent: {}
[0.318352] (mujoco_sim_test) StdoutLine: {'line': b'-- Using all available rosidl_typesupport_c: rosidl_typesupport_fastrtps_c;rosidl_typesupport_introspection_c\n'}
[0.321930] (mujoco_sim_test) StdoutLine: {'line': b'-- Found rosidl_adapter: 1.3.1 (/opt/ros/foxy/share/rosidl_adapter/cmake)\n'}
[0.400123] (-) TimerEvent: {}
[0.429957] (mujoco_sim_test) StdoutLine: {'line': b'-- Using all available rosidl_typesupport_cpp: rosidl_typesupport_fastrtps_cpp;rosidl_typesupport_introspection_cpp\n'}
[0.500239] (-) TimerEvent: {}
[0.591621] (mujoco_sim_test) StdoutLine: {'line': b'-- Found rclcpp: 2.4.3 (/opt/ros/foxy/share/rclcpp/cmake)\n'}
[0.600325] (-) TimerEvent: {}
[0.631300] (mujoco_sim_test) StdoutLine: {'line': b'-- Found rmw_implementation_cmake: 1.0.4 (/opt/ros/foxy/share/rmw_implementation_cmake/cmake)\n'}
[0.632951] (mujoco_sim_test) StdoutLine: {'line': b"-- Using RMW implementation 'rmw_fastrtps_cpp' as default\n"}
[0.700506] (-) TimerEvent: {}
[0.800977] (-) TimerEvent: {}
[0.801439] (mujoco_sim_test) StdoutLine: {'line': b'-- Found rclcpp_action: 2.4.3 (/opt/ros/foxy/share/rclcpp_action/cmake)\n'}
[0.838940] (mujoco_sim_test) StdoutLine: {'line': b'-- Found ament_lint_auto: 0.9.8 (/opt/ros/foxy/share/ament_lint_auto/cmake)\n'}
[0.901129] (-) TimerEvent: {}
[0.918963] (mujoco_sim_test) StdoutLine: {'line': b"-- Added test 'copyright' to check source files copyright and LICENSE\n"}
[0.921247] (mujoco_sim_test) StdoutLine: {'line': b"-- Added test 'cppcheck' to perform static code analysis on C / C++ code\n"}
[0.921503] (mujoco_sim_test) StdoutLine: {'line': b'-- Configured cppcheck include dirs: /home/chad/ros2_ws/src/mujoco_sim_test/include;/home/chad/ros2_ws/src/mujoco_sim_test/../../mujoco_3.1.6/include/\n'}
[0.921675] (mujoco_sim_test) StdoutLine: {'line': b'-- Configured cppcheck exclude dirs and/or files: \n'}
[0.923591] (mujoco_sim_test) StdoutLine: {'line': b"-- Added test 'cpplint' to check C / C++ code against the Google style\n"}
[0.923799] (mujoco_sim_test) StdoutLine: {'line': b'-- Configured cpplint exclude dirs and/or files: \n'}
[0.924659] (mujoco_sim_test) StdoutLine: {'line': b"-- Added test 'lint_cmake' to check CMake code style\n"}
[0.926999] (mujoco_sim_test) StdoutLine: {'line': b"-- Added test 'uncrustify' to check C / C++ code style\n"}
[0.927225] (mujoco_sim_test) StdoutLine: {'line': b'-- Configured uncrustify additional arguments: \n'}
[0.927513] (mujoco_sim_test) StdoutLine: {'line': b"-- Added test 'xmllint' to check XML markup files\n"}
[0.930550] (mujoco_sim_test) StdoutLine: {'line': b'-- Configuring done\n'}
[0.943687] (mujoco_sim_test) StdoutLine: {'line': b'-- Generating done\n'}
[0.945361] (mujoco_sim_test) StdoutLine: {'line': b'-- Build files have been written to: /home/chad/ros2_ws/src/build/mujoco_sim_test\n'}
[0.984094] (mujoco_sim_test) StdoutLine: {'line': b'\x1b[35m\x1b[1mScanning dependencies of target publish_node\x1b[0m\n'}
[1.001272] (-) TimerEvent: {}
[1.014626] (mujoco_sim_test) StdoutLine: {'line': b'[ 50%] Built target mujoco_sim_node\n'}
[1.028736] (mujoco_sim_test) StdoutLine: {'line': b'[ 75%] \x1b[32mBuilding CXX object CMakeFiles/publish_node.dir/src/publisher.cpp.o\x1b[0m\n'}
[1.101395] (-) TimerEvent: {}
[1.201828] (-) TimerEvent: {}
[1.302267] (-) TimerEvent: {}
[1.402658] (-) TimerEvent: {}
[1.503160] (-) TimerEvent: {}
[1.603689] (-) TimerEvent: {}
[1.704210] (-) TimerEvent: {}
[1.804734] (-) TimerEvent: {}
[1.905215] (-) TimerEvent: {}
[2.005672] (-) TimerEvent: {}
[2.106139] (-) TimerEvent: {}
[2.206688] (-) TimerEvent: {}
[2.307130] (-) TimerEvent: {}
[2.361668] (mujoco_sim_test) StderrLine: {'line': b'\x1b[01m\x1b[K/home/chad/ros2_ws/src/mujoco_sim_test/src/publisher.cpp:34:24:\x1b[m\x1b[K \x1b[01;31m\x1b[Kerror: \x1b[m\x1b[K\xe2\x80\x98\x1b[01m\x1b[KsharedPtr\x1b[m\x1b[K\xe2\x80\x99 in \xe2\x80\x98\x1b[01m\x1b[Kclass rclcpp::TimerBase\x1b[m\x1b[K\xe2\x80\x99 does not name a type\n'}
[2.362004] (mujoco_sim_test) StderrLine: {'line': b'   34 |     rclcpp::TimerBase::\x1b[01;31m\x1b[KsharedPtr\x1b[m\x1b[K timer_;\n'}
[2.362167] (mujoco_sim_test) StderrLine: {'line': b'      |                        \x1b[01;31m\x1b[K^~~~~~~~~\x1b[m\x1b[K\n'}
[2.367612] (mujoco_sim_test) StderrLine: {'line': b'\x1b[01m\x1b[K/home/chad/ros2_ws/src/mujoco_sim_test/src/publisher.cpp:37:2:\x1b[m\x1b[K \x1b[01;31m\x1b[Kerror: \x1b[m\x1b[Kexpected \xe2\x80\x98\x1b[01m\x1b[K;\x1b[m\x1b[K\xe2\x80\x99 after class definition\n'}
[2.367814] (mujoco_sim_test) StderrLine: {'line': b'   37 | }\n'}
[2.368055] (mujoco_sim_test) StderrLine: {'line': b'      |  \x1b[01;31m\x1b[K^\x1b[m\x1b[K\n'}
[2.368189] (mujoco_sim_test) StderrLine: {'line': b'      |  \x1b[32m\x1b[K;\x1b[m\x1b[K\n'}
[2.368311] (mujoco_sim_test) StderrLine: {'line': b'\x1b[01m\x1b[K/home/chad/ros2_ws/src/mujoco_sim_test/src/publisher.cpp:\x1b[m\x1b[K In constructor \xe2\x80\x98\x1b[01m\x1b[KTestPublisher::TestPublisher()\x1b[m\x1b[K\xe2\x80\x99:\n'}
[2.368430] (mujoco_sim_test) StderrLine: {'line': b'\x1b[01m\x1b[K/home/chad/ros2_ws/src/mujoco_sim_test/src/publisher.cpp:19:36:\x1b[m\x1b[K \x1b[01;31m\x1b[Kerror: \x1b[m\x1b[K\xe2\x80\x98\x1b[01m\x1b[KQos\x1b[m\x1b[K\xe2\x80\x99 is not a member of \xe2\x80\x98\x1b[01m\x1b[Krclcpp\x1b[m\x1b[K\xe2\x80\x99; did you mean \xe2\x80\x98\x1b[01m\x1b[KQoS\x1b[m\x1b[K\xe2\x80\x99?\n'}
[2.368553] (mujoco_sim_test) StderrLine: {'line': b'   19 |         auto qos_profile = rclcpp::\x1b[01;31m\x1b[KQos\x1b[m\x1b[K(rclcpp::KeepLast(10));\n'}
[2.368669] (mujoco_sim_test) StderrLine: {'line': b'      |                                    \x1b[01;31m\x1b[K^~~\x1b[m\x1b[K\n'}
[2.368779] (mujoco_sim_test) StderrLine: {'line': b'      |                                    \x1b[32m\x1b[KQoS\x1b[m\x1b[K\n'}
[2.369907] (mujoco_sim_test) StderrLine: {'line': b'\x1b[01m\x1b[K/home/chad/ros2_ws/src/mujoco_sim_test/src/publisher.cpp:22:9:\x1b[m\x1b[K \x1b[01;31m\x1b[Kerror: \x1b[m\x1b[K\xe2\x80\x98\x1b[01m\x1b[Ktimer_\x1b[m\x1b[K\xe2\x80\x99 was not declared in this scope; did you mean \xe2\x80\x98\x1b[01m\x1b[Ktimer_t\x1b[m\x1b[K\xe2\x80\x99?\n'}
[2.370090] (mujoco_sim_test) StderrLine: {'line': b'   22 |         \x1b[01;31m\x1b[Ktimer_\x1b[m\x1b[K = this -> create_wall_timer(\n'}
[2.370259] (mujoco_sim_test) StderrLine: {'line': b'      |         \x1b[01;31m\x1b[K^~~~~~\x1b[m\x1b[K\n'}
[2.370421] (mujoco_sim_test) StderrLine: {'line': b'      |         \x1b[32m\x1b[Ktimer_t\x1b[m\x1b[K\n'}
[2.376393] (mujoco_sim_test) StderrLine: {'line': b'\x1b[01m\x1b[K/home/chad/ros2_ws/src/mujoco_sim_test/src/publisher.cpp:23:60:\x1b[m\x1b[K \x1b[01;31m\x1b[Kerror: \x1b[m\x1b[Kexpected \xe2\x80\x98\x1b[01m\x1b[K)\x1b[m\x1b[K\xe2\x80\x99 before \xe2\x80\x98\x1b[01m\x1b[K;\x1b[m\x1b[K\xe2\x80\x99 token\n'}
[2.376584] (mujoco_sim_test) StderrLine: {'line': b'   23 |             1s,std::bind(&TestPublisher::publish_msg, this)\x1b[01;31m\x1b[K;\x1b[m\x1b[K\n'}
[2.376744] (mujoco_sim_test) StderrLine: {'line': b'      |                                                            \x1b[01;31m\x1b[K^\x1b[m\x1b[K\n'}
[2.376905] (mujoco_sim_test) StderrLine: {'line': b'      |                                                            \x1b[32m\x1b[K)\x1b[m\x1b[K\n'}
[2.377059] (mujoco_sim_test) StderrLine: {'line': b'\x1b[01m\x1b[K/home/chad/ros2_ws/src/mujoco_sim_test/src/publisher.cpp:22:43:\x1b[m\x1b[K \x1b[01;36m\x1b[Knote: \x1b[m\x1b[Kto match this \xe2\x80\x98\x1b[01m\x1b[K(\x1b[m\x1b[K\xe2\x80\x99\n'}
[2.377215] (mujoco_sim_test) StderrLine: {'line': b'   22 |         timer_ = this -> create_wall_timer\x1b[01;36m\x1b[K(\x1b[m\x1b[K\n'}
[2.377370] (mujoco_sim_test) StderrLine: {'line': b'      |                                           \x1b[01;36m\x1b[K^\x1b[m\x1b[K\n'}
[2.377536] (mujoco_sim_test) StderrLine: {'line': b'\x1b[01m\x1b[K/home/chad/ros2_ws/src/mujoco_sim_test/src/publisher.cpp:24:9:\x1b[m\x1b[K \x1b[01;31m\x1b[Kerror: \x1b[m\x1b[Kexpected primary-expression before \xe2\x80\x98\x1b[01m\x1b[K)\x1b[m\x1b[K\xe2\x80\x99 token\n'}
[2.377696] (mujoco_sim_test) StderrLine: {'line': b'   24 |         \x1b[01;31m\x1b[K)\x1b[m\x1b[K\n'}
[2.377849] (mujoco_sim_test) StderrLine: {'line': b'      |         \x1b[01;31m\x1b[K^\x1b[m\x1b[K\n'}
[2.378001] (mujoco_sim_test) StderrLine: {'line': b'\x1b[01m\x1b[K/home/chad/ros2_ws/src/mujoco_sim_test/src/publisher.cpp:\x1b[m\x1b[K In member function \xe2\x80\x98\x1b[01m\x1b[Kvoid TestPublisher::publish_msg()\x1b[m\x1b[K\xe2\x80\x99:\n'}
[2.378150] (mujoco_sim_test) StderrLine: {'line': b'\x1b[01m\x1b[K/home/chad/ros2_ws/src/mujoco_sim_test/src/publisher.cpp:29:20:\x1b[m\x1b[K \x1b[01;31m\x1b[Kerror: \x1b[m\x1b[K\xe2\x80\x98\x1b[01m\x1b[Kstd_msg\x1b[m\x1b[K\xe2\x80\x99 has not been declared\n'}
[2.378299] (mujoco_sim_test) StderrLine: {'line': b'   29 |         auto msg = \x1b[01;31m\x1b[Kstd_msg\x1b[m\x1b[K::msg::String();\n'}
[2.378448] (mujoco_sim_test) StderrLine: {'line': b'      |                    \x1b[01;31m\x1b[K^~~~~~~\x1b[m\x1b[K\n'}
[2.407237] (-) TimerEvent: {}
[2.507632] (-) TimerEvent: {}
[2.608007] (-) TimerEvent: {}
[2.708391] (-) TimerEvent: {}
[2.761781] (mujoco_sim_test) StderrLine: {'line': b'make[2]: *** [CMakeFiles/publish_node.dir/build.make:63: CMakeFiles/publish_node.dir/src/publisher.cpp.o] Error 1\n'}
[2.762159] (mujoco_sim_test) StderrLine: {'line': b'make[1]: *** [CMakeFiles/Makefile2:80: CMakeFiles/publish_node.dir/all] Error 2\n'}
[2.762517] (mujoco_sim_test) StderrLine: {'line': b'make: *** [Makefile:141: all] Error 2\n'}
[2.765738] (mujoco_sim_test) CommandEnded: {'returncode': 2}
[2.808765] (-) TimerEvent: {}
[2.822087] (mujoco_sim_test) JobEnded: {'identifier': 'mujoco_sim_test', 'rc': 2}
[2.832636] (-) EventReactorShutdown: {}
