[0.018s] Invoking command in '/home/chad/ros2_ws/src/build/mujoco_test2': CMAKE_PREFIX_PATH=${CMAKE_PREFIX_PATH}:/opt/ros/foxy /usr/bin/cmake --build /home/chad/ros2_ws/src/build/mujoco_test2 -- -j12 -l12
[0.084s] [35m[1mScanning dependencies of target mujoco_node[0m
[0.132s] [ 33%] [32mBuilding CXX object CMakeFiles/mujoco_node.dir/src/main.cpp.o[0m
[1.679s] In file included from [01m[K/home/chad/ros2_ws/src/mujoco_test2/src/main.cpp:7[m[K:
[1.679s] /usr/include/c++/9/thread: In instantiation of â€˜[01m[Kstd::thread::thread(_Callable&&, _Args&& ...) [with _Callable = void (*)(Simulate*); _Args = {Simulate*, std::nullptr_t}; <template-parameter-1-3> = void][m[Kâ€™:
[1.679s] [01m[K/home/chad/ros2_ws/src/mujoco_test2/src/main.cpp:129:79:[m[K   required from here
[1.679s] [01m[K/usr/include/c++/9/thread:120:44:[m[K [01;31m[Kerror: [m[Kstatic assertion failed: std::thread arguments must be invocable after conversion to rvalues
[1.680s]   120 |           typename decay<_Args>::type...>::[01;31m[Kvalue[m[K,
[1.680s]       |                                            [01;31m[K^~~~~[m[K
[1.683s] /usr/include/c++/9/thread: In instantiation of â€˜[01m[Kstruct std::thread::_Invoker<std::tuple<void (*)(Simulate*), Simulate*, std::nullptr_t> >[m[Kâ€™:
[1.684s] [01m[K/usr/include/c++/9/thread:131:22:[m[K   required from â€˜[01m[Kstd::thread::thread(_Callable&&, _Args&& ...) [with _Callable = void (*)(Simulate*); _Args = {Simulate*, std::nullptr_t}; <template-parameter-1-3> = void][m[Kâ€™
[1.684s] [01m[K/home/chad/ros2_ws/src/mujoco_test2/src/main.cpp:129:79:[m[K   required from here
[1.684s] [01m[K/usr/include/c++/9/thread:243:4:[m[K [01;31m[Kerror: [m[Kno type named â€˜[01m[Ktype[m[Kâ€™ in â€˜[01m[Kstruct std::thread::_Invoker<std::tuple<void (*)(Simulate*), Simulate*, std::nullptr_t> >::__result<std::tuple<void (*)(Simulate*), Simulate*, std::nullptr_t> >[m[Kâ€™
[1.684s]   243 |    [01;31m[K_M_invoke[m[K(_Index_tuple<_Ind...>)
[1.684s]       |    [01;31m[K^~~~~~~~~[m[K
[1.684s] [01m[K/usr/include/c++/9/thread:247:2:[m[K [01;31m[Kerror: [m[Kno type named â€˜[01m[Ktype[m[Kâ€™ in â€˜[01m[Kstruct std::thread::_Invoker<std::tuple<void (*)(Simulate*), Simulate*, std::nullptr_t> >::__result<std::tuple<void (*)(Simulate*), Simulate*, std::nullptr_t> >[m[Kâ€™
[1.684s]   247 |  [01;31m[Koperator[m[K()()
[1.684s]       |  [01;31m[K^~~~~~~~[m[K
[1.991s] make[2]: *** [CMakeFiles/mujoco_node.dir/build.make:76: CMakeFiles/mujoco_node.dir/src/main.cpp.o] Error 1
[1.991s] make[1]: *** [CMakeFiles/Makefile2:78: CMakeFiles/mujoco_node.dir/all] Error 2
[1.991s] make: *** [Makefile:141: all] Error 2
[1.995s] Invoked command in '/home/chad/ros2_ws/src/build/mujoco_test2' returned '2': CMAKE_PREFIX_PATH=${CMAKE_PREFIX_PATH}:/opt/ros/foxy /usr/bin/cmake --build /home/chad/ros2_ws/src/build/mujoco_test2 -- -j12 -l12
