[35m[1mScanning dependencies of target mujoco_node[0m
[ 50%] [32mBuilding CXX object CMakeFiles/mujoco_node.dir/src/sim.cpp.o[0m
[01m[K/home/chad/ros2_ws/src/mujoco_test2/src/sim.cpp:2:10:[m[K [01;31m[Kfatal error: [m[Ksim.hpp: No such file or directory
    2 | #include [01;31m[K"sim.hpp"[m[K
      |          [01;31m[K^~~~~~~~~[m[K
compilation terminated.
make[2]: *** [CMakeFiles/mujoco_node.dir/build.make:63: CMakeFiles/mujoco_node.dir/src/sim.cpp.o] Error 1
make[1]: *** [CMakeFiles/Makefile2:78: CMakeFiles/mujoco_node.dir/all] Error 2
make: *** [Makefile:141: all] Error 2
