[35m[1mScanning dependencies of target mujoco_node[0m
[ 50%] [32mBuilding CXX object CMakeFiles/mujoco_node.dir/src/sim.cpp.o[0m
In file included from [01m[K/home/chad/ros2_ws/src/mujoco_test2/src/sim.cpp:6[m[K:
[01m[K/usr/include/c++/9/cstring:71:8:[m[K [01;31m[Kerror: [m[Kexpected unqualified-id before string constant
   71 | extern [01;31m[K"C++"[m[K
      |        [01;31m[K^~~~~[m[K
make[2]: *** [CMakeFiles/mujoco_node.dir/build.make:63: CMakeFiles/mujoco_node.dir/src/sim.cpp.o] Error 1
make[1]: *** [CMakeFiles/Makefile2:78: CMakeFiles/mujoco_node.dir/all] Error 2
make: *** [Makefile:141: all] Error 2
