[35m[1mScanning dependencies of target mujoco_sim_node[0m
[ 25%] [32m[1mLinking CXX executable publish_node[0m
[ 50%] [32mBuilding CXX object CMakeFiles/mujoco_sim_node.dir/src/mujoco2.cpp.o[0m
/usr/bin/ld: /usr/lib/gcc/x86_64-linux-gnu/9/../../../x86_64-linux-gnu/Scrt1.o: in function `_start':
(.text+0x24): undefined reference to `main'
collect2: error: ld returned 1 exit status
make[2]: *** [CMakeFiles/publish_node.dir/build.make:131: publish_node] Error 1
make[1]: *** [CMakeFiles/Makefile2:80: CMakeFiles/publish_node.dir/all] Error 2
make[1]: *** Waiting for unfinished jobs....
[01m[K/home/chad/ros2_ws/src/mujoco_sim_test/src/mujoco2.cpp:[m[K In constructor â€˜[01m[KMujocoSimNode::MujocoSimNode()[m[Kâ€™:
[01m[K/home/chad/ros2_ws/src/mujoco_sim_test/src/mujoco2.cpp:10:3:[m[K [01;31m[Kerror: [m[Kclass â€˜[01m[KMujocoSimNode[m[Kâ€™ does not have any field named â€˜[01m[KNode[m[Kâ€™
   10 | : [01;31m[KNode[m[K("mujoco_sim_node",node_options)
      |   [01;31m[K^~~~[m[K
[01m[K/home/chad/ros2_ws/src/mujoco_sim_test/src/mujoco2.cpp:10:26:[m[K [01;31m[Kerror: [m[Kâ€˜[01m[Knode_options[m[Kâ€™ was not declared in this scope; did you mean â€˜[01m[Krcl_node_options_t[m[Kâ€™?
   10 | : Node("mujoco_sim_node",[01;31m[Knode_options[m[K)
      |                          [01;31m[K^~~~~~~~~~~~[m[K
      |                          [32m[Krcl_node_options_t[m[K
[01m[K/home/chad/ros2_ws/src/mujoco_sim_test/src/mujoco2.cpp:13:11:[m[K [01;31m[Kerror: [m[Kâ€˜[01m[Kclass MujocoSimNode[m[Kâ€™ has no member named â€˜[01m[Kdeclare_parameter[m[Kâ€™
   13 |     this->[01;31m[Kdeclare_parameter[m[K("qos_depth", 10);
      |           [01;31m[K^~~~~~~~~~~~~~~~~[m[K
[01m[K/home/chad/ros2_ws/src/mujoco_sim_test/src/mujoco2.cpp:15:11:[m[K [01;31m[Kerror: [m[Kâ€˜[01m[Kclass MujocoSimNode[m[Kâ€™ has no member named â€˜[01m[Kget_parameter[m[Kâ€™
   15 |     this->[01;31m[Kget_parameter[m[K("qos_depth", qos_depth);
      |           [01;31m[K^~~~~~~~~~~~~[m[K
In file included from [01m[K/opt/ros/foxy/include/rclcpp/service.hpp:34[m[K,
                 from [01m[K/opt/ros/foxy/include/rclcpp/callback_group.hpp:25[m[K,
                 from [01m[K/opt/ros/foxy/include/rclcpp/any_executable.hpp:20[m[K,
                 from [01m[K/opt/ros/foxy/include/rclcpp/memory_strategy.hpp:24[m[K,
                 from [01m[K/opt/ros/foxy/include/rclcpp/memory_strategies.hpp:18[m[K,
                 from [01m[K/opt/ros/foxy/include/rclcpp/executor_options.hpp:20[m[K,
                 from [01m[K/opt/ros/foxy/include/rclcpp/executor.hpp:33[m[K,
                 from [01m[K/opt/ros/foxy/include/rclcpp/executors/multi_threaded_executor.hpp:26[m[K,
                 from [01m[K/opt/ros/foxy/include/rclcpp/executors.hpp:21[m[K,
                 from [01m[K/opt/ros/foxy/include/rclcpp/rclcpp.hpp:146[m[K,
                 from [01m[K/home/chad/ros2_ws/src/mujoco_sim_test/include/mujoco2.hpp:16[m[K,
                 from [01m[K/home/chad/ros2_ws/src/mujoco_sim_test/src/mujoco2.cpp:3[m[K:
[01m[K/home/chad/ros2_ws/src/mujoco_sim_test/src/mujoco2.cpp:21:23:[m[K [01;31m[Kerror: [m[Kâ€˜[01m[Kclass MujocoSimNode[m[Kâ€™ has no member named â€˜[01m[Kget_logger[m[Kâ€™
   21 |     RCLCPP_INFO(this->[01;31m[Kget_logger[m[K(), "Starting MuJoCo Simulation Node");
      |                       [01;31m[K^~~~~~~~~~[m[K
[01m[K/home/chad/ros2_ws/src/mujoco_sim_test/src/mujoco2.cpp:21:23:[m[K [01;31m[Kerror: [m[Kâ€˜[01m[Kclass MujocoSimNode[m[Kâ€™ has no member named â€˜[01m[Kget_logger[m[Kâ€™
[01m[K/home/chad/ros2_ws/src/mujoco_sim_test/src/mujoco2.cpp:21:5:[m[K [01;31m[Kerror: [m[Ktemplate argument 1 is invalid
   21 |     [01;31m[KRCLCPP_INFO[m[K(this->get_logger(), "Starting MuJoCo Simulation Node");
      |     [01;31m[K^~~~~~~~~~~[m[K
[01m[K/home/chad/ros2_ws/src/mujoco_sim_test/src/mujoco2.cpp:21:5:[m[K [01;31m[Kerror: [m[Ktemplate argument 1 is invalid
   21 |     [01;31m[KRCLCPP_INFO[m[K(this->get_logger(), "Starting MuJoCo Simulation Node");
      |     [01;31m[K^~~~~~~~~~~[m[K
[01m[K/home/chad/ros2_ws/src/mujoco_sim_test/src/mujoco2.cpp:21:5:[m[K [01;31m[Kerror: [m[Ktemplate argument 1 is invalid
   21 |     [01;31m[KRCLCPP_INFO[m[K(this->get_logger(), "Starting MuJoCo Simulation Node");
      |     [01;31m[K^~~~~~~~~~~[m[K
In file included from [01m[K/opt/ros/foxy/include/rclcpp/client.hpp:40[m[K,
                 from [01m[K/opt/ros/foxy/include/rclcpp/callback_group.hpp:23[m[K,
                 from [01m[K/opt/ros/foxy/include/rclcpp/any_executable.hpp:20[m[K,
                 from [01m[K/opt/ros/foxy/include/rclcpp/memory_strategy.hpp:24[m[K,
                 from [01m[K/opt/ros/foxy/include/rclcpp/memory_strategies.hpp:18[m[K,
                 from [01m[K/opt/ros/foxy/include/rclcpp/executor_options.hpp:20[m[K,
                 from [01m[K/opt/ros/foxy/include/rclcpp/executor.hpp:33[m[K,
                 from [01m[K/opt/ros/foxy/include/rclcpp/executors/multi_threaded_executor.hpp:26[m[K,
                 from [01m[K/opt/ros/foxy/include/rclcpp/executors.hpp:21[m[K,
                 from [01m[K/opt/ros/foxy/include/rclcpp/rclcpp.hpp:146[m[K,
                 from [01m[K/home/chad/ros2_ws/src/mujoco_sim_test/include/mujoco2.hpp:16[m[K,
                 from [01m[K/home/chad/ros2_ws/src/mujoco_sim_test/src/mujoco2.cpp:3[m[K:
[01m[K/home/chad/ros2_ws/src/mujoco_sim_test/src/mujoco2.cpp:21:23:[m[K [01;31m[Kerror: [m[Kâ€˜[01m[Kclass MujocoSimNode[m[Kâ€™ has no member named â€˜[01m[Kget_logger[m[Kâ€™
   21 |     RCLCPP_INFO(this->[01;31m[Kget_logger[m[K(), "Starting MuJoCo Simulation Node");
      |                       [01;31m[K^~~~~~~~~~[m[K
[01m[K/home/chad/ros2_ws/src/mujoco_sim_test/src/mujoco2.cpp:21:23:[m[K [01;31m[Kerror: [m[Kâ€˜[01m[Kclass MujocoSimNode[m[Kâ€™ has no member named â€˜[01m[Kget_logger[m[Kâ€™
   21 |     RCLCPP_INFO(this->[01;31m[Kget_logger[m[K(), "Starting MuJoCo Simulation Node");
      |                       [01;31m[K^~~~~~~~~~[m[K
In file included from [01m[K/opt/ros/foxy/include/rclcpp/service.hpp:34[m[K,
                 from [01m[K/opt/ros/foxy/include/rclcpp/callback_group.hpp:25[m[K,
                 from [01m[K/opt/ros/foxy/include/rclcpp/any_executable.hpp:20[m[K,
                 from [01m[K/opt/ros/foxy/include/rclcpp/memory_strategy.hpp:24[m[K,
                 from [01m[K/opt/ros/foxy/include/rclcpp/memory_strategies.hpp:18[m[K,
                 from [01m[K/opt/ros/foxy/include/rclcpp/executor_options.hpp:20[m[K,
                 from [01m[K/opt/ros/foxy/include/rclcpp/executor.hpp:33[m[K,
                 from [01m[K/opt/ros/foxy/include/rclcpp/executors/multi_threaded_executor.hpp:26[m[K,
                 from [01m[K/opt/ros/foxy/include/rclcpp/executors.hpp:21[m[K,
                 from [01m[K/opt/ros/foxy/include/rclcpp/rclcpp.hpp:146[m[K,
                 from [01m[K/home/chad/ros2_ws/src/mujoco_sim_test/include/mujoco2.hpp:16[m[K,
                 from [01m[K/home/chad/ros2_ws/src/mujoco_sim_test/src/mujoco2.cpp:3[m[K:
[01m[K/home/chad/ros2_ws/src/mujoco_sim_test/src/mujoco2.cpp:38:28:[m[K [01;31m[Kerror: [m[Kâ€˜[01m[Kclass MujocoSimNode[m[Kâ€™ has no member named â€˜[01m[Kget_logger[m[Kâ€™
   38 |         RCLCPP_ERROR(this->[01;31m[Kget_logger[m[K(), "MuJoCo model load error: %s", error);
      |                            [01;31m[K^~~~~~~~~~[m[K
[01m[K/home/chad/ros2_ws/src/mujoco_sim_test/src/mujoco2.cpp:38:28:[m[K [01;31m[Kerror: [m[Kâ€˜[01m[Kclass MujocoSimNode[m[Kâ€™ has no member named â€˜[01m[Kget_logger[m[Kâ€™
[01m[K/home/chad/ros2_ws/src/mujoco_sim_test/src/mujoco2.cpp:38:9:[m[K [01;31m[Kerror: [m[Ktemplate argument 1 is invalid
   38 |         [01;31m[KRCLCPP_ERROR[m[K(this->get_logger(), "MuJoCo model load error: %s", error);
      |         [01;31m[K^~~~~~~~~~~~[m[K
[01m[K/home/chad/ros2_ws/src/mujoco_sim_test/src/mujoco2.cpp:38:9:[m[K [01;31m[Kerror: [m[Ktemplate argument 1 is invalid
   38 |         [01;31m[KRCLCPP_ERROR[m[K(this->get_logger(), "MuJoCo model load error: %s", error);
      |         [01;31m[K^~~~~~~~~~~~[m[K
[01m[K/home/chad/ros2_ws/src/mujoco_sim_test/src/mujoco2.cpp:38:9:[m[K [01;31m[Kerror: [m[Ktemplate argument 1 is invalid
   38 |         [01;31m[KRCLCPP_ERROR[m[K(this->get_logger(), "MuJoCo model load error: %s", error);
      |         [01;31m[K^~~~~~~~~~~~[m[K
In file included from [01m[K/opt/ros/foxy/include/rclcpp/client.hpp:40[m[K,
                 from [01m[K/opt/ros/foxy/include/rclcpp/callback_group.hpp:23[m[K,
                 from [01m[K/opt/ros/foxy/include/rclcpp/any_executable.hpp:20[m[K,
                 from [01m[K/opt/ros/foxy/include/rclcpp/memory_strategy.hpp:24[m[K,
                 from [01m[K/opt/ros/foxy/include/rclcpp/memory_strategies.hpp:18[m[K,
                 from [01m[K/opt/ros/foxy/include/rclcpp/executor_options.hpp:20[m[K,
                 from [01m[K/opt/ros/foxy/include/rclcpp/executor.hpp:33[m[K,
                 from [01m[K/opt/ros/foxy/include/rclcpp/executors/multi_threaded_executor.hpp:26[m[K,
                 from [01m[K/opt/ros/foxy/include/rclcpp/executors.hpp:21[m[K,
                 from [01m[K/opt/ros/foxy/include/rclcpp/rclcpp.hpp:146[m[K,
                 from [01m[K/home/chad/ros2_ws/src/mujoco_sim_test/include/mujoco2.hpp:16[m[K,
                 from [01m[K/home/chad/ros2_ws/src/mujoco_sim_test/src/mujoco2.cpp:3[m[K:
[01m[K/home/chad/ros2_ws/src/mujoco_sim_test/src/mujoco2.cpp:38:28:[m[K [01;31m[Kerror: [m[Kâ€˜[01m[Kclass MujocoSimNode[m[Kâ€™ has no member named â€˜[01m[Kget_logger[m[Kâ€™
   38 |         RCLCPP_ERROR(this->[01;31m[Kget_logger[m[K(), "MuJoCo model load error: %s", error);
      |                            [01;31m[K^~~~~~~~~~[m[K
[01m[K/home/chad/ros2_ws/src/mujoco_sim_test/src/mujoco2.cpp:38:28:[m[K [01;31m[Kerror: [m[Kâ€˜[01m[Kclass MujocoSimNode[m[Kâ€™ has no member named â€˜[01m[Kget_logger[m[Kâ€™
   38 |         RCLCPP_ERROR(this->[01;31m[Kget_logger[m[K(), "MuJoCo model load error: %s", error);
      |                            [01;31m[K^~~~~~~~~~[m[K
[01m[K/home/chad/ros2_ws/src/mujoco_sim_test/src/mujoco2.cpp:85:20:[m[K [01;31m[Kerror: [m[Kâ€˜[01m[Kclass MujocoSimNode[m[Kâ€™ has no member named â€˜[01m[Kcreate_wall_timer[m[Kâ€™
   85 |     timer_ = this->[01;31m[Kcreate_wall_timer[m[K(
      |                    [01;31m[K^~~~~~~~~~~~~~~~~[m[K
[01m[K/home/chad/ros2_ws/src/mujoco_sim_test/src/mujoco2.cpp:87:35:[m[K [01;31m[Kerror: [m[Kâ€˜[01m[Ksimulation_loop[m[Kâ€™ is not a member of â€˜[01m[KMujocoSimNode[m[Kâ€™
   87 |         std::bind(&MujocoSimNode::[01;31m[Ksimulation_loop[m[K, this));
      |                                   [01;31m[K^~~~~~~~~~~~~~~[m[K
[01m[K/home/chad/ros2_ws/src/mujoco_sim_test/src/mujoco2.cpp:[m[K At global scope:
[01m[K/home/chad/ros2_ws/src/mujoco_sim_test/src/mujoco2.cpp:103:6:[m[K [01;31m[Kerror: [m[Kno declaration matches â€˜[01m[Kvoid MujocoSimNode::simulation_loop()[m[Kâ€™
  103 | void [01;31m[KMujocoSimNode[m[K::simulation_loop()
      |      [01;31m[K^~~~~~~~~~~~~[m[K
[01m[K/home/chad/ros2_ws/src/mujoco_sim_test/src/mujoco2.cpp:103:6:[m[K [01;36m[Knote: [m[Kno functions named â€˜[01m[Kvoid MujocoSimNode::simulation_loop()[m[Kâ€™
In file included from [01m[K/home/chad/ros2_ws/src/mujoco_sim_test/src/mujoco2.cpp:3[m[K:
[01m[K/home/chad/ros2_ws/src/mujoco_sim_test/include/mujoco2.hpp:26:7:[m[K [01;36m[Knote: [m[Kâ€˜[01m[Kclass MujocoSimNode[m[Kâ€™ defined here
   26 | class [01;36m[KMujocoSimNode[m[K// : public rclcpp::Node
      |       [01;36m[K^~~~~~~~~~~~~[m[K
make[2]: *** [CMakeFiles/mujoco_sim_node.dir/build.make:63: CMakeFiles/mujoco_sim_node.dir/src/mujoco2.cpp.o] Error 1
make[1]: *** [CMakeFiles/Makefile2:107: CMakeFiles/mujoco_sim_node.dir/all] Error 2
make: *** [Makefile:141: all] Error 2
