[35m[1mScanning dependencies of target publish_node[0m
[35m[1mScanning dependencies of target mujoco_sim_node[0m
[ 25%] [32mBuilding CXX object CMakeFiles/publish_node.dir/src/publisher.cpp.o[0m
[ 50%] [32mBuilding CXX object CMakeFiles/mujoco_sim_node.dir/src/mujoco2.cpp.o[0m
[01m[K/home/chad/ros2_ws/src/mujoco_sim_test/src/publisher.cpp:[m[K In member function â€˜[01m[Kvoid TestPublisher::publish_msg()[m[Kâ€™:
[01m[K/home/chad/ros2_ws/src/mujoco_sim_test/src/publisher.cpp:32:13:[m[K [01;31m[Kerror: [m[Kno match for â€˜[01m[Koperator~[m[Kâ€™ (operand type is â€˜[01m[KTestPublisher[m[Kâ€™)
   32 |             [01;31m[K~TestPublisher()[m[K;
      |             [01;31m[K^~~~~~~~~~~~~~~~[m[K
In file included from [01m[K/opt/ros/foxy/include/rclcpp/executors.hpp:18[m[K,
                 from [01m[K/opt/ros/foxy/include/rclcpp/rclcpp.hpp:146[m[K,
                 from [01m[K/home/chad/ros2_ws/src/mujoco_sim_test/src/publisher.cpp:6[m[K:
[01m[K/usr/include/c++/9/future:161:20:[m[K [01;36m[Knote: [m[Kcandidate: â€˜[01m[Kconstexpr std::launch std::operator~(std::launch)[m[Kâ€™
  161 |   constexpr launch [01;36m[Koperator[m[K~(launch __x)
      |                    [01;36m[K^~~~~~~~[m[K
[01m[K/usr/include/c++/9/future:161:37:[m[K [01;36m[Knote: [m[K  no known conversion for argument 1 from â€˜[01m[KTestPublisher[m[Kâ€™ to â€˜[01m[Kstd::launch[m[Kâ€™
  161 | ch operator~([01;36m[Klaunch __x[m[K)
      |              [01;36m[K~~~~~~~^~~[m[K

In file included from [01m[K/usr/include/c++/9/ios:42[m[K,
                 from [01m[K/usr/include/c++/9/ostream:38[m[K,
                 from [01m[K/usr/include/c++/9/iostream:39[m[K,
                 from [01m[K/opt/ros/foxy/include/rclcpp/executor.hpp:22[m[K,
                 from [01m[K/opt/ros/foxy/include/rclcpp/executors/multi_threaded_executor.hpp:26[m[K,
                 from [01m[K/opt/ros/foxy/include/rclcpp/executors.hpp:21[m[K,
                 from [01m[K/opt/ros/foxy/include/rclcpp/rclcpp.hpp:146[m[K,
                 from [01m[K/home/chad/ros2_ws/src/mujoco_sim_test/src/publisher.cpp:6[m[K:
[01m[K/usr/include/c++/9/bits/ios_base.h:95:3:[m[K [01;36m[Knote: [m[Kcandidate: â€˜[01m[Kconstexpr std::_Ios_Fmtflags std::operator~(std::_Ios_Fmtflags)[m[Kâ€™
   95 |   [01;36m[Koperator[m[K~(_Ios_Fmtflags __a)
      |   [01;36m[K^~~~~~~~[m[K
[01m[K/usr/include/c++/9/bits/ios_base.h:95:27:[m[K [01;36m[Knote: [m[K  no known conversion for argument 1 from â€˜[01m[KTestPublisher[m[Kâ€™ to â€˜[01m[Kstd::_Ios_Fmtflags[m[Kâ€™
   95 |   operator~([01;36m[K_Ios_Fmtflags __a[m[K)
      |             [01;36m[K~~~~~~~~~~~~~~^~~[m[K
[01m[K/usr/include/c++/9/bits/ios_base.h:137:3:[m[K [01;36m[Knote: [m[Kcandidate: â€˜[01m[Kconstexpr std::_Ios_Openmode std::operator~(std::_Ios_Openmode)[m[Kâ€™
  137 |   [01;36m[Koperator[m[K~(_Ios_Openmode __a)
      |   [01;36m[K^~~~~~~~[m[K
[01m[K/usr/include/c++/9/bits/ios_base.h:137:27:[m[K [01;36m[Knote: [m[K  no known conversion for argument 1 from â€˜[01m[KTestPublisher[m[Kâ€™ to â€˜[01m[Kstd::_Ios_Openmode[m[Kâ€™
  137 |   operator~([01;36m[K_Ios_Openmode __a[m[K)
      |             [01;36m[K~~~~~~~~~~~~~~^~~[m[K
[01m[K/usr/include/c++/9/bits/ios_base.h:177:3:[m[K [01;36m[Knote: [m[Kcandidate: â€˜[01m[Kconstexpr std::_Ios_Iostate std::operator~(std::_Ios_Iostate)[m[Kâ€™
  177 |   [01;36m[Koperator[m[K~(_Ios_Iostate __a)
      |   [01;36m[K^~~~~~~~[m[K
[01m[K/usr/include/c++/9/bits/ios_base.h:177:26:[m[K [01;36m[Knote: [m[K  no known conversion for argument 1 from â€˜[01m[KTestPublisher[m[Kâ€™ to â€˜[01m[Kstd::_Ios_Iostate[m[Kâ€™
  177 |   operator~([01;36m[K_Ios_Iostate __a[m[K)
      |             [01;36m[K~~~~~~~~~~~~~^~~[m[K
make[2]: *** [CMakeFiles/publish_node.dir/build.make:63: CMakeFiles/publish_node.dir/src/publisher.cpp.o] Error 1
make[1]: *** [CMakeFiles/Makefile2:80: CMakeFiles/publish_node.dir/all] Error 2
make[1]: *** Waiting for unfinished jobs....
[ 75%] [32m[1mLinking CXX executable mujoco_sim_node[0m
[ 75%] Built target mujoco_sim_node
make: *** [Makefile:141: all] Error 2
