[0.021s] Invoking command in '/home/chad/ros2_ws/src/build/mujoco_sim_test': CMAKE_PREFIX_PATH=/home/chad/ros2_ws/src/install/msg_srv_action_interface_example:/home/chad/ros2_ws/src/install/mujoco_sim_test:/opt/ros/foxy /usr/bin/cmake --build /home/chad/ros2_ws/src/build/mujoco_sim_test -- -j12 -l12
[0.086s] [35m[1mScanning dependencies of target publish_node[0m
[0.088s] [35m[1mScanning dependencies of target mujoco_sim_node[0m
[0.121s] [ 25%] [32mBuilding CXX object CMakeFiles/publish_node.dir/src/publisher.cpp.o[0m
[0.127s] [ 50%] [32mBuilding CXX object CMakeFiles/mujoco_sim_node.dir/src/mujoco2.cpp.o[0m
[1.515s] [01m[K/home/chad/ros2_ws/src/mujoco_sim_test/src/publisher.cpp:[m[K In member function â€˜[01m[Kvoid TestPublisher::publish_msg()[m[Kâ€™:
[1.515s] [01m[K/home/chad/ros2_ws/src/mujoco_sim_test/src/publisher.cpp:32:13:[m[K [01;31m[Kerror: [m[Kno match for â€˜[01m[Koperator~[m[Kâ€™ (operand type is â€˜[01m[KTestPublisher[m[Kâ€™)
[1.515s]    32 |             [01;31m[K~TestPublisher()[m[K;
[1.515s]       |             [01;31m[K^~~~~~~~~~~~~~~~[m[K
[1.516s] In file included from [01m[K/opt/ros/foxy/include/rclcpp/executors.hpp:18[m[K,
[1.516s]                  from [01m[K/opt/ros/foxy/include/rclcpp/rclcpp.hpp:146[m[K,
[1.516s]                  from [01m[K/home/chad/ros2_ws/src/mujoco_sim_test/src/publisher.cpp:6[m[K:
[1.516s] [01m[K/usr/include/c++/9/future:161:20:[m[K [01;36m[Knote: [m[Kcandidate: â€˜[01m[Kconstexpr std::launch std::operator~(std::launch)[m[Kâ€™
[1.516s]   161 |   constexpr launch [01;36m[Koperator[m[K~(launch __x)
[1.516s]       |                    [01;36m[K^~~~~~~~[m[K
[1.516s] [01m[K/usr/include/c++/9/future:161:37:[m[K [01;36m[Knote: [m[K  no known conversion for argument 1 from â€˜[01m[KTestPublisher[m[Kâ€™ to â€˜[01m[Kstd::launch[m[Kâ€™
[1.517s]   161 | ch operator~([01;36m[Klaunch __x[m[K)
[1.517s]       |              [01;36m[K~~~~~~~^~~[m[K
[1.517s] 
[1.518s] In file included from [01m[K/usr/include/c++/9/ios:42[m[K,
[1.518s]                  from [01m[K/usr/include/c++/9/ostream:38[m[K,
[1.518s]                  from [01m[K/usr/include/c++/9/iostream:39[m[K,
[1.518s]                  from [01m[K/opt/ros/foxy/include/rclcpp/executor.hpp:22[m[K,
[1.518s]                  from [01m[K/opt/ros/foxy/include/rclcpp/executors/multi_threaded_executor.hpp:26[m[K,
[1.518s]                  from [01m[K/opt/ros/foxy/include/rclcpp/executors.hpp:21[m[K,
[1.518s]                  from [01m[K/opt/ros/foxy/include/rclcpp/rclcpp.hpp:146[m[K,
[1.519s]                  from [01m[K/home/chad/ros2_ws/src/mujoco_sim_test/src/publisher.cpp:6[m[K:
[1.519s] [01m[K/usr/include/c++/9/bits/ios_base.h:95:3:[m[K [01;36m[Knote: [m[Kcandidate: â€˜[01m[Kconstexpr std::_Ios_Fmtflags std::operator~(std::_Ios_Fmtflags)[m[Kâ€™
[1.519s]    95 |   [01;36m[Koperator[m[K~(_Ios_Fmtflags __a)
[1.519s]       |   [01;36m[K^~~~~~~~[m[K
[1.519s] [01m[K/usr/include/c++/9/bits/ios_base.h:95:27:[m[K [01;36m[Knote: [m[K  no known conversion for argument 1 from â€˜[01m[KTestPublisher[m[Kâ€™ to â€˜[01m[Kstd::_Ios_Fmtflags[m[Kâ€™
[1.519s]    95 |   operator~([01;36m[K_Ios_Fmtflags __a[m[K)
[1.520s]       |             [01;36m[K~~~~~~~~~~~~~~^~~[m[K
[1.520s] [01m[K/usr/include/c++/9/bits/ios_base.h:137:3:[m[K [01;36m[Knote: [m[Kcandidate: â€˜[01m[Kconstexpr std::_Ios_Openmode std::operator~(std::_Ios_Openmode)[m[Kâ€™
[1.520s]   137 |   [01;36m[Koperator[m[K~(_Ios_Openmode __a)
[1.520s]       |   [01;36m[K^~~~~~~~[m[K
[1.520s] [01m[K/usr/include/c++/9/bits/ios_base.h:137:27:[m[K [01;36m[Knote: [m[K  no known conversion for argument 1 from â€˜[01m[KTestPublisher[m[Kâ€™ to â€˜[01m[Kstd::_Ios_Openmode[m[Kâ€™
[1.520s]   137 |   operator~([01;36m[K_Ios_Openmode __a[m[K)
[1.520s]       |             [01;36m[K~~~~~~~~~~~~~~^~~[m[K
[1.521s] [01m[K/usr/include/c++/9/bits/ios_base.h:177:3:[m[K [01;36m[Knote: [m[Kcandidate: â€˜[01m[Kconstexpr std::_Ios_Iostate std::operator~(std::_Ios_Iostate)[m[Kâ€™
[1.521s]   177 |   [01;36m[Koperator[m[K~(_Ios_Iostate __a)
[1.521s]       |   [01;36m[K^~~~~~~~[m[K
[1.521s] [01m[K/usr/include/c++/9/bits/ios_base.h:177:26:[m[K [01;36m[Knote: [m[K  no known conversion for argument 1 from â€˜[01m[KTestPublisher[m[Kâ€™ to â€˜[01m[Kstd::_Ios_Iostate[m[Kâ€™
[1.521s]   177 |   operator~([01;36m[K_Ios_Iostate __a[m[K)
[1.521s]       |             [01;36m[K~~~~~~~~~~~~~^~~[m[K
[2.465s] make[2]: *** [CMakeFiles/publish_node.dir/build.make:63: CMakeFiles/publish_node.dir/src/publisher.cpp.o] Error 1
[2.465s] make[1]: *** [CMakeFiles/Makefile2:80: CMakeFiles/publish_node.dir/all] Error 2
[2.465s] make[1]: *** Waiting for unfinished jobs....
[5.411s] [ 75%] [32m[1mLinking CXX executable mujoco_sim_node[0m
[5.697s] [ 75%] Built target mujoco_sim_node
[5.698s] make: *** [Makefile:141: all] Error 2
[5.701s] Invoked command in '/home/chad/ros2_ws/src/build/mujoco_sim_test' returned '2': CMAKE_PREFIX_PATH=/home/chad/ros2_ws/src/install/msg_srv_action_interface_example:/home/chad/ros2_ws/src/install/mujoco_sim_test:/opt/ros/foxy /usr/bin/cmake --build /home/chad/ros2_ws/src/build/mujoco_sim_test -- -j12 -l12
