[35m[1mScanning dependencies of target publish_node[0m
[ 50%] Built target mujoco_sim_node
[ 75%] [32mBuilding CXX object CMakeFiles/publish_node.dir/src/publisher.cpp.o[0m
[01m[K/home/chad/ros2_ws/src/mujoco_sim_test/src/publisher.cpp:[m[K In member function â€˜[01m[Kvoid TestPublisher::publish_msg()[m[Kâ€™:
[01m[K/home/chad/ros2_ws/src/mujoco_sim_test/src/publisher.cpp:29:20:[m[K [01;31m[Kerror: [m[Kâ€˜[01m[Kstd_msg[m[Kâ€™ has not been declared
   29 |         auto msg = [01;31m[Kstd_msg[m[K::msg::String();
      |                    [01;31m[K^~~~~~~[m[K
make[2]: *** [CMakeFiles/publish_node.dir/build.make:63: CMakeFiles/publish_node.dir/src/publisher.cpp.o] Error 1
make[1]: *** [CMakeFiles/Makefile2:80: CMakeFiles/publish_node.dir/all] Error 2
make: *** [Makefile:141: all] Error 2
