[0.024s] Invoking command in '/home/chad/ros2_ws/src/build/mujoco_sim_test': CMAKE_PREFIX_PATH=/home/chad/ros2_ws/src/install/msg_srv_action_interface_example:/home/chad/ros2_ws/src/install/mujoco_test2:/home/chad/robot_ws_foxy/src/install/topic_service_action_rclcpp_example:/home/chad/robot_ws_foxy/src/install/my_first_ros_rclcpp_pkg:/home/chad/robot_ws_foxy/src/install/msg_srv_action_interface_example:/home/chad/ros2_ws/src/install/mujoco_sim_test:/opt/ros/foxy LD_LIBRARY_PATH=/home/chad/ros2_ws/src/install/msg_srv_action_interface_example/lib:/home/chad/robot_ws_foxy/src/install/msg_srv_action_interface_example/lib:/opt/ros/foxy/opt/yaml_cpp_vendor/lib:/opt/ros/foxy/opt/rviz_ogre_vendor/lib:/opt/ros/foxy/lib/x86_64-linux-gnu:/opt/ros/foxy/lib PYTHONPATH=/home/chad/ros2_ws/src/install/msg_srv_action_interface_example/lib/python3.8/site-packages:/home/chad/robot_ws_foxy/src/install/msg_srv_action_interface_example/lib/python3.8/site-packages:/opt/ros/foxy/lib/python3.8/site-packages /usr/bin/cmake --build /home/chad/ros2_ws/src/build/mujoco_sim_test -- -j12 -l12
[0.085s] [35m[1mScanning dependencies of target mujoco_sim_node[0m
[0.116s] [ 25%] [32m[1mLinking CXX executable publish_node[0m
[0.130s] [ 50%] [32mBuilding CXX object CMakeFiles/mujoco_sim_node.dir/src/mujoco2.cpp.o[0m
[0.238s] /usr/bin/ld: /usr/lib/gcc/x86_64-linux-gnu/9/../../../x86_64-linux-gnu/Scrt1.o: in function `_start':
[0.239s] (.text+0x24): undefined reference to `main'
[0.239s] collect2: error: ld returned 1 exit status
[0.244s] make[2]: *** [CMakeFiles/publish_node.dir/build.make:131: publish_node] Error 1
[0.244s] make[1]: *** [CMakeFiles/Makefile2:80: CMakeFiles/publish_node.dir/all] Error 2
[0.245s] make[1]: *** Waiting for unfinished jobs....
[1.589s] [01m[K/home/chad/ros2_ws/src/mujoco_sim_test/src/mujoco2.cpp:[m[K In constructor â€˜[01m[KMujocoSimNode::MujocoSimNode()[m[Kâ€™:
[1.590s] [01m[K/home/chad/ros2_ws/src/mujoco_sim_test/src/mujoco2.cpp:12:11:[m[K [01;31m[Kerror: [m[Kâ€˜[01m[Kclass MujocoSimNode[m[Kâ€™ has no member named â€˜[01m[Kdeclare_parameter[m[Kâ€™
[1.590s]    12 |     this->[01;31m[Kdeclare_parameter[m[K("qos_depth", 10);
[1.591s]       |           [01;31m[K^~~~~~~~~~~~~~~~~[m[K
[1.591s] [01m[K/home/chad/ros2_ws/src/mujoco_sim_test/src/mujoco2.cpp:14:11:[m[K [01;31m[Kerror: [m[Kâ€˜[01m[Kclass MujocoSimNode[m[Kâ€™ has no member named â€˜[01m[Kget_parameter[m[Kâ€™
[1.591s]    14 |     this->[01;31m[Kget_parameter[m[K("qos_depth", qos_depth);
[1.591s]       |           [01;31m[K^~~~~~~~~~~~~[m[K
[1.591s] In file included from [01m[K/opt/ros/foxy/include/rclcpp/service.hpp:34[m[K,
[1.592s]                  from [01m[K/opt/ros/foxy/include/rclcpp/callback_group.hpp:25[m[K,
[1.592s]                  from [01m[K/opt/ros/foxy/include/rclcpp/any_executable.hpp:20[m[K,
[1.592s]                  from [01m[K/opt/ros/foxy/include/rclcpp/memory_strategy.hpp:24[m[K,
[1.592s]                  from [01m[K/opt/ros/foxy/include/rclcpp/memory_strategies.hpp:18[m[K,
[1.592s]                  from [01m[K/opt/ros/foxy/include/rclcpp/executor_options.hpp:20[m[K,
[1.592s]                  from [01m[K/opt/ros/foxy/include/rclcpp/executor.hpp:33[m[K,
[1.593s]                  from [01m[K/opt/ros/foxy/include/rclcpp/executors/multi_threaded_executor.hpp:26[m[K,
[1.593s]                  from [01m[K/opt/ros/foxy/include/rclcpp/executors.hpp:21[m[K,
[1.593s]                  from [01m[K/opt/ros/foxy/include/rclcpp/rclcpp.hpp:146[m[K,
[1.593s]                  from [01m[K/home/chad/ros2_ws/src/mujoco_sim_test/include/mujoco2.hpp:16[m[K,
[1.594s]                  from [01m[K/home/chad/ros2_ws/src/mujoco_sim_test/src/mujoco2.cpp:3[m[K:
[1.594s] [01m[K/home/chad/ros2_ws/src/mujoco_sim_test/src/mujoco2.cpp:20:23:[m[K [01;31m[Kerror: [m[Kâ€˜[01m[Kclass MujocoSimNode[m[Kâ€™ has no member named â€˜[01m[Kget_logger[m[Kâ€™
[1.594s]    20 |     RCLCPP_INFO(this->[01;31m[Kget_logger[m[K(), "Starting MuJoCo Simulation Node");
[1.594s]       |                       [01;31m[K^~~~~~~~~~[m[K
[1.594s] [01m[K/home/chad/ros2_ws/src/mujoco_sim_test/src/mujoco2.cpp:20:23:[m[K [01;31m[Kerror: [m[Kâ€˜[01m[Kclass MujocoSimNode[m[Kâ€™ has no member named â€˜[01m[Kget_logger[m[Kâ€™
[1.595s] [01m[K/home/chad/ros2_ws/src/mujoco_sim_test/src/mujoco2.cpp:20:5:[m[K [01;31m[Kerror: [m[Ktemplate argument 1 is invalid
[1.595s]    20 |     [01;31m[KRCLCPP_INFO[m[K(this->get_logger(), "Starting MuJoCo Simulation Node");
[1.595s]       |     [01;31m[K^~~~~~~~~~~[m[K
[1.595s] [01m[K/home/chad/ros2_ws/src/mujoco_sim_test/src/mujoco2.cpp:20:5:[m[K [01;31m[Kerror: [m[Ktemplate argument 1 is invalid
[1.595s]    20 |     [01;31m[KRCLCPP_INFO[m[K(this->get_logger(), "Starting MuJoCo Simulation Node");
[1.595s]       |     [01;31m[K^~~~~~~~~~~[m[K
[1.596s] [01m[K/home/chad/ros2_ws/src/mujoco_sim_test/src/mujoco2.cpp:20:5:[m[K [01;31m[Kerror: [m[Ktemplate argument 1 is invalid
[1.596s]    20 |     [01;31m[KRCLCPP_INFO[m[K(this->get_logger(), "Starting MuJoCo Simulation Node");
[1.596s]       |     [01;31m[K^~~~~~~~~~~[m[K
[1.596s] In file included from [01m[K/opt/ros/foxy/include/rclcpp/client.hpp:40[m[K,
[1.596s]                  from [01m[K/opt/ros/foxy/include/rclcpp/callback_group.hpp:23[m[K,
[1.596s]                  from [01m[K/opt/ros/foxy/include/rclcpp/any_executable.hpp:20[m[K,
[1.596s]                  from [01m[K/opt/ros/foxy/include/rclcpp/memory_strategy.hpp:24[m[K,
[1.597s]                  from [01m[K/opt/ros/foxy/include/rclcpp/memory_strategies.hpp:18[m[K,
[1.597s]                  from [01m[K/opt/ros/foxy/include/rclcpp/executor_options.hpp:20[m[K,
[1.597s]                  from [01m[K/opt/ros/foxy/include/rclcpp/executor.hpp:33[m[K,
[1.597s]                  from [01m[K/opt/ros/foxy/include/rclcpp/executors/multi_threaded_executor.hpp:26[m[K,
[1.597s]                  from [01m[K/opt/ros/foxy/include/rclcpp/executors.hpp:21[m[K,
[1.597s]                  from [01m[K/opt/ros/foxy/include/rclcpp/rclcpp.hpp:146[m[K,
[1.597s]                  from [01m[K/home/chad/ros2_ws/src/mujoco_sim_test/include/mujoco2.hpp:16[m[K,
[1.598s]                  from [01m[K/home/chad/ros2_ws/src/mujoco_sim_test/src/mujoco2.cpp:3[m[K:
[1.598s] [01m[K/home/chad/ros2_ws/src/mujoco_sim_test/src/mujoco2.cpp:20:23:[m[K [01;31m[Kerror: [m[Kâ€˜[01m[Kclass MujocoSimNode[m[Kâ€™ has no member named â€˜[01m[Kget_logger[m[Kâ€™
[1.598s]    20 |     RCLCPP_INFO(this->[01;31m[Kget_logger[m[K(), "Starting MuJoCo Simulation Node");
[1.598s]       |                       [01;31m[K^~~~~~~~~~[m[K
[1.598s] [01m[K/home/chad/ros2_ws/src/mujoco_sim_test/src/mujoco2.cpp:20:23:[m[K [01;31m[Kerror: [m[Kâ€˜[01m[Kclass MujocoSimNode[m[Kâ€™ has no member named â€˜[01m[Kget_logger[m[Kâ€™
[1.598s]    20 |     RCLCPP_INFO(this->[01;31m[Kget_logger[m[K(), "Starting MuJoCo Simulation Node");
[1.599s]       |                       [01;31m[K^~~~~~~~~~[m[K
[1.599s] In file included from [01m[K/opt/ros/foxy/include/rclcpp/service.hpp:34[m[K,
[1.599s]                  from [01m[K/opt/ros/foxy/include/rclcpp/callback_group.hpp:25[m[K,
[1.599s]                  from [01m[K/opt/ros/foxy/include/rclcpp/any_executable.hpp:20[m[K,
[1.599s]                  from [01m[K/opt/ros/foxy/include/rclcpp/memory_strategy.hpp:24[m[K,
[1.599s]                  from [01m[K/opt/ros/foxy/include/rclcpp/memory_strategies.hpp:18[m[K,
[1.599s]                  from [01m[K/opt/ros/foxy/include/rclcpp/executor_options.hpp:20[m[K,
[1.599s]                  from [01m[K/opt/ros/foxy/include/rclcpp/executor.hpp:33[m[K,
[1.599s]                  from [01m[K/opt/ros/foxy/include/rclcpp/executors/multi_threaded_executor.hpp:26[m[K,
[1.599s]                  from [01m[K/opt/ros/foxy/include/rclcpp/executors.hpp:21[m[K,
[1.599s]                  from [01m[K/opt/ros/foxy/include/rclcpp/rclcpp.hpp:146[m[K,
[1.599s]                  from [01m[K/home/chad/ros2_ws/src/mujoco_sim_test/include/mujoco2.hpp:16[m[K,
[1.599s]                  from [01m[K/home/chad/ros2_ws/src/mujoco_sim_test/src/mujoco2.cpp:3[m[K:
[1.599s] [01m[K/home/chad/ros2_ws/src/mujoco_sim_test/src/mujoco2.cpp:37:28:[m[K [01;31m[Kerror: [m[Kâ€˜[01m[Kclass MujocoSimNode[m[Kâ€™ has no member named â€˜[01m[Kget_logger[m[Kâ€™
[1.600s]    37 |         RCLCPP_ERROR(this->[01;31m[Kget_logger[m[K(), "MuJoCo model load error: %s", error);
[1.600s]       |                            [01;31m[K^~~~~~~~~~[m[K
[1.600s] [01m[K/home/chad/ros2_ws/src/mujoco_sim_test/src/mujoco2.cpp:37:28:[m[K [01;31m[Kerror: [m[Kâ€˜[01m[Kclass MujocoSimNode[m[Kâ€™ has no member named â€˜[01m[Kget_logger[m[Kâ€™
[1.600s] [01m[K/home/chad/ros2_ws/src/mujoco_sim_test/src/mujoco2.cpp:37:9:[m[K [01;31m[Kerror: [m[Ktemplate argument 1 is invalid
[1.600s]    37 |         [01;31m[KRCLCPP_ERROR[m[K(this->get_logger(), "MuJoCo model load error: %s", error);
[1.600s]       |         [01;31m[K^~~~~~~~~~~~[m[K
[1.600s] [01m[K/home/chad/ros2_ws/src/mujoco_sim_test/src/mujoco2.cpp:37:9:[m[K [01;31m[Kerror: [m[Ktemplate argument 1 is invalid
[1.600s]    37 |         [01;31m[KRCLCPP_ERROR[m[K(this->get_logger(), "MuJoCo model load error: %s", error);
[1.600s]       |         [01;31m[K^~~~~~~~~~~~[m[K
[1.600s] [01m[K/home/chad/ros2_ws/src/mujoco_sim_test/src/mujoco2.cpp:37:9:[m[K [01;31m[Kerror: [m[Ktemplate argument 1 is invalid
[1.600s]    37 |         [01;31m[KRCLCPP_ERROR[m[K(this->get_logger(), "MuJoCo model load error: %s", error);
[1.600s]       |         [01;31m[K^~~~~~~~~~~~[m[K
[1.600s] In file included from [01m[K/opt/ros/foxy/include/rclcpp/client.hpp:40[m[K,
[1.600s]                  from [01m[K/opt/ros/foxy/include/rclcpp/callback_group.hpp:23[m[K,
[1.600s]                  from [01m[K/opt/ros/foxy/include/rclcpp/any_executable.hpp:20[m[K,
[1.601s]                  from [01m[K/opt/ros/foxy/include/rclcpp/memory_strategy.hpp:24[m[K,
[1.601s]                  from [01m[K/opt/ros/foxy/include/rclcpp/memory_strategies.hpp:18[m[K,
[1.601s]                  from [01m[K/opt/ros/foxy/include/rclcpp/executor_options.hpp:20[m[K,
[1.601s]                  from [01m[K/opt/ros/foxy/include/rclcpp/executor.hpp:33[m[K,
[1.601s]                  from [01m[K/opt/ros/foxy/include/rclcpp/executors/multi_threaded_executor.hpp:26[m[K,
[1.601s]                  from [01m[K/opt/ros/foxy/include/rclcpp/executors.hpp:21[m[K,
[1.601s]                  from [01m[K/opt/ros/foxy/include/rclcpp/rclcpp.hpp:146[m[K,
[1.601s]                  from [01m[K/home/chad/ros2_ws/src/mujoco_sim_test/include/mujoco2.hpp:16[m[K,
[1.601s]                  from [01m[K/home/chad/ros2_ws/src/mujoco_sim_test/src/mujoco2.cpp:3[m[K:
[1.601s] [01m[K/home/chad/ros2_ws/src/mujoco_sim_test/src/mujoco2.cpp:37:28:[m[K [01;31m[Kerror: [m[Kâ€˜[01m[Kclass MujocoSimNode[m[Kâ€™ has no member named â€˜[01m[Kget_logger[m[Kâ€™
[1.601s]    37 |         RCLCPP_ERROR(this->[01;31m[Kget_logger[m[K(), "MuJoCo model load error: %s", error);
[1.601s]       |                            [01;31m[K^~~~~~~~~~[m[K
[1.601s] [01m[K/home/chad/ros2_ws/src/mujoco_sim_test/src/mujoco2.cpp:37:28:[m[K [01;31m[Kerror: [m[Kâ€˜[01m[Kclass MujocoSimNode[m[Kâ€™ has no member named â€˜[01m[Kget_logger[m[Kâ€™
[1.601s]    37 |         RCLCPP_ERROR(this->[01;31m[Kget_logger[m[K(), "MuJoCo model load error: %s", error);
[1.602s]       |                            [01;31m[K^~~~~~~~~~[m[K
[1.602s] [01m[K/home/chad/ros2_ws/src/mujoco_sim_test/src/mujoco2.cpp:84:20:[m[K [01;31m[Kerror: [m[Kâ€˜[01m[Kclass MujocoSimNode[m[Kâ€™ has no member named â€˜[01m[Kcreate_wall_timer[m[Kâ€™
[1.602s]    84 |     timer_ = this->[01;31m[Kcreate_wall_timer[m[K(
[1.602s]       |                    [01;31m[K^~~~~~~~~~~~~~~~~[m[K
[1.602s] [01m[K/home/chad/ros2_ws/src/mujoco_sim_test/src/mujoco2.cpp:86:35:[m[K [01;31m[Kerror: [m[Kâ€˜[01m[Ksimulation_loop[m[Kâ€™ is not a member of â€˜[01m[KMujocoSimNode[m[Kâ€™
[1.602s]    86 |         std::bind(&MujocoSimNode::[01;31m[Ksimulation_loop[m[K, this));
[1.602s]       |                                   [01;31m[K^~~~~~~~~~~~~~~[m[K
[1.602s] [01m[K/home/chad/ros2_ws/src/mujoco_sim_test/src/mujoco2.cpp:[m[K At global scope:
[1.602s] [01m[K/home/chad/ros2_ws/src/mujoco_sim_test/src/mujoco2.cpp:102:6:[m[K [01;31m[Kerror: [m[Kno declaration matches â€˜[01m[Kvoid MujocoSimNode::simulation_loop()[m[Kâ€™
[1.602s]   102 | void [01;31m[KMujocoSimNode[m[K::simulation_loop()
[1.602s]       |      [01;31m[K^~~~~~~~~~~~~[m[K
[1.602s] [01m[K/home/chad/ros2_ws/src/mujoco_sim_test/src/mujoco2.cpp:102:6:[m[K [01;36m[Knote: [m[Kno functions named â€˜[01m[Kvoid MujocoSimNode::simulation_loop()[m[Kâ€™
[1.602s] In file included from [01m[K/home/chad/ros2_ws/src/mujoco_sim_test/src/mujoco2.cpp:3[m[K:
[1.602s] [01m[K/home/chad/ros2_ws/src/mujoco_sim_test/include/mujoco2.hpp:26:7:[m[K [01;36m[Knote: [m[Kâ€˜[01m[Kclass MujocoSimNode[m[Kâ€™ defined here
[1.603s]    26 | class [01;36m[KMujocoSimNode[m[K// : public rclcpp::Node
[1.603s]       |       [01;36m[K^~~~~~~~~~~~~[m[K
[1.985s] make[2]: *** [CMakeFiles/mujoco_sim_node.dir/build.make:63: CMakeFiles/mujoco_sim_node.dir/src/mujoco2.cpp.o] Error 1
[1.985s] make[1]: *** [CMakeFiles/Makefile2:107: CMakeFiles/mujoco_sim_node.dir/all] Error 2
[1.985s] make: *** [Makefile:141: all] Error 2
[1.987s] Invoked command in '/home/chad/ros2_ws/src/build/mujoco_sim_test' returned '2': CMAKE_PREFIX_PATH=/home/chad/ros2_ws/src/install/msg_srv_action_interface_example:/home/chad/ros2_ws/src/install/mujoco_test2:/home/chad/robot_ws_foxy/src/install/topic_service_action_rclcpp_example:/home/chad/robot_ws_foxy/src/install/my_first_ros_rclcpp_pkg:/home/chad/robot_ws_foxy/src/install/msg_srv_action_interface_example:/home/chad/ros2_ws/src/install/mujoco_sim_test:/opt/ros/foxy LD_LIBRARY_PATH=/home/chad/ros2_ws/src/install/msg_srv_action_interface_example/lib:/home/chad/robot_ws_foxy/src/install/msg_srv_action_interface_example/lib:/opt/ros/foxy/opt/yaml_cpp_vendor/lib:/opt/ros/foxy/opt/rviz_ogre_vendor/lib:/opt/ros/foxy/lib/x86_64-linux-gnu:/opt/ros/foxy/lib PYTHONPATH=/home/chad/ros2_ws/src/install/msg_srv_action_interface_example/lib/python3.8/site-packages:/home/chad/robot_ws_foxy/src/install/msg_srv_action_interface_example/lib/python3.8/site-packages:/opt/ros/foxy/lib/python3.8/site-packages /usr/bin/cmake --build /home/chad/ros2_ws/src/build/mujoco_sim_test -- -j12 -l12
