[0.015s] Invoking command in '/home/chad/ros2_ws/src/build/mujoco_test2': CMAKE_PREFIX_PATH=${CMAKE_PREFIX_PATH}:/opt/ros/foxy /usr/bin/cmake --build /home/chad/ros2_ws/src/build/mujoco_test2 -- -j12 -l12
[0.085s] [35m[1mScanning dependencies of target mujoco_node[0m
[0.125s] [ 33%] [32mBuilding CXX object CMakeFiles/mujoco_node.dir/src/main.cpp.o[0m
[1.545s] [01m[K/home/chad/ros2_ws/src/mujoco_test2/src/main.cpp:[m[K In function â€˜[01m[Kvoid mujoco::PhysicsThread(Simulate*)[m[Kâ€™:
[1.545s] [01m[K/home/chad/ros2_ws/src/mujoco_test2/src/main.cpp:111:16:[m[K [01;31m[Kerror: [m[Kcannot convert â€˜[01m[KmjModel[m[Kâ€™ {aka â€˜[01m[KmjModel_[m[Kâ€™} to â€˜[01m[Kconst mjModel*[m[Kâ€™ {aka â€˜[01m[Kconst mjModel_*[m[Kâ€™}
[1.545s]   111 |     mj_forward([01;31m[K*sim->m_[m[K, *sim->d_);
[1.546s]       |                [01;31m[K^~~~~~~~[m[K
[1.546s]       |                [01;31m[K|[m[K
[1.546s]       |                [01;31m[KmjModel {aka mjModel_}[m[K
[1.546s] In file included from [01m[K/home/chad/ros2_ws/src/mujoco_test2/src/main.cpp:10[m[K:
[1.546s] [01m[K/home/chad/ros2_ws/src/mujoco_test2/../../mujoco_3.1.6/include/mujoco/mujoco.h:131:38:[m[K [01;36m[Knote: [m[K  initializing argument 1 of â€˜[01m[Kvoid mj_forward(const mjModel*, mjData*)[m[Kâ€™
[1.546s]   131 | MJAPI void mj_forward([01;36m[Kconst mjModel* m[m[K, mjData* d);
[1.547s]       |                       [01;36m[K~~~~~~~~~~~~~~~^[m[K
[1.547s] [01m[K/home/chad/ros2_ws/src/mujoco_test2/src/main.cpp:116:5:[m[K [01;31m[Kerror: [m[Kno match for â€˜[01m[Koperator~[m[Kâ€™ (operand type is â€˜[01m[KSimulate[m[Kâ€™)
[1.547s]   116 |     [01;31m[K~Simulate()[m[K;
[1.547s]       |     [01;31m[K^~~~~~~~~~~[m[K
[1.637s] In file included from [01m[K/home/chad/ros2_ws/src/mujoco_test2/src/main.cpp:7[m[K:
[1.638s] /usr/include/c++/9/thread: In instantiation of â€˜[01m[Kstd::thread::thread(_Callable&&, _Args&& ...) [with _Callable = void (*)(Simulate*); _Args = {Simulate*, std::nullptr_t}; <template-parameter-1-3> = void][m[Kâ€™:
[1.638s] [01m[K/home/chad/ros2_ws/src/mujoco_test2/src/main.cpp:128:79:[m[K   required from here
[1.638s] [01m[K/usr/include/c++/9/thread:120:44:[m[K [01;31m[Kerror: [m[Kstatic assertion failed: std::thread arguments must be invocable after conversion to rvalues
[1.638s]   120 |           typename decay<_Args>::type...>::[01;31m[Kvalue[m[K,
[1.638s]       |                                            [01;31m[K^~~~~[m[K
[1.642s] /usr/include/c++/9/thread: In instantiation of â€˜[01m[Kstruct std::thread::_Invoker<std::tuple<void (*)(Simulate*), Simulate*, std::nullptr_t> >[m[Kâ€™:
[1.642s] [01m[K/usr/include/c++/9/thread:131:22:[m[K   required from â€˜[01m[Kstd::thread::thread(_Callable&&, _Args&& ...) [with _Callable = void (*)(Simulate*); _Args = {Simulate*, std::nullptr_t}; <template-parameter-1-3> = void][m[Kâ€™
[1.642s] [01m[K/home/chad/ros2_ws/src/mujoco_test2/src/main.cpp:128:79:[m[K   required from here
[1.642s] [01m[K/usr/include/c++/9/thread:243:4:[m[K [01;31m[Kerror: [m[Kno type named â€˜[01m[Ktype[m[Kâ€™ in â€˜[01m[Kstruct std::thread::_Invoker<std::tuple<void (*)(Simulate*), Simulate*, std::nullptr_t> >::__result<std::tuple<void (*)(Simulate*), Simulate*, std::nullptr_t> >[m[Kâ€™
[1.642s]   243 |    [01;31m[K_M_invoke[m[K(_Index_tuple<_Ind...>)
[1.642s]       |    [01;31m[K^~~~~~~~~[m[K
[1.642s] [01m[K/usr/include/c++/9/thread:247:2:[m[K [01;31m[Kerror: [m[Kno type named â€˜[01m[Ktype[m[Kâ€™ in â€˜[01m[Kstruct std::thread::_Invoker<std::tuple<void (*)(Simulate*), Simulate*, std::nullptr_t> >::__result<std::tuple<void (*)(Simulate*), Simulate*, std::nullptr_t> >[m[Kâ€™
[1.643s]   247 |  [01;31m[Koperator[m[K()()
[1.643s]       |  [01;31m[K^~~~~~~~[m[K
[1.946s] make[2]: *** [CMakeFiles/mujoco_node.dir/build.make:76: CMakeFiles/mujoco_node.dir/src/main.cpp.o] Error 1
[1.946s] make[1]: *** [CMakeFiles/Makefile2:78: CMakeFiles/mujoco_node.dir/all] Error 2
[1.946s] make: *** [Makefile:141: all] Error 2
[1.950s] Invoked command in '/home/chad/ros2_ws/src/build/mujoco_test2' returned '2': CMAKE_PREFIX_PATH=${CMAKE_PREFIX_PATH}:/opt/ros/foxy /usr/bin/cmake --build /home/chad/ros2_ws/src/build/mujoco_test2 -- -j12 -l12
