In file included from [01m[K/home/chad/ros2_ws/src/mujoco_sim_test/src/mujoco2.cpp:3[m[K:
[01m[K/home/chad/ros2_ws/src/mujoco_sim_test/include/mujoco2.hpp:18:10:[m[K [01;31m[Kfatal error: [m[Kmsg_srv_action_interface_example/msg/arithmetic_argument.hpp: No such file or directory
   18 | #include [01;31m[K"msg_srv_action_interface_example/msg/arithmetic_argument.hpp"[m[K
      |          [01;31m[K^~~~~~~~~~~~~~~~~~~~~~~~~~~~~~~~~~~~~~~~~~~~~~~~~~~~~~~~~~~~~~[m[K
compilation terminated.
make[2]: *** [CMakeFiles/mujoco_sim_node.dir/build.make:63: CMakeFiles/mujoco_sim_node.dir/src/mujoco2.cpp.o] Error 1
make[1]: *** [CMakeFiles/Makefile2:78: CMakeFiles/mujoco_sim_node.dir/all] Error 2
make: *** [Makefile:141: all] Error 2
