[0.015s] Invoking command in '/home/chad/ros2_ws/src/build/mujoco_sim_test': CMAKE_PREFIX_PATH=${CMAKE_PREFIX_PATH}:/opt/ros/foxy /usr/bin/cmake /home/chad/ros2_ws/src/mujoco_sim_test -DAMENT_CMAKE_SYMLINK_INSTALL=1 -DCMAKE_INSTALL_PREFIX=/home/chad/ros2_ws/src/install/mujoco_sim_test
[0.098s] -- The C compiler identification is GNU 9.4.0
[0.174s] -- The CXX compiler identification is GNU 9.4.0
[0.182s] -- Check for working C compiler: /usr/bin/cc
[0.289s] -- Check for working C compiler: /usr/bin/cc -- works
[0.292s] -- Detecting C compiler ABI info
[0.405s] -- Detecting C compiler ABI info - done
[0.423s] -- Detecting C compile features
[0.423s] -- Detecting C compile features - done
[0.425s] -- Check for working CXX compiler: /usr/bin/c++
[0.557s] -- Check for working CXX compiler: /usr/bin/c++ -- works
[0.560s] -- Detecting CXX compiler ABI info
[0.685s] -- Detecting CXX compiler ABI info - done
[0.702s] -- Detecting CXX compile features
[0.703s] -- Detecting CXX compile features - done
[0.705s] -- Found ament_cmake: 0.9.12 (/opt/ros/foxy/share/ament_cmake/cmake)
[0.737s] -- Found PythonInterp: /usr/bin/python3 (found suitable version "3.8.10", minimum required is "3") 
[0.737s] -- Using PYTHON_EXECUTABLE: /usr/bin/python3
[0.974s] -- Override CMake install command with custom implementation using symlinks instead of copying resources
[1.000s] -- Found rclcpp: 2.4.3 (/opt/ros/foxy/share/rclcpp/cmake)
[1.044s] -- Using all available rosidl_typesupport_c: rosidl_typesupport_fastrtps_c;rosidl_typesupport_introspection_c
[1.050s] -- Found rosidl_adapter: 1.3.1 (/opt/ros/foxy/share/rosidl_adapter/cmake)
[1.135s] -- Found OpenSSL: /usr/lib/x86_64-linux-gnu/libcrypto.so (found version "1.1.1f")  
[1.160s] -- Found FastRTPS: /opt/ros/foxy/include  
[1.226s] -- Using all available rosidl_typesupport_cpp: rosidl_typesupport_fastrtps_cpp;rosidl_typesupport_introspection_cpp
[1.288s] -- Found rmw_implementation_cmake: 1.0.4 (/opt/ros/foxy/share/rmw_implementation_cmake/cmake)
[1.289s] -- Using RMW implementation 'rmw_fastrtps_cpp' as default
[1.290s] -- Looking for pthread.h
[1.392s] -- Looking for pthread.h - found
[1.393s] -- Performing Test CMAKE_HAVE_LIBC_PTHREAD
[1.499s] -- Performing Test CMAKE_HAVE_LIBC_PTHREAD - Failed
[1.499s] -- Looking for pthread_create in pthreads
[1.596s] -- Looking for pthread_create in pthreads - not found
[1.596s] -- Looking for pthread_create in pthread
[1.713s] -- Looking for pthread_create in pthread - found
[1.714s] -- Found Threads: TRUE  
[1.887s] -- Found rclcpp_action: 2.4.3 (/opt/ros/foxy/share/rclcpp_action/cmake)
[1.971s] -- Found ament_lint_auto: 0.9.8 (/opt/ros/foxy/share/ament_lint_auto/cmake)
[2.063s] -- Added test 'copyright' to check source files copyright and LICENSE
[2.073s] -- Added test 'cppcheck' to perform static code analysis on C / C++ code
[2.074s] -- Configured cppcheck include dirs: /home/chad/ros2_ws/src/mujoco_sim_test/include;/home/chad/ros2_ws/src/mujoco_sim_test/../../mujoco_3.1.6/include/
[2.074s] -- Configured cppcheck exclude dirs and/or files: 
[2.082s] -- Added test 'cpplint' to check C / C++ code against the Google style
[2.082s] -- Configured cpplint exclude dirs and/or files: 
[2.085s] -- Added test 'lint_cmake' to check CMake code style
[2.091s] -- Added test 'uncrustify' to check C / C++ code style
[2.092s] -- Configured uncrustify additional arguments: 
[2.093s] -- Added test 'xmllint' to check XML markup files
[2.097s] -- Configuring done
[2.104s] -- Generating done
[2.106s] -- Build files have been written to: /home/chad/ros2_ws/src/build/mujoco_sim_test
[2.115s] Invoked command in '/home/chad/ros2_ws/src/build/mujoco_sim_test' returned '0': CMAKE_PREFIX_PATH=${CMAKE_PREFIX_PATH}:/opt/ros/foxy /usr/bin/cmake /home/chad/ros2_ws/src/mujoco_sim_test -DAMENT_CMAKE_SYMLINK_INSTALL=1 -DCMAKE_INSTALL_PREFIX=/home/chad/ros2_ws/src/install/mujoco_sim_test
[2.119s] Invoking command in '/home/chad/ros2_ws/src/build/mujoco_sim_test': CMAKE_PREFIX_PATH=${CMAKE_PREFIX_PATH}:/opt/ros/foxy /usr/bin/cmake --build /home/chad/ros2_ws/src/build/mujoco_sim_test -- -j12 -l12
[2.180s] [35m[1mScanning dependencies of target mujoco_sim_node[0m
[2.232s] [ 50%] [32mBuilding CXX object CMakeFiles/mujoco_sim_node.dir/src/mujoco2.cpp.o[0m
[2.379s] In file included from [01m[K/home/chad/ros2_ws/src/mujoco_sim_test/src/mujoco2.cpp:3[m[K:
[2.380s] [01m[K/home/chad/ros2_ws/src/mujoco_sim_test/include/mujoco2.hpp:18:10:[m[K [01;31m[Kfatal error: [m[Kmsg_srv_action_interface_example/msg/arithmetic_argument.hpp: No such file or directory
[2.380s]    18 | #include [01;31m[K"msg_srv_action_interface_example/msg/arithmetic_argument.hpp"[m[K
[2.380s]       |          [01;31m[K^~~~~~~~~~~~~~~~~~~~~~~~~~~~~~~~~~~~~~~~~~~~~~~~~~~~~~~~~~~~~~[m[K
[2.381s] compilation terminated.
[2.384s] make[2]: *** [CMakeFiles/mujoco_sim_node.dir/build.make:63: CMakeFiles/mujoco_sim_node.dir/src/mujoco2.cpp.o] Error 1
[2.384s] make[1]: *** [CMakeFiles/Makefile2:78: CMakeFiles/mujoco_sim_node.dir/all] Error 2
[2.384s] make: *** [Makefile:141: all] Error 2
[2.386s] Invoked command in '/home/chad/ros2_ws/src/build/mujoco_sim_test' returned '2': CMAKE_PREFIX_PATH=${CMAKE_PREFIX_PATH}:/opt/ros/foxy /usr/bin/cmake --build /home/chad/ros2_ws/src/build/mujoco_sim_test -- -j12 -l12
