[0.023s] Invoking command in '/home/chad/ros2_ws/src/build/mujoco_sim_test': CMAKE_PREFIX_PATH=/home/chad/ros2_ws/src/install/msg_srv_action_interface_example:/home/chad/ros2_ws/src/install/mujoco_test2:/home/chad/robot_ws_foxy/src/install/topic_service_action_rclcpp_example:/home/chad/robot_ws_foxy/src/install/my_first_ros_rclcpp_pkg:/home/chad/robot_ws_foxy/src/install/msg_srv_action_interface_example:/home/chad/ros2_ws/src/install/mujoco_sim_test:/opt/ros/foxy LD_LIBRARY_PATH=/home/chad/ros2_ws/src/install/msg_srv_action_interface_example/lib:/home/chad/robot_ws_foxy/src/install/msg_srv_action_interface_example/lib:/opt/ros/foxy/opt/yaml_cpp_vendor/lib:/opt/ros/foxy/opt/rviz_ogre_vendor/lib:/opt/ros/foxy/lib/x86_64-linux-gnu:/opt/ros/foxy/lib PYTHONPATH=/home/chad/ros2_ws/src/install/msg_srv_action_interface_example/lib/python3.8/site-packages:/home/chad/robot_ws_foxy/src/install/msg_srv_action_interface_example/lib/python3.8/site-packages:/opt/ros/foxy/lib/python3.8/site-packages /usr/bin/cmake --build /home/chad/ros2_ws/src/build/mujoco_sim_test -- -j12 -l12
[0.087s] [35m[1mScanning dependencies of target mujoco_sim_node[0m
[0.111s] [ 25%] [32m[1mLinking CXX executable publish_node[0m
[0.126s] [ 50%] [32mBuilding CXX object CMakeFiles/mujoco_sim_node.dir/src/mujoco2.cpp.o[0m
[0.199s] /usr/bin/ld: /usr/lib/gcc/x86_64-linux-gnu/9/../../../x86_64-linux-gnu/Scrt1.o: in function `_start':
[0.200s] (.text+0x24): undefined reference to `main'
[0.200s] collect2: error: ld returned 1 exit status
[0.202s] make[2]: *** [CMakeFiles/publish_node.dir/build.make:131: publish_node] Error 1
[0.202s] make[1]: *** [CMakeFiles/Makefile2:80: CMakeFiles/publish_node.dir/all] Error 2
[0.202s] make[1]: *** Waiting for unfinished jobs....
[1.566s] [01m[K/home/chad/ros2_ws/src/mujoco_sim_test/src/mujoco2.cpp:150:1:[m[K [01;31m[Kerror: [m[Kexpected declaration before â€˜[01m[K}[m[Kâ€™ token
[1.566s]   150 | [01;31m[K}[m[K
[1.566s]       | [01;31m[K^[m[K
[1.571s] [01m[K/home/chad/ros2_ws/src/mujoco_sim_test/src/mujoco2.cpp:[m[K In function â€˜[01m[Kint main(int, char**)[m[Kâ€™:
[1.571s] [01m[K/home/chad/ros2_ws/src/mujoco_sim_test/src/mujoco2.cpp:283:22:[m[K [01;31m[Kerror: [m[Kno matching function for call to â€˜[01m[Kspin(std::shared_ptr<MujocoSimNode>&)[m[Kâ€™
[1.571s]   283 |     rclcpp::spin(node[01;31m[K)[m[K;
[1.571s]       |                      [01;31m[K^[m[K
[1.571s] In file included from [01m[K/opt/ros/foxy/include/rclcpp/rclcpp.hpp:146[m[K,
[1.572s]                  from [01m[K/home/chad/ros2_ws/src/mujoco_sim_test/include/mujoco2.hpp:16[m[K,
[1.572s]                  from [01m[K/home/chad/ros2_ws/src/mujoco_sim_test/src/mujoco2.cpp:3[m[K:
[1.572s] [01m[K/opt/ros/foxy/include/rclcpp/executors.hpp:45:1:[m[K [01;36m[Knote: [m[Kcandidate: â€˜[01m[Kvoid rclcpp::spin(rclcpp::node_interfaces::NodeBaseInterface::SharedPtr)[m[Kâ€™
[1.572s]    45 | [01;36m[Kspin[m[K(rclcpp::node_interfaces::NodeBaseInterface::SharedPtr node_ptr);
[1.572s]       | [01;36m[K^~~~[m[K
[1.572s] [01m[K/opt/ros/foxy/include/rclcpp/executors.hpp:45:60:[m[K [01;36m[Knote: [m[K  no known conversion for argument 1 from â€˜[01m[Kshared_ptr<[01;32m[KMujocoSimNode[m[K>[m[Kâ€™ to â€˜[01m[Kshared_ptr<[01;32m[Krclcpp::node_interfaces::NodeBaseInterface[m[K>[m[Kâ€™
[1.572s]    45 | spin([01;36m[Krclcpp::node_interfaces::NodeBaseInterface::SharedPtr node_ptr[m[K);
[1.573s]       |      [01;36m[K~~~~~~~~~~~~~~~~~~~~~~~~~~~~~~~~~~~~~~~~~~~~~~~~~~~~~~^~~~~~~~[m[K
[1.573s] [01m[K/opt/ros/foxy/include/rclcpp/executors.hpp:49:1:[m[K [01;36m[Knote: [m[Kcandidate: â€˜[01m[Kvoid rclcpp::spin(rclcpp::Node::SharedPtr)[m[Kâ€™
[1.573s]    49 | [01;36m[Kspin[m[K(rclcpp::Node::SharedPtr node_ptr);
[1.573s]       | [01;36m[K^~~~[m[K
[1.573s] [01m[K/opt/ros/foxy/include/rclcpp/executors.hpp:49:30:[m[K [01;36m[Knote: [m[K  no known conversion for argument 1 from â€˜[01m[Kshared_ptr<[01;32m[KMujocoSimNode[m[K>[m[Kâ€™ to â€˜[01m[Kshared_ptr<[01;32m[Krclcpp::Node[m[K>[m[Kâ€™
[1.573s]    49 | spin([01;36m[Krclcpp::Node::SharedPtr node_ptr[m[K);
[1.574s]       |      [01;36m[K~~~~~~~~~~~~~~~~~~~~~~~~^~~~~~~~[m[K
[1.963s] make[2]: *** [CMakeFiles/mujoco_sim_node.dir/build.make:63: CMakeFiles/mujoco_sim_node.dir/src/mujoco2.cpp.o] Error 1
[1.963s] make[1]: *** [CMakeFiles/Makefile2:107: CMakeFiles/mujoco_sim_node.dir/all] Error 2
[1.963s] make: *** [Makefile:141: all] Error 2
[1.968s] Invoked command in '/home/chad/ros2_ws/src/build/mujoco_sim_test' returned '2': CMAKE_PREFIX_PATH=/home/chad/ros2_ws/src/install/msg_srv_action_interface_example:/home/chad/ros2_ws/src/install/mujoco_test2:/home/chad/robot_ws_foxy/src/install/topic_service_action_rclcpp_example:/home/chad/robot_ws_foxy/src/install/my_first_ros_rclcpp_pkg:/home/chad/robot_ws_foxy/src/install/msg_srv_action_interface_example:/home/chad/ros2_ws/src/install/mujoco_sim_test:/opt/ros/foxy LD_LIBRARY_PATH=/home/chad/ros2_ws/src/install/msg_srv_action_interface_example/lib:/home/chad/robot_ws_foxy/src/install/msg_srv_action_interface_example/lib:/opt/ros/foxy/opt/yaml_cpp_vendor/lib:/opt/ros/foxy/opt/rviz_ogre_vendor/lib:/opt/ros/foxy/lib/x86_64-linux-gnu:/opt/ros/foxy/lib PYTHONPATH=/home/chad/ros2_ws/src/install/msg_srv_action_interface_example/lib/python3.8/site-packages:/home/chad/robot_ws_foxy/src/install/msg_srv_action_interface_example/lib/python3.8/site-packages:/opt/ros/foxy/lib/python3.8/site-packages /usr/bin/cmake --build /home/chad/ros2_ws/src/build/mujoco_sim_test -- -j12 -l12
