[35m[1mScanning dependencies of target mujoco_node[0m
[ 50%] [32mBuilding CXX object CMakeFiles/mujoco_node.dir/src/sim.cpp.o[0m
In file included from [01m[K/home/chad/ros2_ws/src/mujoco_test2/src/sim.cpp:2[m[K:
[01m[K/home/chad/ros2_ws/src/mujoco_test2/include/sim.hpp:22:1:[m[K [01;31m[Kerror: [m[Kexpected class-name before â€˜[01m[K{[m[Kâ€™ token
   22 | [01;31m[K{[m[K
      | [01;31m[K^[m[K
[01m[K/home/chad/ros2_ws/src/mujoco_test2/include/sim.hpp:21:1:[m[K [01;31m[Kerror: [m[Knew types may not be defined in a return type
   21 | [01;31m[Kclass[m[K Simulate:
      | [01;31m[K^~~~~[m[K
[01m[K/home/chad/ros2_ws/src/mujoco_test2/include/sim.hpp:21:1:[m[K [01;36m[Knote: [m[K(perhaps a semicolon is missing after the definition of â€˜[01m[KSimulate[m[Kâ€™)
[01m[K/home/chad/ros2_ws/src/mujoco_test2/src/sim.cpp:15:20:[m[K [01;31m[Kerror: [m[Kreturn type specification for constructor invalid
   15 | Simulate::Simulate([01;31m[K)[m[K
      |                    [01;31m[K^[m[K
make[2]: *** [CMakeFiles/mujoco_node.dir/build.make:63: CMakeFiles/mujoco_node.dir/src/sim.cpp.o] Error 1
make[1]: *** [CMakeFiles/Makefile2:78: CMakeFiles/mujoco_node.dir/all] Error 2
make: *** [Makefile:141: all] Error 2
