[0.019s] Invoking command in '/home/chad/ros2_ws/src/build/mujoco_test2': CMAKE_PREFIX_PATH=${CMAKE_PREFIX_PATH}:/opt/ros/foxy /usr/bin/cmake --build /home/chad/ros2_ws/src/build/mujoco_test2 -- -j12 -l12
[0.083s] [35m[1mScanning dependencies of target mujoco_node[0m
[0.125s] [ 50%] [32mBuilding CXX object CMakeFiles/mujoco_node.dir/src/sim.cpp.o[0m
[1.555s] In file included from [01m[K/home/chad/ros2_ws/src/mujoco_test2/src/sim.cpp:2[m[K:
[1.555s] [01m[K/home/chad/ros2_ws/src/mujoco_test2/include/sim.hpp:22:1:[m[K [01;31m[Kerror: [m[Kexpected class-name before â€˜[01m[K{[m[Kâ€™ token
[1.555s]    22 | [01;31m[K{[m[K
[1.555s]       | [01;31m[K^[m[K
[1.555s] [01m[K/home/chad/ros2_ws/src/mujoco_test2/include/sim.hpp:21:1:[m[K [01;31m[Kerror: [m[Knew types may not be defined in a return type
[1.556s]    21 | [01;31m[Kclass[m[K Simulate:
[1.556s]       | [01;31m[K^~~~~[m[K
[1.556s] [01m[K/home/chad/ros2_ws/src/mujoco_test2/include/sim.hpp:21:1:[m[K [01;36m[Knote: [m[K(perhaps a semicolon is missing after the definition of â€˜[01m[KSimulate[m[Kâ€™)
[1.556s] [01m[K/home/chad/ros2_ws/src/mujoco_test2/src/sim.cpp:15:20:[m[K [01;31m[Kerror: [m[Kreturn type specification for constructor invalid
[1.556s]    15 | Simulate::Simulate([01;31m[K)[m[K
[1.556s]       |                    [01;31m[K^[m[K
[1.921s] make[2]: *** [CMakeFiles/mujoco_node.dir/build.make:63: CMakeFiles/mujoco_node.dir/src/sim.cpp.o] Error 1
[1.922s] make[1]: *** [CMakeFiles/Makefile2:78: CMakeFiles/mujoco_node.dir/all] Error 2
[1.922s] make: *** [Makefile:141: all] Error 2
[1.926s] Invoked command in '/home/chad/ros2_ws/src/build/mujoco_test2' returned '2': CMAKE_PREFIX_PATH=${CMAKE_PREFIX_PATH}:/opt/ros/foxy /usr/bin/cmake --build /home/chad/ros2_ws/src/build/mujoco_test2 -- -j12 -l12
