[0.018s] Invoking command in '/home/chad/ros2_ws/src/build/mujoco_test2': CMAKE_PREFIX_PATH=${CMAKE_PREFIX_PATH}:/opt/ros/foxy /usr/bin/cmake --build /home/chad/ros2_ws/src/build/mujoco_test2 -- -j12 -l12
[0.090s] [35m[1mScanning dependencies of target mujoco_node[0m
[0.136s] [ 66%] [32mBuilding CXX object CMakeFiles/mujoco_node.dir/src/sim.cpp.o[0m
[0.137s] [ 66%] [32mBuilding CXX object CMakeFiles/mujoco_node.dir/src/main.cpp.o[0m
[1.659s] [01m[K/home/chad/ros2_ws/src/mujoco_test2/src/main.cpp:[m[K In function â€˜[01m[Kvoid mujoco::PhysicsThread(Simulate*)[m[Kâ€™:
[1.659s] [01m[K/home/chad/ros2_ws/src/mujoco_test2/src/main.cpp:111:21:[m[K [01;31m[Kerror: [m[Kâ€˜[01m[Kclass Simulate[m[Kâ€™ has no member named â€˜[01m[Km[m[Kâ€™; did you mean â€˜[01m[Km_[m[Kâ€™?
[1.660s]   111 |     mj_forward(sim->[01;31m[Km[m[K, sim->d);
[1.660s]       |                     [01;31m[K^[m[K
[1.660s]       |                     [32m[Km_[m[K
[1.660s] [01m[K/home/chad/ros2_ws/src/mujoco_test2/src/main.cpp:111:29:[m[K [01;31m[Kerror: [m[Kâ€˜[01m[Kclass Simulate[m[Kâ€™ has no member named â€˜[01m[Kd[m[Kâ€™; did you mean â€˜[01m[Kd_[m[Kâ€™?
[1.660s]   111 |     mj_forward(sim->m, sim->[01;31m[Kd[m[K);
[1.661s]       |                             [01;31m[K^[m[K
[1.661s]       |                             [32m[Kd_[m[K
[1.661s] [01m[K/home/chad/ros2_ws/src/mujoco_test2/src/main.cpp:116:5:[m[K [01;31m[Kerror: [m[Kno match for â€˜[01m[Koperator~[m[Kâ€™ (operand type is â€˜[01m[KSimulate[m[Kâ€™)
[1.661s]   116 |     [01;31m[K~Simulate()[m[K;
[1.661s]       |     [01;31m[K^~~~~~~~~~~[m[K
[1.752s] In file included from [01m[K/home/chad/ros2_ws/src/mujoco_test2/src/main.cpp:7[m[K:
[1.752s] /usr/include/c++/9/thread: In instantiation of â€˜[01m[Kstd::thread::thread(_Callable&&, _Args&& ...) [with _Callable = void (*)(Simulate*); _Args = {Simulate*, std::nullptr_t}; <template-parameter-1-3> = void][m[Kâ€™:
[1.752s] [01m[K/home/chad/ros2_ws/src/mujoco_test2/src/main.cpp:128:79:[m[K   required from here
[1.752s] [01m[K/usr/include/c++/9/thread:120:44:[m[K [01;31m[Kerror: [m[Kstatic assertion failed: std::thread arguments must be invocable after conversion to rvalues
[1.752s]   120 |           typename decay<_Args>::type...>::[01;31m[Kvalue[m[K,
[1.753s]       |                                            [01;31m[K^~~~~[m[K
[1.756s] /usr/include/c++/9/thread: In instantiation of â€˜[01m[Kstruct std::thread::_Invoker<std::tuple<void (*)(Simulate*), Simulate*, std::nullptr_t> >[m[Kâ€™:
[1.757s] [01m[K/usr/include/c++/9/thread:131:22:[m[K   required from â€˜[01m[Kstd::thread::thread(_Callable&&, _Args&& ...) [with _Callable = void (*)(Simulate*); _Args = {Simulate*, std::nullptr_t}; <template-parameter-1-3> = void][m[Kâ€™
[1.757s] [01m[K/home/chad/ros2_ws/src/mujoco_test2/src/main.cpp:128:79:[m[K   required from here
[1.757s] [01m[K/usr/include/c++/9/thread:243:4:[m[K [01;31m[Kerror: [m[Kno type named â€˜[01m[Ktype[m[Kâ€™ in â€˜[01m[Kstruct std::thread::_Invoker<std::tuple<void (*)(Simulate*), Simulate*, std::nullptr_t> >::__result<std::tuple<void (*)(Simulate*), Simulate*, std::nullptr_t> >[m[Kâ€™
[1.757s]   243 |    [01;31m[K_M_invoke[m[K(_Index_tuple<_Ind...>)
[1.757s]       |    [01;31m[K^~~~~~~~~[m[K
[1.757s] [01m[K/usr/include/c++/9/thread:247:2:[m[K [01;31m[Kerror: [m[Kno type named â€˜[01m[Ktype[m[Kâ€™ in â€˜[01m[Kstruct std::thread::_Invoker<std::tuple<void (*)(Simulate*), Simulate*, std::nullptr_t> >::__result<std::tuple<void (*)(Simulate*), Simulate*, std::nullptr_t> >[m[Kâ€™
[1.757s]   247 |  [01;31m[Koperator[m[K()()
[1.758s]       |  [01;31m[K^~~~~~~~[m[K
[2.065s] make[2]: *** [CMakeFiles/mujoco_node.dir/build.make:76: CMakeFiles/mujoco_node.dir/src/main.cpp.o] Error 1
[2.065s] make[1]: *** [CMakeFiles/Makefile2:78: CMakeFiles/mujoco_node.dir/all] Error 2
[2.065s] make: *** [Makefile:141: all] Error 2
[2.069s] Invoked command in '/home/chad/ros2_ws/src/build/mujoco_test2' returned '2': CMAKE_PREFIX_PATH=${CMAKE_PREFIX_PATH}:/opt/ros/foxy /usr/bin/cmake --build /home/chad/ros2_ws/src/build/mujoco_test2 -- -j12 -l12
