[01m[K/home/chad/ros2_ws/src/mujoco_sim_test/src/publisher.cpp:34:24:[m[K [01;31m[Kerror: [m[Kâ€˜[01m[KsharedPtr[m[Kâ€™ in â€˜[01m[Kclass rclcpp::TimerBase[m[Kâ€™ does not name a type
   34 |     rclcpp::TimerBase::[01;31m[KsharedPtr[m[K timer_;
      |                        [01;31m[K^~~~~~~~~[m[K
[01m[K/home/chad/ros2_ws/src/mujoco_sim_test/src/publisher.cpp:37:2:[m[K [01;31m[Kerror: [m[Kexpected â€˜[01m[K;[m[Kâ€™ after class definition
   37 | }
      |  [01;31m[K^[m[K
      |  [32m[K;[m[K
[01m[K/home/chad/ros2_ws/src/mujoco_sim_test/src/publisher.cpp:[m[K In constructor â€˜[01m[KTestPublisher::TestPublisher()[m[Kâ€™:
[01m[K/home/chad/ros2_ws/src/mujoco_sim_test/src/publisher.cpp:19:36:[m[K [01;31m[Kerror: [m[Kâ€˜[01m[KQos[m[Kâ€™ is not a member of â€˜[01m[Krclcpp[m[Kâ€™; did you mean â€˜[01m[KQoS[m[Kâ€™?
   19 |         auto qos_profile = rclcpp::[01;31m[KQos[m[K(rclcpp::KeepLast(10));
      |                                    [01;31m[K^~~[m[K
      |                                    [32m[KQoS[m[K
[01m[K/home/chad/ros2_ws/src/mujoco_sim_test/src/publisher.cpp:22:9:[m[K [01;31m[Kerror: [m[Kâ€˜[01m[Ktimer_[m[Kâ€™ was not declared in this scope; did you mean â€˜[01m[Ktimer_t[m[Kâ€™?
   22 |         [01;31m[Ktimer_[m[K = this -> create_wall_timer(
      |         [01;31m[K^~~~~~[m[K
      |         [32m[Ktimer_t[m[K
[01m[K/home/chad/ros2_ws/src/mujoco_sim_test/src/publisher.cpp:23:60:[m[K [01;31m[Kerror: [m[Kexpected â€˜[01m[K)[m[Kâ€™ before â€˜[01m[K;[m[Kâ€™ token
   23 |             1s,std::bind(&TestPublisher::publish_msg, this)[01;31m[K;[m[K
      |                                                            [01;31m[K^[m[K
      |                                                            [32m[K)[m[K
[01m[K/home/chad/ros2_ws/src/mujoco_sim_test/src/publisher.cpp:22:43:[m[K [01;36m[Knote: [m[Kto match this â€˜[01m[K([m[Kâ€™
   22 |         timer_ = this -> create_wall_timer[01;36m[K([m[K
      |                                           [01;36m[K^[m[K
[01m[K/home/chad/ros2_ws/src/mujoco_sim_test/src/publisher.cpp:24:9:[m[K [01;31m[Kerror: [m[Kexpected primary-expression before â€˜[01m[K)[m[Kâ€™ token
   24 |         [01;31m[K)[m[K
      |         [01;31m[K^[m[K
[01m[K/home/chad/ros2_ws/src/mujoco_sim_test/src/publisher.cpp:[m[K In member function â€˜[01m[Kvoid TestPublisher::publish_msg()[m[Kâ€™:
[01m[K/home/chad/ros2_ws/src/mujoco_sim_test/src/publisher.cpp:29:20:[m[K [01;31m[Kerror: [m[Kâ€˜[01m[Kstd_msg[m[Kâ€™ has not been declared
   29 |         auto msg = [01;31m[Kstd_msg[m[K::msg::String();
      |                    [01;31m[K^~~~~~~[m[K
make[2]: *** [CMakeFiles/publish_node.dir/build.make:63: CMakeFiles/publish_node.dir/src/publisher.cpp.o] Error 1
make[1]: *** [CMakeFiles/Makefile2:80: CMakeFiles/publish_node.dir/all] Error 2
make: *** [Makefile:141: all] Error 2
