[0.021s] Invoking command in '/home/chad/ros2_ws/src/build/mujoco_sim_test': CMAKE_PREFIX_PATH=/home/chad/ros2_ws/src/install/msg_srv_action_interface_example:/home/chad/ros2_ws/src/install/mujoco_sim_test:/opt/ros/foxy /usr/bin/cmake --build /home/chad/ros2_ws/src/build/mujoco_sim_test -- -j12 -l12
[0.056s] -- Found ament_cmake: 0.9.12 (/opt/ros/foxy/share/ament_cmake/cmake)
[0.085s] -- Using PYTHON_EXECUTABLE: /usr/bin/python3
[0.284s] -- Override CMake install command with custom implementation using symlinks instead of copying resources
[0.296s] -- Found msg_srv_action_interface_example: 0.0.0 (/home/chad/ros2_ws/src/install/msg_srv_action_interface_example/share/msg_srv_action_interface_example/cmake)
[0.318s] -- Using all available rosidl_typesupport_c: rosidl_typesupport_fastrtps_c;rosidl_typesupport_introspection_c
[0.321s] -- Found rosidl_adapter: 1.3.1 (/opt/ros/foxy/share/rosidl_adapter/cmake)
[0.429s] -- Using all available rosidl_typesupport_cpp: rosidl_typesupport_fastrtps_cpp;rosidl_typesupport_introspection_cpp
[0.591s] -- Found rclcpp: 2.4.3 (/opt/ros/foxy/share/rclcpp/cmake)
[0.631s] -- Found rmw_implementation_cmake: 1.0.4 (/opt/ros/foxy/share/rmw_implementation_cmake/cmake)
[0.632s] -- Using RMW implementation 'rmw_fastrtps_cpp' as default
[0.801s] -- Found rclcpp_action: 2.4.3 (/opt/ros/foxy/share/rclcpp_action/cmake)
[0.838s] -- Found ament_lint_auto: 0.9.8 (/opt/ros/foxy/share/ament_lint_auto/cmake)
[0.918s] -- Added test 'copyright' to check source files copyright and LICENSE
[0.921s] -- Added test 'cppcheck' to perform static code analysis on C / C++ code
[0.921s] -- Configured cppcheck include dirs: /home/chad/ros2_ws/src/mujoco_sim_test/include;/home/chad/ros2_ws/src/mujoco_sim_test/../../mujoco_3.1.6/include/
[0.921s] -- Configured cppcheck exclude dirs and/or files: 
[0.923s] -- Added test 'cpplint' to check C / C++ code against the Google style
[0.923s] -- Configured cpplint exclude dirs and/or files: 
[0.924s] -- Added test 'lint_cmake' to check CMake code style
[0.926s] -- Added test 'uncrustify' to check C / C++ code style
[0.927s] -- Configured uncrustify additional arguments: 
[0.927s] -- Added test 'xmllint' to check XML markup files
[0.930s] -- Configuring done
[0.943s] -- Generating done
[0.945s] -- Build files have been written to: /home/chad/ros2_ws/src/build/mujoco_sim_test
[0.984s] [35m[1mScanning dependencies of target publish_node[0m
[1.014s] [ 50%] Built target mujoco_sim_node
[1.028s] [ 75%] [32mBuilding CXX object CMakeFiles/publish_node.dir/src/publisher.cpp.o[0m
[2.361s] [01m[K/home/chad/ros2_ws/src/mujoco_sim_test/src/publisher.cpp:34:24:[m[K [01;31m[Kerror: [m[Kâ€˜[01m[KsharedPtr[m[Kâ€™ in â€˜[01m[Kclass rclcpp::TimerBase[m[Kâ€™ does not name a type
[2.361s]    34 |     rclcpp::TimerBase::[01;31m[KsharedPtr[m[K timer_;
[2.361s]       |                        [01;31m[K^~~~~~~~~[m[K
[2.367s] [01m[K/home/chad/ros2_ws/src/mujoco_sim_test/src/publisher.cpp:37:2:[m[K [01;31m[Kerror: [m[Kexpected â€˜[01m[K;[m[Kâ€™ after class definition
[2.367s]    37 | }
[2.367s]       |  [01;31m[K^[m[K
[2.367s]       |  [32m[K;[m[K
[2.368s] [01m[K/home/chad/ros2_ws/src/mujoco_sim_test/src/publisher.cpp:[m[K In constructor â€˜[01m[KTestPublisher::TestPublisher()[m[Kâ€™:
[2.368s] [01m[K/home/chad/ros2_ws/src/mujoco_sim_test/src/publisher.cpp:19:36:[m[K [01;31m[Kerror: [m[Kâ€˜[01m[KQos[m[Kâ€™ is not a member of â€˜[01m[Krclcpp[m[Kâ€™; did you mean â€˜[01m[KQoS[m[Kâ€™?
[2.368s]    19 |         auto qos_profile = rclcpp::[01;31m[KQos[m[K(rclcpp::KeepLast(10));
[2.368s]       |                                    [01;31m[K^~~[m[K
[2.368s]       |                                    [32m[KQoS[m[K
[2.369s] [01m[K/home/chad/ros2_ws/src/mujoco_sim_test/src/publisher.cpp:22:9:[m[K [01;31m[Kerror: [m[Kâ€˜[01m[Ktimer_[m[Kâ€™ was not declared in this scope; did you mean â€˜[01m[Ktimer_t[m[Kâ€™?
[2.369s]    22 |         [01;31m[Ktimer_[m[K = this -> create_wall_timer(
[2.370s]       |         [01;31m[K^~~~~~[m[K
[2.370s]       |         [32m[Ktimer_t[m[K
[2.376s] [01m[K/home/chad/ros2_ws/src/mujoco_sim_test/src/publisher.cpp:23:60:[m[K [01;31m[Kerror: [m[Kexpected â€˜[01m[K)[m[Kâ€™ before â€˜[01m[K;[m[Kâ€™ token
[2.376s]    23 |             1s,std::bind(&TestPublisher::publish_msg, this)[01;31m[K;[m[K
[2.376s]       |                                                            [01;31m[K^[m[K
[2.376s]       |                                                            [32m[K)[m[K
[2.376s] [01m[K/home/chad/ros2_ws/src/mujoco_sim_test/src/publisher.cpp:22:43:[m[K [01;36m[Knote: [m[Kto match this â€˜[01m[K([m[Kâ€™
[2.377s]    22 |         timer_ = this -> create_wall_timer[01;36m[K([m[K
[2.377s]       |                                           [01;36m[K^[m[K
[2.377s] [01m[K/home/chad/ros2_ws/src/mujoco_sim_test/src/publisher.cpp:24:9:[m[K [01;31m[Kerror: [m[Kexpected primary-expression before â€˜[01m[K)[m[Kâ€™ token
[2.377s]    24 |         [01;31m[K)[m[K
[2.377s]       |         [01;31m[K^[m[K
[2.377s] [01m[K/home/chad/ros2_ws/src/mujoco_sim_test/src/publisher.cpp:[m[K In member function â€˜[01m[Kvoid TestPublisher::publish_msg()[m[Kâ€™:
[2.377s] [01m[K/home/chad/ros2_ws/src/mujoco_sim_test/src/publisher.cpp:29:20:[m[K [01;31m[Kerror: [m[Kâ€˜[01m[Kstd_msg[m[Kâ€™ has not been declared
[2.378s]    29 |         auto msg = [01;31m[Kstd_msg[m[K::msg::String();
[2.378s]       |                    [01;31m[K^~~~~~~[m[K
[2.761s] make[2]: *** [CMakeFiles/publish_node.dir/build.make:63: CMakeFiles/publish_node.dir/src/publisher.cpp.o] Error 1
[2.761s] make[1]: *** [CMakeFiles/Makefile2:80: CMakeFiles/publish_node.dir/all] Error 2
[2.762s] make: *** [Makefile:141: all] Error 2
[2.765s] Invoked command in '/home/chad/ros2_ws/src/build/mujoco_sim_test' returned '2': CMAKE_PREFIX_PATH=/home/chad/ros2_ws/src/install/msg_srv_action_interface_example:/home/chad/ros2_ws/src/install/mujoco_sim_test:/opt/ros/foxy /usr/bin/cmake --build /home/chad/ros2_ws/src/build/mujoco_sim_test -- -j12 -l12
