[0.022s] Invoking command in '/home/chad/ros2_ws/src/build/mujoco_sim_test': CMAKE_PREFIX_PATH=/home/chad/ros2_ws/src/install/msg_srv_action_interface_example:/home/chad/ros2_ws/src/install/mujoco_sim_test:/opt/ros/foxy /usr/bin/cmake --build /home/chad/ros2_ws/src/build/mujoco_sim_test -- -j12 -l12
[0.090s] [35m[1mScanning dependencies of target mujoco_sim_node[0m
[0.136s] [ 50%] [32mBuilding CXX object CMakeFiles/mujoco_sim_node.dir/src/mujoco2.cpp.o[0m
[1.634s] [01m[K/home/chad/ros2_ws/src/mujoco_sim_test/src/mujoco2.cpp:[m[K In constructor â€˜[01m[KMujocoSimNode::MujocoSimNode(const rclcpp::NodeOptions&)[m[Kâ€™:
[1.634s] [01m[K/home/chad/ros2_ws/src/mujoco_sim_test/src/mujoco2.cpp:80:86:[m[K [01;31m[Kerror: [m[Kexpected â€˜[01m[K)[m[Kâ€™ before â€˜[01m[K;[m[Kâ€™ token
[1.634s]    80 | ile, std::bind(&MujocoSimNode::subscribe_topic_msg, this, _1)[01;31m[K;[m[K
[1.635s]       |                                                              [01;31m[K^[m[K
[1.635s]       |                                                              [32m[K)[m[K
[1.635s] [01m[K/home/chad/ros2_ws/src/mujoco_sim_test/src/mujoco2.cpp:79:74:[m[K [01;36m[Knote: [m[Kto match this â€˜[01m[K([m[Kâ€™
[1.635s]    79 | scriber_ = this -> create_subscription<std_msgs::msg::String>[01;36m[K([m[K // subscription callback
[1.635s]       |                                                              [01;36m[K^[m[K
[1.635s] 
[1.636s] [01m[K/home/chad/ros2_ws/src/mujoco_sim_test/src/mujoco2.cpp:81:5:[m[K [01;31m[Kerror: [m[Kexpected primary-expression before â€˜[01m[K)[m[Kâ€™ token
[1.636s]    81 |     [01;31m[K)[m[K;
[1.636s]       |     [01;31m[K^[m[K
[2.378s] make[2]: *** [CMakeFiles/mujoco_sim_node.dir/build.make:63: CMakeFiles/mujoco_sim_node.dir/src/mujoco2.cpp.o] Error 1
[2.378s] make[1]: *** [CMakeFiles/Makefile2:78: CMakeFiles/mujoco_sim_node.dir/all] Error 2
[2.378s] make: *** [Makefile:141: all] Error 2
[2.382s] Invoked command in '/home/chad/ros2_ws/src/build/mujoco_sim_test' returned '2': CMAKE_PREFIX_PATH=/home/chad/ros2_ws/src/install/msg_srv_action_interface_example:/home/chad/ros2_ws/src/install/mujoco_sim_test:/opt/ros/foxy /usr/bin/cmake --build /home/chad/ros2_ws/src/build/mujoco_sim_test -- -j12 -l12
