[0.022s] Invoking command in '/home/chad/ros2_ws/src/build/mujoco_sim_test': CMAKE_PREFIX_PATH=/home/chad/ros2_ws/src/install/msg_srv_action_interface_example:/home/chad/ros2_ws/src/install/mujoco_sim_test:/opt/ros/foxy /usr/bin/cmake --build /home/chad/ros2_ws/src/build/mujoco_sim_test -- -j12 -l12
[0.093s] [35m[1mScanning dependencies of target mujoco_sim_node[0m
[0.117s] [ 50%] Built target publish_node
[0.133s] [ 75%] [32mBuilding CXX object CMakeFiles/mujoco_sim_node.dir/src/mujoco2.cpp.o[0m
[1.645s] [01m[K/home/chad/ros2_ws/src/mujoco_sim_test/src/mujoco2.cpp:[m[K In function â€˜[01m[Kint main(int, char**)[m[Kâ€™:
[1.645s] [01m[K/home/chad/ros2_ws/src/mujoco_sim_test/src/mujoco2.cpp:280:23:[m[K [01;31m[Kerror: [m[Kno matching function for call to â€˜[01m[Krclcpp::executors::SingleThreadedExecutor::spin(std::shared_ptr<MujocoSimNode>&)[m[Kâ€™
[1.645s]   280 |     executor.spin(node[01;31m[K)[m[K;
[1.645s]       |                       [01;31m[K^[m[K
[1.645s] In file included from [01m[K/opt/ros/foxy/include/rclcpp/executors.hpp:22[m[K,
[1.646s]                  from [01m[K/opt/ros/foxy/include/rclcpp/rclcpp.hpp:146[m[K,
[1.646s]                  from [01m[K/home/chad/ros2_ws/src/mujoco_sim_test/include/mujoco2.hpp:15[m[K,
[1.646s]                  from [01m[K/home/chad/ros2_ws/src/mujoco_sim_test/src/mujoco2.cpp:3[m[K:
[1.646s] [01m[K/opt/ros/foxy/include/rclcpp/executors/single_threaded_executor.hpp:66:3:[m[K [01;36m[Knote: [m[Kcandidate: â€˜[01m[Kvirtual void rclcpp::executors::SingleThreadedExecutor::spin()[m[Kâ€™
[1.646s]    66 |   [01;36m[Kspin[m[K() override;
[1.646s]       |   [01;36m[K^~~~[m[K
[1.647s] [01m[K/opt/ros/foxy/include/rclcpp/executors/single_threaded_executor.hpp:66:3:[m[K [01;36m[Knote: [m[K  candidate expects 0 arguments, 1 provided
[3.171s] make[2]: *** [CMakeFiles/mujoco_sim_node.dir/build.make:63: CMakeFiles/mujoco_sim_node.dir/src/mujoco2.cpp.o] Error 1
[3.171s] make[1]: *** [CMakeFiles/Makefile2:107: CMakeFiles/mujoco_sim_node.dir/all] Error 2
[3.172s] make: *** [Makefile:141: all] Error 2
[3.176s] Invoked command in '/home/chad/ros2_ws/src/build/mujoco_sim_test' returned '2': CMAKE_PREFIX_PATH=/home/chad/ros2_ws/src/install/msg_srv_action_interface_example:/home/chad/ros2_ws/src/install/mujoco_sim_test:/opt/ros/foxy /usr/bin/cmake --build /home/chad/ros2_ws/src/build/mujoco_sim_test -- -j12 -l12
