-- Found ament_cmake: 0.9.12 (/opt/ros/foxy/share/ament_cmake/cmake)
-- Using PYTHON_EXECUTABLE: /usr/bin/python3
-- Override CMake install command with custom implementation using symlinks instead of copying resources
-- Found msg_srv_action_interface_example: 0.0.0 (/home/chad/robot_ws_foxy/src/install/msg_srv_action_interface_example/share/msg_srv_action_interface_example/cmake)
-- Using all available rosidl_typesupport_c: rosidl_typesupport_fastrtps_c;rosidl_typesupport_introspection_c
-- Found rosidl_adapter: 1.3.1 (/opt/ros/foxy/share/rosidl_adapter/cmake)
-- Using all available rosidl_typesupport_cpp: rosidl_typesupport_fastrtps_cpp;rosidl_typesupport_introspection_cpp
-- Found rclcpp: 2.4.3 (/opt/ros/foxy/share/rclcpp/cmake)
-- Found rmw_implementation_cmake: 1.0.4 (/opt/ros/foxy/share/rmw_implementation_cmake/cmake)
-- Using RMW implementation 'rmw_fastrtps_cpp' as default
-- Found rclcpp_action: 2.4.3 (/opt/ros/foxy/share/rclcpp_action/cmake)
-- Found ament_lint_auto: 0.9.8 (/opt/ros/foxy/share/ament_lint_auto/cmake)
-- Added test 'copyright' to check source files copyright and LICENSE
-- Added test 'cppcheck' to perform static code analysis on C / C++ code
-- Configured cppcheck include dirs: /home/chad/ros2_ws/src/mujoco_test2/include;/home/chad/ros2_ws/src/mujoco_test2/../../mujoco_3.1.6/include/
-- Configured cppcheck exclude dirs and/or files: 
-- Added test 'cpplint' to check C / C++ code against the Google style
-- Configured cpplint exclude dirs and/or files: 
-- Added test 'lint_cmake' to check CMake code style
-- Added test 'uncrustify' to check C / C++ code style
-- Configured uncrustify additional arguments: 
-- Added test 'xmllint' to check XML markup files
-- Configuring done
-- Generating done
-- Build files have been written to: /home/chad/ros2_ws/src/build/mujoco_test2
[35m[1mScanning dependencies of target mujoco_node[0m
[ 33%] [32mBuilding CXX object CMakeFiles/mujoco_node.dir/src/main.cpp.o[0m
[01m[K/home/chad/ros2_ws/src/mujoco_test2/src/main.cpp:[m[K In function ‚Äò[01m[Kvoid mujoco::PhysicsLoop(Simulate&)[m[K‚Äô:
[01m[K/home/chad/ros2_ws/src/mujoco_test2/src/main.cpp:94:22:[m[K [01;31m[Kerror: [m[Kbase operand of ‚Äò[01m[K->[m[K‚Äô has non-pointer type ‚Äò[01m[KSimulate[m[K‚Äô
   94 |              if (sim [01;31m[K->[m[K m)
      |                      [01;31m[K^~[m[K
[01m[K/home/chad/ros2_ws/src/mujoco_test2/src/main.cpp:102:25:[m[K [01;31m[Kerror: [m[K‚Äò[01m[Km[m[K‚Äô was not declared in this scope; did you mean ‚Äò[01m[Ktm[m[K‚Äô?
  102 |                 mj_step([01;31m[Km[m[K, d);
      |                         [01;31m[K^[m[K
      |                         [32m[Ktm[m[K
[01m[K/home/chad/ros2_ws/src/mujoco_test2/src/main.cpp:102:28:[m[K [01;31m[Kerror: [m[K‚Äò[01m[Kd[m[K‚Äô was not declared in this scope
  102 |                 mj_step(m, [01;31m[Kd[m[K);
      |                            [01;31m[K^[m[K
[01m[K/home/chad/ros2_ws/src/mujoco_test2/src/main.cpp:[m[K In function ‚Äò[01m[Kvoid mujoco::PhysicsThread(Simulate*)[m[K‚Äô:
[01m[K/home/chad/ros2_ws/src/mujoco_test2/src/main.cpp:111:21:[m[K [01;31m[Kerror: [m[K‚Äò[01m[Kclass Simulate[m[K‚Äô has no member named ‚Äò[01m[Km[m[K‚Äô; did you mean ‚Äò[01m[KmjModel* Simulate::m_[m[K‚Äô? (not accessible from this context)
  111 |     mj_forward(sim->[01;31m[Km[m[K, sim->d);
      |                     [01;31m[K^[m[K
In file included from [01m[K/home/chad/ros2_ws/src/mujoco_test2/src/main.cpp:12[m[K:
[01m[K/home/chad/ros2_ws/src/mujoco_test2/include/sim.hpp:29:14:[m[K [01;36m[Knote: [m[Kdeclared private here
   29 |     mjModel* [01;36m[Km_[m[K = nullptr;         // MuJoCo Î™®Îç∏
      |              [01;36m[K^~[m[K
[01m[K/home/chad/ros2_ws/src/mujoco_test2/src/main.cpp:111:29:[m[K [01;31m[Kerror: [m[K‚Äò[01m[Kclass Simulate[m[K‚Äô has no member named ‚Äò[01m[Kd[m[K‚Äô; did you mean ‚Äò[01m[KmjData* Simulate::d_[m[K‚Äô? (not accessible from this context)
  111 |     mj_forward(sim->m, sim->[01;31m[Kd[m[K);
      |                             [01;31m[K^[m[K
In file included from [01m[K/home/chad/ros2_ws/src/mujoco_test2/src/main.cpp:12[m[K:
[01m[K/home/chad/ros2_ws/src/mujoco_test2/include/sim.hpp:30:13:[m[K [01;36m[Knote: [m[Kdeclared private here
   30 |     mjData* [01;36m[Kd_[m[K = nullptr;          // MuJoCo Îç∞Ïù¥ÌÑ∞
      |             [01;36m[K^~[m[K
[01m[K/home/chad/ros2_ws/src/mujoco_test2/src/main.cpp:116:5:[m[K [01;31m[Kerror: [m[Kno match for ‚Äò[01m[Koperator~[m[K‚Äô (operand type is ‚Äò[01m[KSimulate[m[K‚Äô)
  116 |     [01;31m[K~Simulate()[m[K;
      |     [01;31m[K^~~~~~~~~~~[m[K
[01m[K/home/chad/ros2_ws/src/mujoco_test2/src/main.cpp:[m[K In function ‚Äò[01m[Kint main(int, char**)[m[K‚Äô:
[01m[K/home/chad/ros2_ws/src/mujoco_test2/src/main.cpp:128:38:[m[K [01;31m[Kerror: [m[K‚Äò[01m[KPhysicsThread[m[K‚Äô was not declared in this scope; did you mean ‚Äò[01m[Kmujoco::PhysicsThread[m[K‚Äô?
  128 | hysicsthreadhandle(&[01;31m[KPhysicsThread[m[K, sim.get(), nullptr);
      |                     [01;31m[K^~~~~~~~~~~~~[m[K
      |                     [32m[Kmujoco::PhysicsThread[m[K
[01m[K/home/chad/ros2_ws/src/mujoco_test2/src/main.cpp:109:6:[m[K [01;36m[Knote: [m[K‚Äò[01m[Kmujoco::PhysicsThread[m[K‚Äô declared here
  109 | void [01;36m[KPhysicsThread[m[K(Simulate *sim)
      |      [01;36m[K^~~~~~~~~~~~~[m[K
[01m[K/home/chad/ros2_ws/src/mujoco_test2/src/main.cpp:128:53:[m[K [01;31m[Kerror: [m[K‚Äò[01m[Ksim[m[K‚Äô was not declared in this scope; did you mean ‚Äò[01m[Ksin[m[K‚Äô?
  128 | dle(&PhysicsThread, [01;31m[Ksim[m[K.get(), nullptr);
      |                     [01;31m[K^~~[m[K
      |                     [32m[Ksin[m[K
make[2]: *** [CMakeFiles/mujoco_node.dir/build.make:76: CMakeFiles/mujoco_node.dir/src/main.cpp.o] Error 1
make[1]: *** [CMakeFiles/Makefile2:78: CMakeFiles/mujoco_node.dir/all] Error 2
make: *** [Makefile:141: all] Error 2
