[0.019s] Invoking command in '/home/chad/ros2_ws/src/build/mujoco_test2': CMAKE_PREFIX_PATH=${CMAKE_PREFIX_PATH}:/opt/ros/foxy /usr/bin/cmake --build /home/chad/ros2_ws/src/build/mujoco_test2 -- -j12 -l12
[0.087s] [35m[1mScanning dependencies of target mujoco_node[0m
[0.129s] [ 33%] [32mBuilding CXX object CMakeFiles/mujoco_node.dir/src/main.cpp.o[0m
[1.618s] [01m[K/home/chad/ros2_ws/src/mujoco_test2/src/main.cpp:[m[K In function â€˜[01m[Kvoid mujoco::PhysicsThread(Simulate*)[m[Kâ€™:
[1.618s] [01m[K/home/chad/ros2_ws/src/mujoco_test2/src/main.cpp:111:20:[m[K [01;31m[Kerror: [m[Krequest for member â€˜[01m[Km_[m[Kâ€™ in â€˜[01m[Ksim[m[Kâ€™, which is of pointer type â€˜[01m[KSimulate*[m[Kâ€™ (maybe you meant to use â€˜[01m[K->[m[Kâ€™ ?)
[1.618s]   111 |     mj_forward(sim.[01;31m[Km_[m[K, sim.d_);
[1.618s]       |                    [01;31m[K^~[m[K
[1.618s] [01m[K/home/chad/ros2_ws/src/mujoco_test2/src/main.cpp:111:28:[m[K [01;31m[Kerror: [m[Krequest for member â€˜[01m[Kd_[m[Kâ€™ in â€˜[01m[Ksim[m[Kâ€™, which is of pointer type â€˜[01m[KSimulate*[m[Kâ€™ (maybe you meant to use â€˜[01m[K->[m[Kâ€™ ?)
[1.619s]   111 |     mj_forward(sim.m_, sim.[01;31m[Kd_[m[K);
[1.619s]       |                            [01;31m[K^~[m[K
[1.619s] [01m[K/home/chad/ros2_ws/src/mujoco_test2/src/main.cpp:116:5:[m[K [01;31m[Kerror: [m[Kno match for â€˜[01m[Koperator~[m[Kâ€™ (operand type is â€˜[01m[KSimulate[m[Kâ€™)
[1.619s]   116 |     [01;31m[K~Simulate()[m[K;
[1.619s]       |     [01;31m[K^~~~~~~~~~~[m[K
[1.706s] In file included from [01m[K/home/chad/ros2_ws/src/mujoco_test2/src/main.cpp:7[m[K:
[1.706s] /usr/include/c++/9/thread: In instantiation of â€˜[01m[Kstd::thread::thread(_Callable&&, _Args&& ...) [with _Callable = void (*)(Simulate*); _Args = {Simulate*, std::nullptr_t}; <template-parameter-1-3> = void][m[Kâ€™:
[1.706s] [01m[K/home/chad/ros2_ws/src/mujoco_test2/src/main.cpp:128:79:[m[K   required from here
[1.706s] [01m[K/usr/include/c++/9/thread:120:44:[m[K [01;31m[Kerror: [m[Kstatic assertion failed: std::thread arguments must be invocable after conversion to rvalues
[1.706s]   120 |           typename decay<_Args>::type...>::[01;31m[Kvalue[m[K,
[1.707s]       |                                            [01;31m[K^~~~~[m[K
[1.711s] /usr/include/c++/9/thread: In instantiation of â€˜[01m[Kstruct std::thread::_Invoker<std::tuple<void (*)(Simulate*), Simulate*, std::nullptr_t> >[m[Kâ€™:
[1.711s] [01m[K/usr/include/c++/9/thread:131:22:[m[K   required from â€˜[01m[Kstd::thread::thread(_Callable&&, _Args&& ...) [with _Callable = void (*)(Simulate*); _Args = {Simulate*, std::nullptr_t}; <template-parameter-1-3> = void][m[Kâ€™
[1.711s] [01m[K/home/chad/ros2_ws/src/mujoco_test2/src/main.cpp:128:79:[m[K   required from here
[1.711s] [01m[K/usr/include/c++/9/thread:243:4:[m[K [01;31m[Kerror: [m[Kno type named â€˜[01m[Ktype[m[Kâ€™ in â€˜[01m[Kstruct std::thread::_Invoker<std::tuple<void (*)(Simulate*), Simulate*, std::nullptr_t> >::__result<std::tuple<void (*)(Simulate*), Simulate*, std::nullptr_t> >[m[Kâ€™
[1.711s]   243 |    [01;31m[K_M_invoke[m[K(_Index_tuple<_Ind...>)
[1.711s]       |    [01;31m[K^~~~~~~~~[m[K
[1.711s] [01m[K/usr/include/c++/9/thread:247:2:[m[K [01;31m[Kerror: [m[Kno type named â€˜[01m[Ktype[m[Kâ€™ in â€˜[01m[Kstruct std::thread::_Invoker<std::tuple<void (*)(Simulate*), Simulate*, std::nullptr_t> >::__result<std::tuple<void (*)(Simulate*), Simulate*, std::nullptr_t> >[m[Kâ€™
[1.712s]   247 |  [01;31m[Koperator[m[K()()
[1.712s]       |  [01;31m[K^~~~~~~~[m[K
[1.997s] make[2]: *** [CMakeFiles/mujoco_node.dir/build.make:76: CMakeFiles/mujoco_node.dir/src/main.cpp.o] Error 1
[1.997s] make[1]: *** [CMakeFiles/Makefile2:78: CMakeFiles/mujoco_node.dir/all] Error 2
[1.998s] make: *** [Makefile:141: all] Error 2
[2.002s] Invoked command in '/home/chad/ros2_ws/src/build/mujoco_test2' returned '2': CMAKE_PREFIX_PATH=${CMAKE_PREFIX_PATH}:/opt/ros/foxy /usr/bin/cmake --build /home/chad/ros2_ws/src/build/mujoco_test2 -- -j12 -l12
