[0.027s] Invoking command in '/home/chad/ros2_ws/src/build/mujoco_sim_test': CMAKE_PREFIX_PATH=/home/chad/ros2_ws/src/install/msg_srv_action_interface_example:/home/chad/ros2_ws/src/install/mujoco_sim_test:/opt/ros/foxy /usr/bin/cmake --build /home/chad/ros2_ws/src/build/mujoco_sim_test -- -j12 -l12
[0.092s] [35m[1mScanning dependencies of target publish_node[0m
[0.093s] [35m[1mScanning dependencies of target mujoco_sim_node[0m
[0.128s] [ 25%] [32mBuilding CXX object CMakeFiles/publish_node.dir/src/publisher.cpp.o[0m
[0.137s] [ 50%] [32mBuilding CXX object CMakeFiles/mujoco_sim_node.dir/src/mujoco2.cpp.o[0m
[1.524s] [01m[K/home/chad/ros2_ws/src/mujoco_sim_test/src/publisher.cpp:[m[K In constructor â€˜[01m[KTestPublisher::TestPublisher()[m[Kâ€™:
[1.524s] [01m[K/home/chad/ros2_ws/src/mujoco_sim_test/src/publisher.cpp:23:60:[m[K [01;31m[Kerror: [m[Kexpected â€˜[01m[K)[m[Kâ€™ before â€˜[01m[K;[m[Kâ€™ token
[1.524s]    23 |             1s,std::bind(&TestPublisher::publish_msg, this)[01;31m[K;[m[K
[1.524s]       |                                                            [01;31m[K^[m[K
[1.524s]       |                                                            [32m[K)[m[K
[1.524s] [01m[K/home/chad/ros2_ws/src/mujoco_sim_test/src/publisher.cpp:22:43:[m[K [01;36m[Knote: [m[Kto match this â€˜[01m[K([m[Kâ€™
[1.525s]    22 |         timer_ = this -> create_wall_timer[01;36m[K([m[K
[1.525s]       |                                           [01;36m[K^[m[K
[1.525s] [01m[K/home/chad/ros2_ws/src/mujoco_sim_test/src/publisher.cpp:24:9:[m[K [01;31m[Kerror: [m[Kexpected primary-expression before â€˜[01m[K)[m[Kâ€™ token
[1.525s]    24 |         [01;31m[K)[m[K
[1.525s]       |         [01;31m[K^[m[K
[1.525s] [01m[K/home/chad/ros2_ws/src/mujoco_sim_test/src/publisher.cpp:[m[K In member function â€˜[01m[Kvoid TestPublisher::publish_msg()[m[Kâ€™:
[1.525s] [01m[K/home/chad/ros2_ws/src/mujoco_sim_test/src/publisher.cpp:29:20:[m[K [01;31m[Kerror: [m[Kâ€˜[01m[Kstd_msg[m[Kâ€™ has not been declared
[1.525s]    29 |         auto msg = [01;31m[Kstd_msg[m[K::msg::String();
[1.526s]       |                    [01;31m[K^~~~~~~[m[K
[2.444s] make[2]: *** [CMakeFiles/publish_node.dir/build.make:63: CMakeFiles/publish_node.dir/src/publisher.cpp.o] Error 1
[2.444s] make[1]: *** [CMakeFiles/Makefile2:80: CMakeFiles/publish_node.dir/all] Error 2
[2.445s] make[1]: *** Waiting for unfinished jobs....
[5.494s] [ 75%] [32m[1mLinking CXX executable mujoco_sim_node[0m
[5.759s] [ 75%] Built target mujoco_sim_node
[5.760s] make: *** [Makefile:141: all] Error 2
[5.763s] Invoked command in '/home/chad/ros2_ws/src/build/mujoco_sim_test' returned '2': CMAKE_PREFIX_PATH=/home/chad/ros2_ws/src/install/msg_srv_action_interface_example:/home/chad/ros2_ws/src/install/mujoco_sim_test:/opt/ros/foxy /usr/bin/cmake --build /home/chad/ros2_ws/src/build/mujoco_sim_test -- -j12 -l12
