[0.021s] Invoking command in '/home/chad/ros2_ws/src/build/mujoco_sim_test': CMAKE_PREFIX_PATH=/home/chad/ros2_ws/src/install/msg_srv_action_interface_example:/home/chad/ros2_ws/src/install/mujoco_sim_test:/opt/ros/foxy /usr/bin/cmake --build /home/chad/ros2_ws/src/build/mujoco_sim_test -- -j12 -l12
[0.083s] [35m[1mScanning dependencies of target mujoco_sim_node[0m
[0.135s] [ 50%] [32mBuilding CXX object CMakeFiles/mujoco_sim_node.dir/src/mujoco2.cpp.o[0m
[1.580s] In file included from [01m[K/home/chad/ros2_ws/src/mujoco_sim_test/src/mujoco2.cpp:3[m[K:
[1.580s] [01m[K/home/chad/ros2_ws/src/mujoco_sim_test/include/mujoco2.hpp:67:36:[m[K [01;31m[Kerror: [m[Kâ€˜[01m[Kstd_msgs[m[Kâ€™ does not name a type
[1.581s]    67 |     void subscribe_topic_msg(const [01;31m[Kstd_msgs[m[K::msg::String::SharedPtr msg) const
[1.581s]       |                                    [01;31m[K^~~~~~~~[m[K
[1.581s] [01m[K/home/chad/ros2_ws/src/mujoco_sim_test/include/mujoco2.hpp:67:49:[m[K [01;31m[Kerror: [m[Kexpected unqualified-id before â€˜[01m[K::[m[Kâ€™ token
[1.581s]    67 |     void subscribe_topic_msg(const std_msgs::msg[01;31m[K::[m[KString::SharedPtr msg) const
[1.581s]       |                                                 [01;31m[K^~[m[K
[1.581s] [01m[K/home/chad/ros2_ws/src/mujoco_sim_test/include/mujoco2.hpp:67:49:[m[K [01;31m[Kerror: [m[Kexpected â€˜[01m[K)[m[Kâ€™ before â€˜[01m[K::[m[Kâ€™ token
[1.582s]    67 |     void subscribe_topic_msg[34m[K([m[Kconst std_msgs::msg[01;31m[K:[m[K[32m[K:[m[KString::SharedPtr msg) const
[1.582s]       |                             [34m[K~[m[K                   [01;31m[K^[m[K[32m[K~[m[K
[1.582s]       |                                                 [32m[K)[m[K
[1.582s] [01m[K/home/chad/ros2_ws/src/mujoco_sim_test/include/mujoco2.hpp:67:46:[m[K [01;31m[Kerror: [m[Kexpected â€˜[01m[K;[m[Kâ€™ at end of member declaration
[1.582s]    67 |     void subscribe_topic_msg(const std_msgs::[01;31m[Kmsg[m[K::String::SharedPtr msg) const
[1.582s]       |                                              [01;31m[K^~~[m[K
[1.583s]       |                                                 [32m[K;[m[K
[1.583s] [01m[K/home/chad/ros2_ws/src/mujoco_sim_test/include/mujoco2.hpp:67:51:[m[K [01;31m[Kerror: [m[Kâ€˜[01m[KString[m[Kâ€™ in namespace â€˜[01m[K::[m[Kâ€™ does not name a type
[1.583s]    67 |     void subscribe_topic_msg(const std_msgs::msg::[01;31m[KString[m[K::SharedPtr msg) const
[1.583s]       |                                                   [01;31m[K^~~~~~[m[K
[1.584s] [01m[K/home/chad/ros2_ws/src/mujoco_sim_test/include/mujoco2.hpp:71:26:[m[K [01;31m[Kerror: [m[Kâ€˜[01m[Kstd_msgs[m[Kâ€™ was not declared in this scope
[1.584s]    71 |     rclcpp::Subscription<[01;31m[Kstd_msgs[m[K::msg::String>::SharedPtr test_subscriber_;
[1.584s]       |                          [01;31m[K^~~~~~~~[m[K
[1.584s] [01m[K/home/chad/ros2_ws/src/mujoco_sim_test/include/mujoco2.hpp:71:47:[m[K [01;31m[Kerror: [m[Ktemplate argument 1 is invalid
[1.584s]    71 |     rclcpp::Subscription<std_msgs::msg::String[01;31m[K>[m[K::SharedPtr test_subscriber_;
[1.584s]       |                                               [01;31m[K^[m[K
[1.584s] [01m[K/home/chad/ros2_ws/src/mujoco_sim_test/include/mujoco2.hpp:71:47:[m[K [01;31m[Kerror: [m[Ktemplate argument 3 is invalid
[1.585s] [01m[K/home/chad/ros2_ws/src/mujoco_sim_test/include/mujoco2.hpp:71:50:[m[K [01;31m[Kerror: [m[Kexpected â€˜[01m[K;[m[Kâ€™ at end of member declaration
[1.585s]    71 |     rclcpp::Subscription<std_msgs::msg::String>::[01;31m[KSharedPtr[m[K test_subscriber_;
[1.585s]       |                                                  [01;31m[K^~~~~~~~~[m[K
[1.585s]       |                                                           [32m[K;[m[K
[1.596s] [01m[K/home/chad/ros2_ws/src/mujoco_sim_test/include/mujoco2.hpp:71:60:[m[K [01;31m[Kerror: [m[Kâ€˜[01m[Ktest_subscriber_[m[Kâ€™ does not name a type
[1.597s]    71 |     rclcpp::Subscription<std_msgs::msg::String>::SharedPtr [01;31m[Ktest_subscriber_[m[K;
[1.597s]       |                                                            [01;31m[K^~~~~~~~~~~~~~~~[m[K
[1.604s] [01m[K/home/chad/ros2_ws/src/mujoco_sim_test/src/mujoco2.cpp:[m[K In constructor â€˜[01m[KMujocoSimNode::MujocoSimNode(const rclcpp::NodeOptions&)[m[Kâ€™:
[1.604s] [01m[K/home/chad/ros2_ws/src/mujoco_sim_test/src/mujoco2.cpp:17:32:[m[K [01;31m[Kerror: [m[Kâ€˜[01m[KQos[m[Kâ€™ is not a member of â€˜[01m[Krclcpp[m[Kâ€™; did you mean â€˜[01m[KQoS[m[Kâ€™?
[1.604s]    17 |     auto qos_profile = rclcpp::[01;31m[KQos[m[K(rclcpp::KeepLast(10));
[1.604s]       |                                [01;31m[K^~~[m[K
[1.604s]       |                                [32m[KQoS[m[K
[1.614s] [01m[K/home/chad/ros2_ws/src/mujoco_sim_test/src/mujoco2.cpp:79:5:[m[K [01;31m[Kerror: [m[Kâ€˜[01m[Ktest_subscriber_[m[Kâ€™ was not declared in this scope; did you mean â€˜[01m[Kcount_subscribers[m[Kâ€™?
[1.614s]    79 |     [01;31m[Ktest_subscriber_[m[K = this -> create_subscription<std_msgs::msg::String>( // subscription callback
[1.614s]       |     [01;31m[K^~~~~~~~~~~~~~~~[m[K
[1.614s]       |     [32m[Kcount_subscribers[m[K
[1.617s] [01m[K/home/chad/ros2_ws/src/mujoco_sim_test/src/mujoco2.cpp:79:52:[m[K [01;31m[Kerror: [m[Kâ€˜[01m[Kstd_msgs[m[Kâ€™ was not declared in this scope
[1.617s]    79 |     test_subscriber_ = this -> create_subscription<[01;31m[Kstd_msgs[m[K::msg::String>( // subscription callback
[1.618s]       |                                                    [01;31m[K^~~~~~~~[m[K
[1.618s] [01m[K/home/chad/ros2_ws/src/mujoco_sim_test/src/mujoco2.cpp:79:32:[m[K [01;31m[Kerror: [m[Kparse error in template argument list
[1.618s]    79 |     test_subscriber_ = this -> [01;31m[Kcreate_subscription<std_msgs::msg::String>[m[K( // subscription callback
[1.618s]       |                                [01;31m[K^~~~~~~~~~~~~~~~~~~~~~~~~~~~~~~~~~~~~~~~~~[m[K
[1.618s] [01m[K/home/chad/ros2_ws/src/mujoco_sim_test/src/mujoco2.cpp:80:55:[m[K [01;31m[Kerror: [m[Kinvalid use of non-static member function â€˜[01m[Kvoid MujocoSimNode::subscribe_topic_msg(...)[m[Kâ€™
[1.618s]    80 |         "test", qos_profile, std::bind([01;31m[KMujocoSimNode::subscribe_topic_msg[m[K, this, _1);
[1.618s]       |                                        [01;31m[K~~~~~~~~~~~~~~~^~~~~~~~~~~~~~~~~~~[m[K
[1.618s] In file included from [01m[K/home/chad/ros2_ws/src/mujoco_sim_test/src/mujoco2.cpp:3[m[K:
[1.619s] [01m[K/home/chad/ros2_ws/src/mujoco_sim_test/include/mujoco2.hpp:67:10:[m[K [01;36m[Knote: [m[Kdeclared here
[1.619s]    67 |     void [01;36m[Ksubscribe_topic_msg[m[K(const std_msgs::msg::String::SharedPtr msg) const
[1.619s]       |          [01;36m[K^~~~~~~~~~~~~~~~~~~[m[K
[1.619s] [01m[K/home/chad/ros2_ws/src/mujoco_sim_test/src/mujoco2.cpp:81:5:[m[K [01;31m[Kerror: [m[Kexpected primary-expression before â€˜[01m[K)[m[Kâ€™ token
[1.619s]    81 |     [01;31m[K)[m[K;
[1.619s]       |     [01;31m[K^[m[K
[2.071s] make[2]: *** [CMakeFiles/mujoco_sim_node.dir/build.make:63: CMakeFiles/mujoco_sim_node.dir/src/mujoco2.cpp.o] Error 1
[2.071s] make[1]: *** [CMakeFiles/Makefile2:78: CMakeFiles/mujoco_sim_node.dir/all] Error 2
[2.071s] make: *** [Makefile:141: all] Error 2
[2.075s] Invoked command in '/home/chad/ros2_ws/src/build/mujoco_sim_test' returned '2': CMAKE_PREFIX_PATH=/home/chad/ros2_ws/src/install/msg_srv_action_interface_example:/home/chad/ros2_ws/src/install/mujoco_sim_test:/opt/ros/foxy /usr/bin/cmake --build /home/chad/ros2_ws/src/build/mujoco_sim_test -- -j12 -l12
