[0.019s] Invoking command in '/home/chad/ros2_ws/src/build/mujoco_test2': CMAKE_PREFIX_PATH=${CMAKE_PREFIX_PATH}:/opt/ros/foxy /usr/bin/cmake --build /home/chad/ros2_ws/src/build/mujoco_test2 -- -j12 -l12
[0.086s] [35m[1mScanning dependencies of target mujoco_node[0m
[0.132s] [ 50%] [32mBuilding CXX object CMakeFiles/mujoco_node.dir/src/sim.cpp.o[0m
[1.572s] In file included from [01m[K/home/chad/ros2_ws/src/mujoco_test2/src/sim.cpp:2[m[K:
[1.572s] [01m[K/home/chad/ros2_ws/src/mujoco_test2/include/sim.hpp:21:5:[m[K [01;31m[Kerror: [m[Knew types may not be defined in a return type
[1.572s]    21 |     [01;31m[Kclass[m[K Simulate
[1.572s]       |     [01;31m[K^~~~~[m[K
[1.572s] [01m[K/home/chad/ros2_ws/src/mujoco_test2/include/sim.hpp:21:5:[m[K [01;36m[Knote: [m[K(perhaps a semicolon is missing after the definition of â€˜[01m[KSimulate[m[Kâ€™)
[1.573s] [01m[K/home/chad/ros2_ws/src/mujoco_test2/src/sim.cpp:15:20:[m[K [01;31m[Kerror: [m[Kreturn type specification for constructor invalid
[1.573s]    15 | Simulate::Simulate([01;31m[K)[m[K
[1.573s]       |                    [01;31m[K^[m[K
[1.934s] make[2]: *** [CMakeFiles/mujoco_node.dir/build.make:63: CMakeFiles/mujoco_node.dir/src/sim.cpp.o] Error 1
[1.934s] make[1]: *** [CMakeFiles/Makefile2:78: CMakeFiles/mujoco_node.dir/all] Error 2
[1.935s] make: *** [Makefile:141: all] Error 2
[1.938s] Invoked command in '/home/chad/ros2_ws/src/build/mujoco_test2' returned '2': CMAKE_PREFIX_PATH=${CMAKE_PREFIX_PATH}:/opt/ros/foxy /usr/bin/cmake --build /home/chad/ros2_ws/src/build/mujoco_test2 -- -j12 -l12
