[01m[K/home/chad/ros2_ws/src/mujoco_test2/src/main.cpp:[m[K In function ‚Äò[01m[Kvoid mujoco::PhysicsLoop(Simulate&)[m[K‚Äô:
[01m[K/home/chad/ros2_ws/src/mujoco_test2/src/main.cpp:94:22:[m[K [01;31m[Kerror: [m[Kbase operand of ‚Äò[01m[K->[m[K‚Äô has non-pointer type ‚Äò[01m[KSimulate[m[K‚Äô
   94 |              if (sim [01;31m[K->[m[K m)
      |                      [01;31m[K^~[m[K
[01m[K/home/chad/ros2_ws/src/mujoco_test2/src/main.cpp:102:25:[m[K [01;31m[Kerror: [m[K‚Äò[01m[Km[m[K‚Äô was not declared in this scope; did you mean ‚Äò[01m[Ktm[m[K‚Äô?
  102 |                 mj_step([01;31m[Km[m[K, d);
      |                         [01;31m[K^[m[K
      |                         [32m[Ktm[m[K
[01m[K/home/chad/ros2_ws/src/mujoco_test2/src/main.cpp:102:28:[m[K [01;31m[Kerror: [m[K‚Äò[01m[Kd[m[K‚Äô was not declared in this scope
  102 |                 mj_step(m, [01;31m[Kd[m[K);
      |                            [01;31m[K^[m[K
[01m[K/home/chad/ros2_ws/src/mujoco_test2/src/main.cpp:[m[K In function ‚Äò[01m[Kvoid mujoco::PhysicsThread(Simulate*)[m[K‚Äô:
[01m[K/home/chad/ros2_ws/src/mujoco_test2/src/main.cpp:111:21:[m[K [01;31m[Kerror: [m[K‚Äò[01m[Kclass Simulate[m[K‚Äô has no member named ‚Äò[01m[Km[m[K‚Äô; did you mean ‚Äò[01m[KmjModel* Simulate::m_[m[K‚Äô? (not accessible from this context)
  111 |     mj_forward(sim->[01;31m[Km[m[K, sim->d);
      |                     [01;31m[K^[m[K
In file included from [01m[K/home/chad/ros2_ws/src/mujoco_test2/src/main.cpp:12[m[K:
[01m[K/home/chad/ros2_ws/src/mujoco_test2/include/sim.hpp:29:14:[m[K [01;36m[Knote: [m[Kdeclared private here
   29 |     mjModel* [01;36m[Km_[m[K = nullptr;         // MuJoCo Î™®Îç∏
      |              [01;36m[K^~[m[K
[01m[K/home/chad/ros2_ws/src/mujoco_test2/src/main.cpp:111:29:[m[K [01;31m[Kerror: [m[K‚Äò[01m[Kclass Simulate[m[K‚Äô has no member named ‚Äò[01m[Kd[m[K‚Äô; did you mean ‚Äò[01m[KmjData* Simulate::d_[m[K‚Äô? (not accessible from this context)
  111 |     mj_forward(sim->m, sim->[01;31m[Kd[m[K);
      |                             [01;31m[K^[m[K
In file included from [01m[K/home/chad/ros2_ws/src/mujoco_test2/src/main.cpp:12[m[K:
[01m[K/home/chad/ros2_ws/src/mujoco_test2/include/sim.hpp:30:13:[m[K [01;36m[Knote: [m[Kdeclared private here
   30 |     mjData* [01;36m[Kd_[m[K = nullptr;          // MuJoCo Îç∞Ïù¥ÌÑ∞
      |             [01;36m[K^~[m[K
[01m[K/home/chad/ros2_ws/src/mujoco_test2/src/main.cpp:116:5:[m[K [01;31m[Kerror: [m[Kno match for ‚Äò[01m[Koperator~[m[K‚Äô (operand type is ‚Äò[01m[KSimulate[m[K‚Äô)
  116 |     [01;31m[K~Simulate()[m[K;
      |     [01;31m[K^~~~~~~~~~~[m[K
[01m[K/home/chad/ros2_ws/src/mujoco_test2/src/main.cpp:[m[K In function ‚Äò[01m[Kint main(int, char**)[m[K‚Äô:
[01m[K/home/chad/ros2_ws/src/mujoco_test2/src/main.cpp:129:38:[m[K [01;31m[Kerror: [m[K‚Äò[01m[KPhysicsThread[m[K‚Äô was not declared in this scope; did you mean ‚Äò[01m[Kmujoco::PhysicsThread[m[K‚Äô?
  129 | hysicsthreadhandle(&[01;31m[KPhysicsThread[m[K, sim.get(), nullptr);
      |                     [01;31m[K^~~~~~~~~~~~~[m[K
      |                     [32m[Kmujoco::PhysicsThread[m[K
[01m[K/home/chad/ros2_ws/src/mujoco_test2/src/main.cpp:109:6:[m[K [01;36m[Knote: [m[K‚Äò[01m[Kmujoco::PhysicsThread[m[K‚Äô declared here
  109 | void [01;36m[KPhysicsThread[m[K(Simulate *sim)
      |      [01;36m[K^~~~~~~~~~~~~[m[K
make[2]: *** [CMakeFiles/mujoco_node.dir/build.make:76: CMakeFiles/mujoco_node.dir/src/main.cpp.o] Error 1
make[1]: *** [CMakeFiles/Makefile2:78: CMakeFiles/mujoco_node.dir/all] Error 2
make: *** [Makefile:141: all] Error 2
