[0.022s] Invoking command in '/home/chad/ros2_ws/src/build/mujoco_sim_test': AMENT_PREFIX_PATH=/home/chad/ros2_ws/src/install/msg_srv_action_interface_example:${AMENT_PREFIX_PATH} CMAKE_PREFIX_PATH=/home/chad/ros2_ws/src/install/msg_srv_action_interface_example:/home/chad/ros2_ws/src/install/mujoco_sim_test:/opt/ros/foxy LD_LIBRARY_PATH=/home/chad/ros2_ws/src/install/msg_srv_action_interface_example/lib:${LD_LIBRARY_PATH} PYTHONPATH=/home/chad/ros2_ws/src/install/msg_srv_action_interface_example/lib/python3.8/site-packages:${PYTHONPATH} /usr/bin/cmake --build /home/chad/ros2_ws/src/build/mujoco_sim_test -- -j12 -l12
[0.087s] [35m[1mScanning dependencies of target mujoco_sim_node[0m
[0.141s] [ 50%] [32mBuilding CXX object CMakeFiles/mujoco_sim_node.dir/src/mujoco2.cpp.o[0m
[1.652s] In file included from [01m[K/opt/ros/foxy/include/rclcpp/client.hpp:40[m[K,
[1.652s]                  from [01m[K/opt/ros/foxy/include/rclcpp/callback_group.hpp:23[m[K,
[1.653s]                  from [01m[K/opt/ros/foxy/include/rclcpp/any_executable.hpp:20[m[K,
[1.653s]                  from [01m[K/opt/ros/foxy/include/rclcpp/memory_strategy.hpp:24[m[K,
[1.653s]                  from [01m[K/opt/ros/foxy/include/rclcpp/memory_strategies.hpp:18[m[K,
[1.653s]                  from [01m[K/opt/ros/foxy/include/rclcpp/executor_options.hpp:20[m[K,
[1.653s]                  from [01m[K/opt/ros/foxy/include/rclcpp/executor.hpp:33[m[K,
[1.653s]                  from [01m[K/opt/ros/foxy/include/rclcpp/executors/multi_threaded_executor.hpp:26[m[K,
[1.654s]                  from [01m[K/opt/ros/foxy/include/rclcpp/executors.hpp:21[m[K,
[1.654s]                  from [01m[K/opt/ros/foxy/include/rclcpp/rclcpp.hpp:146[m[K,
[1.654s]                  from [01m[K/home/chad/ros2_ws/src/mujoco_sim_test/include/mujoco2.hpp:15[m[K,
[1.654s]                  from [01m[K/home/chad/ros2_ws/src/mujoco_sim_test/src/mujoco2.cpp:3[m[K:
[1.654s] [01m[K/home/chad/ros2_ws/src/mujoco_sim_test/src/mujoco2.cpp:[m[K In lambda function:
[1.655s] [01m[K/home/chad/ros2_ws/src/mujoco_sim_test/src/mujoco2.cpp:85:9:[m[K [01;31m[Kerror: [m[Kexpected primary-expression before â€˜[01m[K,[m[Kâ€™ token
[1.655s]    85 |         [01;31m[KRCLCPP_INFO[m[K(this->get_logger(), "Timestamp of the message: sec nanosec",);
[1.655s]       |         [01;31m[K^~~~~~~~~~~[m[K
[1.655s] [01m[K/home/chad/ros2_ws/src/mujoco_sim_test/src/mujoco2.cpp:80:48:[m[K [01;35m[Kwarning: [m[Kunused parameter â€˜[01m[Kmsg[m[Kâ€™ [[01;35m[K-Wunused-parameter[m[K]
[1.655s]    80 |     [this]([01;35m[Kconst ArithmeticArgument::SharedPtr msg[m[K) -> void
[1.655s]       |            [01;35m[K~~~~~~~~~~~~~~~~~~~~~~~~~~~~~~~~~~~~^~~[m[K
[3.146s] make[2]: *** [CMakeFiles/mujoco_sim_node.dir/build.make:63: CMakeFiles/mujoco_sim_node.dir/src/mujoco2.cpp.o] Error 1
[3.147s] make[1]: *** [CMakeFiles/Makefile2:78: CMakeFiles/mujoco_sim_node.dir/all] Error 2
[3.147s] make: *** [Makefile:141: all] Error 2
[3.151s] Invoked command in '/home/chad/ros2_ws/src/build/mujoco_sim_test' returned '2': AMENT_PREFIX_PATH=/home/chad/ros2_ws/src/install/msg_srv_action_interface_example:${AMENT_PREFIX_PATH} CMAKE_PREFIX_PATH=/home/chad/ros2_ws/src/install/msg_srv_action_interface_example:/home/chad/ros2_ws/src/install/mujoco_sim_test:/opt/ros/foxy LD_LIBRARY_PATH=/home/chad/ros2_ws/src/install/msg_srv_action_interface_example/lib:${LD_LIBRARY_PATH} PYTHONPATH=/home/chad/ros2_ws/src/install/msg_srv_action_interface_example/lib/python3.8/site-packages:${PYTHONPATH} /usr/bin/cmake --build /home/chad/ros2_ws/src/build/mujoco_sim_test -- -j12 -l12
