[35m[1mScanning dependencies of target mujoco_sim_node[0m
[ 50%] [32mBuilding CXX object CMakeFiles/mujoco_sim_node.dir/src/mujoco2.cpp.o[0m
[01m[K/home/chad/ros2_ws/src/mujoco_sim_test/src/mujoco2.cpp:[m[K In constructor â€˜[01m[KMujocoSimNode::MujocoSimNode(const rclcpp::NodeOptions&)[m[Kâ€™:
[01m[K/home/chad/ros2_ws/src/mujoco_sim_test/src/mujoco2.cpp:73:5:[m[K [01;31m[Kerror: [m[Kâ€˜[01m[Ktest_subscriber_[m[Kâ€™ was not declared in this scope; did you mean â€˜[01m[Kcount_subscribers[m[Kâ€™?
   73 |     [01;31m[Ktest_subscriber_[m[K = this -> create_subscription<ArithmeticArgument>( // subscription callback
      |     [01;31m[K^~~~~~~~~~~~~~~~[m[K
      |     [32m[Kcount_subscribers[m[K
make[2]: *** [CMakeFiles/mujoco_sim_node.dir/build.make:63: CMakeFiles/mujoco_sim_node.dir/src/mujoco2.cpp.o] Error 1
make[1]: *** [CMakeFiles/Makefile2:78: CMakeFiles/mujoco_sim_node.dir/all] Error 2
make: *** [Makefile:141: all] Error 2
