[0.018s] Invoking command in '/home/chad/ros2_ws/src/build/mujoco_test2': CMAKE_PREFIX_PATH=${CMAKE_PREFIX_PATH}:/opt/ros/foxy /usr/bin/cmake --build /home/chad/ros2_ws/src/build/mujoco_test2 -- -j12 -l12
[0.085s] [35m[1mScanning dependencies of target mujoco_node[0m
[0.136s] [ 33%] [32mBuilding CXX object CMakeFiles/mujoco_node.dir/src/main.cpp.o[0m
[1.558s] [01m[K/home/chad/ros2_ws/src/mujoco_test2/src/main.cpp:[m[K In function ‚Äò[01m[Kvoid mujoco::PhysicsLoop(Simulate&)[m[K‚Äô:
[1.559s] [01m[K/home/chad/ros2_ws/src/mujoco_test2/src/main.cpp:94:21:[m[K [01;31m[Kerror: [m[Kbase operand of ‚Äò[01m[K->[m[K‚Äô has non-pointer type ‚Äò[01m[KSimulate[m[K‚Äô
[1.559s]    94 |              if (sim[01;31m[K->[m[Km_)
[1.559s]       |                     [01;31m[K^~[m[K
[1.559s] [01m[K/home/chad/ros2_ws/src/mujoco_test2/src/main.cpp:102:28:[m[K [01;31m[Kerror: [m[Kbase operand of ‚Äò[01m[K->[m[K‚Äô has non-pointer type ‚Äò[01m[KSimulate[m[K‚Äô
[1.559s]   102 |                 mj_step(sim[01;31m[K->[m[Km_, sim->d_);
[1.559s]       |                            [01;31m[K^~[m[K
[1.559s] [01m[K/home/chad/ros2_ws/src/mujoco_test2/src/main.cpp:102:37:[m[K [01;31m[Kerror: [m[Kbase operand of ‚Äò[01m[K->[m[K‚Äô has non-pointer type ‚Äò[01m[KSimulate[m[K‚Äô
[1.559s]   102 |                 mj_step(sim->m_, sim[01;31m[K->[m[Kd_);
[1.559s]       |                                     [01;31m[K^~[m[K
[1.560s] [01m[K/home/chad/ros2_ws/src/mujoco_test2/src/main.cpp:[m[K In function ‚Äò[01m[Kvoid mujoco::PhysicsThread(Simulate*)[m[K‚Äô:
[1.560s] [01m[K/home/chad/ros2_ws/src/mujoco_test2/src/main.cpp:111:21:[m[K [01;31m[Kerror: [m[K‚Äò[01m[Kclass Simulate[m[K‚Äô has no member named ‚Äò[01m[Km[m[K‚Äô; did you mean ‚Äò[01m[KmjModel* Simulate::m_[m[K‚Äô? (not accessible from this context)
[1.560s]   111 |     mj_forward(sim->[01;31m[Km[m[K, sim->d);
[1.560s]       |                     [01;31m[K^[m[K
[1.560s] In file included from [01m[K/home/chad/ros2_ws/src/mujoco_test2/src/main.cpp:12[m[K:
[1.560s] [01m[K/home/chad/ros2_ws/src/mujoco_test2/include/sim.hpp:29:14:[m[K [01;36m[Knote: [m[Kdeclared private here
[1.560s]    29 |     mjModel* [01;36m[Km_[m[K = nullptr;         // MuJoCo Î™®Îç∏
[1.560s]       |              [01;36m[K^~[m[K
[1.560s] [01m[K/home/chad/ros2_ws/src/mujoco_test2/src/main.cpp:111:29:[m[K [01;31m[Kerror: [m[K‚Äò[01m[Kclass Simulate[m[K‚Äô has no member named ‚Äò[01m[Kd[m[K‚Äô; did you mean ‚Äò[01m[KmjData* Simulate::d_[m[K‚Äô? (not accessible from this context)
[1.561s]   111 |     mj_forward(sim->m, sim->[01;31m[Kd[m[K);
[1.561s]       |                             [01;31m[K^[m[K
[1.561s] In file included from [01m[K/home/chad/ros2_ws/src/mujoco_test2/src/main.cpp:12[m[K:
[1.561s] [01m[K/home/chad/ros2_ws/src/mujoco_test2/include/sim.hpp:30:13:[m[K [01;36m[Knote: [m[Kdeclared private here
[1.561s]    30 |     mjData* [01;36m[Kd_[m[K = nullptr;          // MuJoCo Îç∞Ïù¥ÌÑ∞
[1.561s]       |             [01;36m[K^~[m[K
[1.561s] [01m[K/home/chad/ros2_ws/src/mujoco_test2/src/main.cpp:116:5:[m[K [01;31m[Kerror: [m[Kno match for ‚Äò[01m[Koperator~[m[K‚Äô (operand type is ‚Äò[01m[KSimulate[m[K‚Äô)
[1.561s]   116 |     [01;31m[K~Simulate()[m[K;
[1.561s]       |     [01;31m[K^~~~~~~~~~~[m[K
[1.653s] In file included from [01m[K/home/chad/ros2_ws/src/mujoco_test2/src/main.cpp:7[m[K:
[1.653s] /usr/include/c++/9/thread: In instantiation of ‚Äò[01m[Kstd::thread::thread(_Callable&&, _Args&& ...) [with _Callable = void (*)(Simulate*); _Args = {Simulate*, std::nullptr_t}; <template-parameter-1-3> = void][m[K‚Äô:
[1.654s] [01m[K/home/chad/ros2_ws/src/mujoco_test2/src/main.cpp:128:79:[m[K   required from here
[1.654s] [01m[K/usr/include/c++/9/thread:120:44:[m[K [01;31m[Kerror: [m[Kstatic assertion failed: std::thread arguments must be invocable after conversion to rvalues
[1.654s]   120 |           typename decay<_Args>::type...>::[01;31m[Kvalue[m[K,
[1.654s]       |                                            [01;31m[K^~~~~[m[K
[1.658s] /usr/include/c++/9/thread: In instantiation of ‚Äò[01m[Kstruct std::thread::_Invoker<std::tuple<void (*)(Simulate*), Simulate*, std::nullptr_t> >[m[K‚Äô:
[1.658s] [01m[K/usr/include/c++/9/thread:131:22:[m[K   required from ‚Äò[01m[Kstd::thread::thread(_Callable&&, _Args&& ...) [with _Callable = void (*)(Simulate*); _Args = {Simulate*, std::nullptr_t}; <template-parameter-1-3> = void][m[K‚Äô
[1.658s] [01m[K/home/chad/ros2_ws/src/mujoco_test2/src/main.cpp:128:79:[m[K   required from here
[1.658s] [01m[K/usr/include/c++/9/thread:243:4:[m[K [01;31m[Kerror: [m[Kno type named ‚Äò[01m[Ktype[m[K‚Äô in ‚Äò[01m[Kstruct std::thread::_Invoker<std::tuple<void (*)(Simulate*), Simulate*, std::nullptr_t> >::__result<std::tuple<void (*)(Simulate*), Simulate*, std::nullptr_t> >[m[K‚Äô
[1.659s]   243 |    [01;31m[K_M_invoke[m[K(_Index_tuple<_Ind...>)
[1.659s]       |    [01;31m[K^~~~~~~~~[m[K
[1.659s] [01m[K/usr/include/c++/9/thread:247:2:[m[K [01;31m[Kerror: [m[Kno type named ‚Äò[01m[Ktype[m[K‚Äô in ‚Äò[01m[Kstruct std::thread::_Invoker<std::tuple<void (*)(Simulate*), Simulate*, std::nullptr_t> >::__result<std::tuple<void (*)(Simulate*), Simulate*, std::nullptr_t> >[m[K‚Äô
[1.659s]   247 |  [01;31m[Koperator[m[K()()
[1.659s]       |  [01;31m[K^~~~~~~~[m[K
[1.970s] make[2]: *** [CMakeFiles/mujoco_node.dir/build.make:76: CMakeFiles/mujoco_node.dir/src/main.cpp.o] Error 1
[1.970s] make[1]: *** [CMakeFiles/Makefile2:78: CMakeFiles/mujoco_node.dir/all] Error 2
[1.971s] make: *** [Makefile:141: all] Error 2
[1.974s] Invoked command in '/home/chad/ros2_ws/src/build/mujoco_test2' returned '2': CMAKE_PREFIX_PATH=${CMAKE_PREFIX_PATH}:/opt/ros/foxy /usr/bin/cmake --build /home/chad/ros2_ws/src/build/mujoco_test2 -- -j12 -l12
