In file included from [01m[K/home/chad/ros2_ws/src/mujoco_test2/src/sim.cpp:2[m[K:
[01m[K/home/chad/ros2_ws/src/mujoco_test2/include/sim.hpp:21:16:[m[K [01;31m[Kerror: [m[Kexpected unqualified-id before ‚Äò[01m[K)[m[K‚Äô token
   21 | class Simulate([01;31m[K)[m[K
      |                [01;31m[K^[m[K
[01m[K/home/chad/ros2_ws/src/mujoco_test2/src/sim.cpp:15:20:[m[K [01;31m[Kerror: [m[Kinvalid use of incomplete type ‚Äò[01m[Kclass Simulate[m[K‚Äô
   15 | Simulate::Simulate([01;31m[K)[m[K
      |                    [01;31m[K^[m[K
In file included from [01m[K/home/chad/ros2_ws/src/mujoco_test2/src/sim.cpp:2[m[K:
[01m[K/home/chad/ros2_ws/src/mujoco_test2/include/sim.hpp:21:7:[m[K [01;36m[Knote: [m[Kforward declaration of ‚Äò[01m[Kclass Simulate[m[K‚Äô
   21 | class [01;36m[KSimulate[m[K()
      |       [01;36m[K^~~~~~~~[m[K
[01m[K/home/chad/ros2_ws/src/mujoco_test2/src/sim.cpp:26:23:[m[K [01;31m[Kerror: [m[Kinvalid use of incomplete type ‚Äò[01m[Kclass Simulate[m[K‚Äô
   26 | void Simulate::render([01;31m[K)[m[K // ÏΩúÎ∞± Ìï®ÏàòÎäî Î∞ñÏóê Ìï¥Ï§òÏïºÍ≤†Îã§.
      |                       [01;31m[K^[m[K
In file included from [01m[K/home/chad/ros2_ws/src/mujoco_test2/src/sim.cpp:2[m[K:
[01m[K/home/chad/ros2_ws/src/mujoco_test2/include/sim.hpp:21:7:[m[K [01;36m[Knote: [m[Kforward declaration of ‚Äò[01m[Kclass Simulate[m[K‚Äô
   21 | class [01;36m[KSimulate[m[K()
      |       [01;36m[K^~~~~~~~[m[K
[01m[K/home/chad/ros2_ws/src/mujoco_test2/src/sim.cpp:49:21:[m[K [01;31m[Kerror: [m[Kinvalid use of incomplete type ‚Äò[01m[Kclass Simulate[m[K‚Äô
   49 | Simulate::~Simulate([01;31m[K)[m[K
      |                     [01;31m[K^[m[K
In file included from [01m[K/home/chad/ros2_ws/src/mujoco_test2/src/sim.cpp:2[m[K:
[01m[K/home/chad/ros2_ws/src/mujoco_test2/include/sim.hpp:21:7:[m[K [01;36m[Knote: [m[Kforward declaration of ‚Äò[01m[Kclass Simulate[m[K‚Äô
   21 | class [01;36m[KSimulate[m[K()
      |       [01;36m[K^~~~~~~~[m[K
make[2]: *** [CMakeFiles/mujoco_node.dir/build.make:63: CMakeFiles/mujoco_node.dir/src/sim.cpp.o] Error 1
make[1]: *** [CMakeFiles/Makefile2:78: CMakeFiles/mujoco_node.dir/all] Error 2
make: *** [Makefile:141: all] Error 2
