[0.019s] Invoking command in '/home/chad/ros2_ws/src/build/mujoco_test2': CMAKE_PREFIX_PATH=${CMAKE_PREFIX_PATH}:/opt/ros/foxy /usr/bin/cmake --build /home/chad/ros2_ws/src/build/mujoco_test2 -- -j12 -l12
[0.083s] [35m[1mScanning dependencies of target mujoco_node[0m
[0.128s] [ 50%] [32mBuilding CXX object CMakeFiles/mujoco_node.dir/src/sim.cpp.o[0m
[1.584s] In file included from [01m[K/home/chad/ros2_ws/src/mujoco_test2/src/sim.cpp:2[m[K:
[1.584s] [01m[K/home/chad/ros2_ws/src/mujoco_test2/include/sim.hpp:21:16:[m[K [01;31m[Kerror: [m[Kexpected unqualified-id before ‚Äò[01m[K)[m[K‚Äô token
[1.584s]    21 | class Simulate([01;31m[K)[m[K
[1.584s]       |                [01;31m[K^[m[K
[1.584s] [01m[K/home/chad/ros2_ws/src/mujoco_test2/src/sim.cpp:15:20:[m[K [01;31m[Kerror: [m[Kinvalid use of incomplete type ‚Äò[01m[Kclass Simulate[m[K‚Äô
[1.585s]    15 | Simulate::Simulate([01;31m[K)[m[K
[1.585s]       |                    [01;31m[K^[m[K
[1.585s] In file included from [01m[K/home/chad/ros2_ws/src/mujoco_test2/src/sim.cpp:2[m[K:
[1.585s] [01m[K/home/chad/ros2_ws/src/mujoco_test2/include/sim.hpp:21:7:[m[K [01;36m[Knote: [m[Kforward declaration of ‚Äò[01m[Kclass Simulate[m[K‚Äô
[1.585s]    21 | class [01;36m[KSimulate[m[K()
[1.585s]       |       [01;36m[K^~~~~~~~[m[K
[1.586s] [01m[K/home/chad/ros2_ws/src/mujoco_test2/src/sim.cpp:26:23:[m[K [01;31m[Kerror: [m[Kinvalid use of incomplete type ‚Äò[01m[Kclass Simulate[m[K‚Äô
[1.586s]    26 | void Simulate::render([01;31m[K)[m[K // ÏΩúÎ∞± Ìï®ÏàòÎäî Î∞ñÏóê Ìï¥Ï§òÏïºÍ≤†Îã§.
[1.586s]       |                       [01;31m[K^[m[K
[1.586s] In file included from [01m[K/home/chad/ros2_ws/src/mujoco_test2/src/sim.cpp:2[m[K:
[1.586s] [01m[K/home/chad/ros2_ws/src/mujoco_test2/include/sim.hpp:21:7:[m[K [01;36m[Knote: [m[Kforward declaration of ‚Äò[01m[Kclass Simulate[m[K‚Äô
[1.586s]    21 | class [01;36m[KSimulate[m[K()
[1.587s]       |       [01;36m[K^~~~~~~~[m[K
[1.587s] [01m[K/home/chad/ros2_ws/src/mujoco_test2/src/sim.cpp:49:21:[m[K [01;31m[Kerror: [m[Kinvalid use of incomplete type ‚Äò[01m[Kclass Simulate[m[K‚Äô
[1.587s]    49 | Simulate::~Simulate([01;31m[K)[m[K
[1.587s]       |                     [01;31m[K^[m[K
[1.587s] In file included from [01m[K/home/chad/ros2_ws/src/mujoco_test2/src/sim.cpp:2[m[K:
[1.587s] [01m[K/home/chad/ros2_ws/src/mujoco_test2/include/sim.hpp:21:7:[m[K [01;36m[Knote: [m[Kforward declaration of ‚Äò[01m[Kclass Simulate[m[K‚Äô
[1.587s]    21 | class [01;36m[KSimulate[m[K()
[1.588s]       |       [01;36m[K^~~~~~~~[m[K
[1.947s] make[2]: *** [CMakeFiles/mujoco_node.dir/build.make:63: CMakeFiles/mujoco_node.dir/src/sim.cpp.o] Error 1
[1.947s] make[1]: *** [CMakeFiles/Makefile2:78: CMakeFiles/mujoco_node.dir/all] Error 2
[1.948s] make: *** [Makefile:141: all] Error 2
[1.951s] Invoked command in '/home/chad/ros2_ws/src/build/mujoco_test2' returned '2': CMAKE_PREFIX_PATH=${CMAKE_PREFIX_PATH}:/opt/ros/foxy /usr/bin/cmake --build /home/chad/ros2_ws/src/build/mujoco_test2 -- -j12 -l12
