[01m[K/home/chad/ros2_ws/src/mujoco_test2/src/main.cpp:[m[K In function ‚Äò[01m[Kvoid mujoco::PhysicsLoop(Simulate&)[m[K‚Äô:
[01m[K/home/chad/ros2_ws/src/mujoco_test2/src/main.cpp:94:22:[m[K [01;31m[Kerror: [m[K‚Äò[01m[Kclass Simulate[m[K‚Äô has no member named ‚Äò[01m[Km[m[K‚Äô; did you mean ‚Äò[01m[KmjModel* Simulate::m_[m[K‚Äô? (not accessible from this context)
   94 |              if (sim.[01;31m[Km[m[K)
      |                      [01;31m[K^[m[K
In file included from [01m[K/home/chad/ros2_ws/src/mujoco_test2/src/main.cpp:12[m[K:
[01m[K/home/chad/ros2_ws/src/mujoco_test2/include/sim.hpp:29:14:[m[K [01;36m[Knote: [m[Kdeclared private here
   29 |     mjModel* [01;36m[Km_[m[K = nullptr;         // MuJoCo Î™®Îç∏
      |              [01;36m[K^~[m[K
[01m[K/home/chad/ros2_ws/src/mujoco_test2/src/main.cpp:102:25:[m[K [01;31m[Kerror: [m[K‚Äò[01m[Km[m[K‚Äô was not declared in this scope; did you mean ‚Äò[01m[Ktm[m[K‚Äô?
  102 |                 mj_step([01;31m[Km[m[K, d);
      |                         [01;31m[K^[m[K
      |                         [32m[Ktm[m[K
[01m[K/home/chad/ros2_ws/src/mujoco_test2/src/main.cpp:102:28:[m[K [01;31m[Kerror: [m[K‚Äò[01m[Kd[m[K‚Äô was not declared in this scope
  102 |                 mj_step(m, [01;31m[Kd[m[K);
      |                            [01;31m[K^[m[K
[01m[K/home/chad/ros2_ws/src/mujoco_test2/src/main.cpp:[m[K In function ‚Äò[01m[Kvoid mujoco::PhysicsThread(Simulate*)[m[K‚Äô:
[01m[K/home/chad/ros2_ws/src/mujoco_test2/src/main.cpp:111:21:[m[K [01;31m[Kerror: [m[K‚Äò[01m[Kclass Simulate[m[K‚Äô has no member named ‚Äò[01m[Km[m[K‚Äô; did you mean ‚Äò[01m[KmjModel* Simulate::m_[m[K‚Äô? (not accessible from this context)
  111 |     mj_forward(sim->[01;31m[Km[m[K, sim->d);
      |                     [01;31m[K^[m[K
In file included from [01m[K/home/chad/ros2_ws/src/mujoco_test2/src/main.cpp:12[m[K:
[01m[K/home/chad/ros2_ws/src/mujoco_test2/include/sim.hpp:29:14:[m[K [01;36m[Knote: [m[Kdeclared private here
   29 |     mjModel* [01;36m[Km_[m[K = nullptr;         // MuJoCo Î™®Îç∏
      |              [01;36m[K^~[m[K
[01m[K/home/chad/ros2_ws/src/mujoco_test2/src/main.cpp:111:29:[m[K [01;31m[Kerror: [m[K‚Äò[01m[Kclass Simulate[m[K‚Äô has no member named ‚Äò[01m[Kd[m[K‚Äô; did you mean ‚Äò[01m[KmjData* Simulate::d_[m[K‚Äô? (not accessible from this context)
  111 |     mj_forward(sim->m, sim->[01;31m[Kd[m[K);
      |                             [01;31m[K^[m[K
In file included from [01m[K/home/chad/ros2_ws/src/mujoco_test2/src/main.cpp:12[m[K:
[01m[K/home/chad/ros2_ws/src/mujoco_test2/include/sim.hpp:30:13:[m[K [01;36m[Knote: [m[Kdeclared private here
   30 |     mjData* [01;36m[Kd_[m[K = nullptr;          // MuJoCo Îç∞Ïù¥ÌÑ∞
      |             [01;36m[K^~[m[K
[01m[K/home/chad/ros2_ws/src/mujoco_test2/src/main.cpp:116:5:[m[K [01;31m[Kerror: [m[Kno match for ‚Äò[01m[Koperator~[m[K‚Äô (operand type is ‚Äò[01m[KSimulate[m[K‚Äô)
  116 |     [01;31m[K~Simulate()[m[K;
      |     [01;31m[K^~~~~~~~~~~[m[K
In file included from [01m[K/home/chad/ros2_ws/src/mujoco_test2/src/main.cpp:7[m[K:
/usr/include/c++/9/thread: In instantiation of ‚Äò[01m[Kstd::thread::thread(_Callable&&, _Args&& ...) [with _Callable = void (*)(Simulate*); _Args = {Simulate*, std::nullptr_t}; <template-parameter-1-3> = void][m[K‚Äô:
[01m[K/home/chad/ros2_ws/src/mujoco_test2/src/main.cpp:128:79:[m[K   required from here
[01m[K/usr/include/c++/9/thread:120:44:[m[K [01;31m[Kerror: [m[Kstatic assertion failed: std::thread arguments must be invocable after conversion to rvalues
  120 |           typename decay<_Args>::type...>::[01;31m[Kvalue[m[K,
      |                                            [01;31m[K^~~~~[m[K
/usr/include/c++/9/thread: In instantiation of ‚Äò[01m[Kstruct std::thread::_Invoker<std::tuple<void (*)(Simulate*), Simulate*, std::nullptr_t> >[m[K‚Äô:
[01m[K/usr/include/c++/9/thread:131:22:[m[K   required from ‚Äò[01m[Kstd::thread::thread(_Callable&&, _Args&& ...) [with _Callable = void (*)(Simulate*); _Args = {Simulate*, std::nullptr_t}; <template-parameter-1-3> = void][m[K‚Äô
[01m[K/home/chad/ros2_ws/src/mujoco_test2/src/main.cpp:128:79:[m[K   required from here
[01m[K/usr/include/c++/9/thread:243:4:[m[K [01;31m[Kerror: [m[Kno type named ‚Äò[01m[Ktype[m[K‚Äô in ‚Äò[01m[Kstruct std::thread::_Invoker<std::tuple<void (*)(Simulate*), Simulate*, std::nullptr_t> >::__result<std::tuple<void (*)(Simulate*), Simulate*, std::nullptr_t> >[m[K‚Äô
  243 |    [01;31m[K_M_invoke[m[K(_Index_tuple<_Ind...>)
      |    [01;31m[K^~~~~~~~~[m[K
[01m[K/usr/include/c++/9/thread:247:2:[m[K [01;31m[Kerror: [m[Kno type named ‚Äò[01m[Ktype[m[K‚Äô in ‚Äò[01m[Kstruct std::thread::_Invoker<std::tuple<void (*)(Simulate*), Simulate*, std::nullptr_t> >::__result<std::tuple<void (*)(Simulate*), Simulate*, std::nullptr_t> >[m[K‚Äô
  247 |  [01;31m[Koperator[m[K()()
      |  [01;31m[K^~~~~~~~[m[K
make[2]: *** [CMakeFiles/mujoco_node.dir/build.make:76: CMakeFiles/mujoco_node.dir/src/main.cpp.o] Error 1
make[1]: *** [CMakeFiles/Makefile2:78: CMakeFiles/mujoco_node.dir/all] Error 2
make: *** [Makefile:141: all] Error 2
