[ 50%] [32mBuilding CXX object CMakeFiles/mujoco_node.dir/src/sim.cpp.o[0m
In file included from [01m[K/home/chad/ros2_ws/src/mujoco_test2/src/sim.cpp:2[m[K:
[01m[K/home/chad/ros2_ws/src/mujoco_test2/include/sim.hpp:27:21:[m[K [01;31m[Kerror: [m[Kexpected â€˜[01m[K;[m[Kâ€™ at end of member declaration
   27 |         void render([01;31m[K)[m[K // ì½œë°± í•¨ìˆ˜ëŠ” ë°–ì— í•´ì¤˜ì•¼ê² ë‹¤.
      |                     [01;31m[K^[m[K
      |                      [32m[K;[m[K
[01m[K/home/chad/ros2_ws/src/mujoco_test2/include/sim.hpp:42:6:[m[K [01;31m[Kerror: [m[Kexpected â€˜[01m[K;[m[Kâ€™ after class definition
   42 |     }
      |      [01;31m[K^[m[K
      |      [32m[K;[m[K
[01m[K/home/chad/ros2_ws/src/mujoco_test2/src/sim.cpp:15:1:[m[K [01;31m[Kerror: [m[Kâ€˜[01m[KSimulate[m[Kâ€™ does not name a type
   15 | [01;31m[KSimulate[m[K::Simulate()
      | [01;31m[K^~~~~~~~[m[K
[01m[K/home/chad/ros2_ws/src/mujoco_test2/src/sim.cpp:26:6:[m[K [01;31m[Kerror: [m[Kâ€˜[01m[KSimulate[m[Kâ€™ has not been declared
   26 | void [01;31m[KSimulate[m[K::render() // ì½œë°± í•¨ìˆ˜ëŠ” ë°–ì— í•´ì¤˜ì•¼ê² ë‹¤.
      |      [01;31m[K^~~~~~~~[m[K
[01m[K/home/chad/ros2_ws/src/mujoco_test2/src/sim.cpp:[m[K In function â€˜[01m[Kvoid render()[m[Kâ€™:
[01m[K/home/chad/ros2_ws/src/mujoco_test2/src/sim.cpp:28:5:[m[K [01;31m[Kerror: [m[Kâ€˜[01m[Kwindow_[m[Kâ€™ was not declared in this scope
   28 |     [01;31m[Kwindow_[m[K = glfwCreateWindow(1244, 700, "MuJoCo Simulation", nullptr, nullptr);
      |     [01;31m[K^~~~~~~[m[K
[01m[K/home/chad/ros2_ws/src/mujoco_test2/src/sim.cpp:33:24:[m[K [01;31m[Kerror: [m[Kinvalid use of â€˜[01m[Kthis[m[Kâ€™ in non-member function
   33 |     mjv_defaultCamera(&[01;31m[Kthis[m[K -> cam_);
      |                        [01;31m[K^~~~[m[K
[01m[K/home/chad/ros2_ws/src/mujoco_test2/src/sim.cpp:34:24:[m[K [01;31m[Kerror: [m[Kinvalid use of â€˜[01m[Kthis[m[Kâ€™ in non-member function
   34 |     mjv_defaultOption(&[01;31m[Kthis[m[K -> opt_);
      |                        [01;31m[K^~~~[m[K
[01m[K/home/chad/ros2_ws/src/mujoco_test2/src/sim.cpp:35:23:[m[K [01;31m[Kerror: [m[Kinvalid use of â€˜[01m[Kthis[m[Kâ€™ in non-member function
   35 |     mjv_defaultScene(&[01;31m[Kthis[m[K -> scn_);
      |                       [01;31m[K^~~~[m[K
[01m[K/home/chad/ros2_ws/src/mujoco_test2/src/sim.cpp:36:25:[m[K [01;31m[Kerror: [m[Kinvalid use of â€˜[01m[Kthis[m[Kâ€™ in non-member function
   36 |     mjr_defaultContext(&[01;31m[Kthis[m[K -> con_);
      |                         [01;31m[K^~~~[m[K
[01m[K/home/chad/ros2_ws/src/mujoco_test2/src/sim.cpp:37:19:[m[K [01;31m[Kerror: [m[Kinvalid use of â€˜[01m[Kthis[m[Kâ€™ in non-member function
   37 |     mjv_makeScene([01;31m[Kthis[m[K ->m_, &this -> scn_, 2000);
      |                   [01;31m[K^~~~[m[K
[01m[K/home/chad/ros2_ws/src/mujoco_test2/src/sim.cpp:37:31:[m[K [01;31m[Kerror: [m[Kinvalid use of â€˜[01m[Kthis[m[Kâ€™ in non-member function
   37 | keScene(this ->m_, &[01;31m[Kthis[m[K -> scn_, 2000);
      |                     [01;31m[K^~~~[m[K

[01m[K/home/chad/ros2_ws/src/mujoco_test2/src/sim.cpp:38:21:[m[K [01;31m[Kerror: [m[Kinvalid use of â€˜[01m[Kthis[m[Kâ€™ in non-member function
   38 |     mjr_makeContext([01;31m[Kthis[m[K ->m_, &this ->con_, mjFONTSCALE_150);
      |                     [01;31m[K^~~~[m[K
[01m[K/home/chad/ros2_ws/src/mujoco_test2/src/sim.cpp:38:33:[m[K [01;31m[Kerror: [m[Kinvalid use of â€˜[01m[Kthis[m[Kâ€™ in non-member function
   38 | Context(this ->m_, &[01;31m[Kthis[m[K ->con_, mjFONTSCALE_150);
      |                     [01;31m[K^~~~[m[K

[01m[K/home/chad/ros2_ws/src/mujoco_test2/src/sim.cpp:40:48:[m[K [01;31m[Kerror: [m[Kâ€˜[01m[Kd_[m[Kâ€™ was not declared in this scope
   40 | 8.95, -17.5, 1.8, 0,[01;31m[Kd_[m[K->qpos[0], 0.27};
      |                     [01;31m[K^~[m[K

[01m[K/home/chad/ros2_ws/src/mujoco_test2/src/sim.cpp:41:5:[m[K [01;31m[Kerror: [m[Kâ€˜[01m[Kcam_[m[Kâ€™ was not declared in this scope
   41 |     [01;31m[Kcam_[m[K.azimuth = arr_view[0];
      |     [01;31m[K^~~~[m[K
[01m[K/home/chad/ros2_ws/src/mujoco_test2/src/sim.cpp:[m[K At global scope:
[01m[K/home/chad/ros2_ws/src/mujoco_test2/src/sim.cpp:49:1:[m[K [01;31m[Kerror: [m[Kâ€˜[01m[KSimulate[m[Kâ€™ does not name a type
   49 | [01;31m[KSimulate[m[K::~Simulate()
      | [01;31m[K^~~~~~~~[m[K
make[2]: *** [CMakeFiles/mujoco_node.dir/build.make:63: CMakeFiles/mujoco_node.dir/src/sim.cpp.o] Error 1
make[1]: *** [CMakeFiles/Makefile2:78: CMakeFiles/mujoco_node.dir/all] Error 2
make: *** [Makefile:141: all] Error 2
