/usr/bin/ld: /usr/lib/gcc/x86_64-linux-gnu/9/../../../x86_64-linux-gnu/Scrt1.o: in function `_start':
(.text+0x24): undefined reference to `main'
collect2: error: ld returned 1 exit status
make[2]: *** [CMakeFiles/publish_node.dir/build.make:131: publish_node] Error 1
make[1]: *** [CMakeFiles/Makefile2:80: CMakeFiles/publish_node.dir/all] Error 2
make[1]: *** Waiting for unfinished jobs....
In file included from [01m[K/opt/ros/foxy/include/rclcpp/service.hpp:34[m[K,
                 from [01m[K/opt/ros/foxy/include/rclcpp/callback_group.hpp:25[m[K,
                 from [01m[K/opt/ros/foxy/include/rclcpp/any_executable.hpp:20[m[K,
                 from [01m[K/opt/ros/foxy/include/rclcpp/memory_strategy.hpp:24[m[K,
                 from [01m[K/opt/ros/foxy/include/rclcpp/memory_strategies.hpp:18[m[K,
                 from [01m[K/opt/ros/foxy/include/rclcpp/executor_options.hpp:20[m[K,
                 from [01m[K/opt/ros/foxy/include/rclcpp/executor.hpp:33[m[K,
                 from [01m[K/opt/ros/foxy/include/rclcpp/executors/multi_threaded_executor.hpp:26[m[K,
                 from [01m[K/opt/ros/foxy/include/rclcpp/executors.hpp:21[m[K,
                 from [01m[K/opt/ros/foxy/include/rclcpp/rclcpp.hpp:146[m[K,
                 from [01m[K/home/chad/ros2_ws/src/mujoco_sim_test/include/mujoco2.hpp:16[m[K,
                 from [01m[K/home/chad/ros2_ws/src/mujoco_sim_test/src/mujoco2.cpp:3[m[K:
[01m[K/home/chad/ros2_ws/src/mujoco_sim_test/src/mujoco2.cpp:[m[K In constructor â€˜[01m[KMujocoSimNode::MujocoSimNode()[m[Kâ€™:
[01m[K/home/chad/ros2_ws/src/mujoco_sim_test/src/mujoco2.cpp:39:28:[m[K [01;31m[Kerror: [m[Kâ€˜[01m[Kclass MujocoSimNode[m[Kâ€™ has no member named â€˜[01m[Kget_logger[m[Kâ€™
   39 |         RCLCPP_ERROR(this->[01;31m[Kget_logger[m[K(), "MuJoCo model load error: %s", error);
      |                            [01;31m[K^~~~~~~~~~[m[K
[01m[K/home/chad/ros2_ws/src/mujoco_sim_test/src/mujoco2.cpp:39:28:[m[K [01;31m[Kerror: [m[Kâ€˜[01m[Kclass MujocoSimNode[m[Kâ€™ has no member named â€˜[01m[Kget_logger[m[Kâ€™
[01m[K/home/chad/ros2_ws/src/mujoco_sim_test/src/mujoco2.cpp:39:9:[m[K [01;31m[Kerror: [m[Ktemplate argument 1 is invalid
   39 |         [01;31m[KRCLCPP_ERROR[m[K(this->get_logger(), "MuJoCo model load error: %s", error);
      |         [01;31m[K^~~~~~~~~~~~[m[K
[01m[K/home/chad/ros2_ws/src/mujoco_sim_test/src/mujoco2.cpp:39:9:[m[K [01;31m[Kerror: [m[Ktemplate argument 1 is invalid
   39 |         [01;31m[KRCLCPP_ERROR[m[K(this->get_logger(), "MuJoCo model load error: %s", error);
      |         [01;31m[K^~~~~~~~~~~~[m[K
[01m[K/home/chad/ros2_ws/src/mujoco_sim_test/src/mujoco2.cpp:39:9:[m[K [01;31m[Kerror: [m[Ktemplate argument 1 is invalid
   39 |         [01;31m[KRCLCPP_ERROR[m[K(this->get_logger(), "MuJoCo model load error: %s", error);
      |         [01;31m[K^~~~~~~~~~~~[m[K
In file included from [01m[K/opt/ros/foxy/include/rclcpp/client.hpp:40[m[K,
                 from [01m[K/opt/ros/foxy/include/rclcpp/callback_group.hpp:23[m[K,
                 from [01m[K/opt/ros/foxy/include/rclcpp/any_executable.hpp:20[m[K,
                 from [01m[K/opt/ros/foxy/include/rclcpp/memory_strategy.hpp:24[m[K,
                 from [01m[K/opt/ros/foxy/include/rclcpp/memory_strategies.hpp:18[m[K,
                 from [01m[K/opt/ros/foxy/include/rclcpp/executor_options.hpp:20[m[K,
                 from [01m[K/opt/ros/foxy/include/rclcpp/executor.hpp:33[m[K,
                 from [01m[K/opt/ros/foxy/include/rclcpp/executors/multi_threaded_executor.hpp:26[m[K,
                 from [01m[K/opt/ros/foxy/include/rclcpp/executors.hpp:21[m[K,
                 from [01m[K/opt/ros/foxy/include/rclcpp/rclcpp.hpp:146[m[K,
                 from [01m[K/home/chad/ros2_ws/src/mujoco_sim_test/include/mujoco2.hpp:16[m[K,
                 from [01m[K/home/chad/ros2_ws/src/mujoco_sim_test/src/mujoco2.cpp:3[m[K:
[01m[K/home/chad/ros2_ws/src/mujoco_sim_test/src/mujoco2.cpp:39:28:[m[K [01;31m[Kerror: [m[Kâ€˜[01m[Kclass MujocoSimNode[m[Kâ€™ has no member named â€˜[01m[Kget_logger[m[Kâ€™
   39 |         RCLCPP_ERROR(this->[01;31m[Kget_logger[m[K(), "MuJoCo model load error: %s", error);
      |                            [01;31m[K^~~~~~~~~~[m[K
[01m[K/home/chad/ros2_ws/src/mujoco_sim_test/src/mujoco2.cpp:39:28:[m[K [01;31m[Kerror: [m[Kâ€˜[01m[Kclass MujocoSimNode[m[Kâ€™ has no member named â€˜[01m[Kget_logger[m[Kâ€™
   39 |         RCLCPP_ERROR(this->[01;31m[Kget_logger[m[K(), "MuJoCo model load error: %s", error);
      |                            [01;31m[K^~~~~~~~~~[m[K
[01m[K/home/chad/ros2_ws/src/mujoco_sim_test/src/mujoco2.cpp:106:20:[m[K [01;31m[Kerror: [m[Kâ€˜[01m[Kclass MujocoSimNode[m[Kâ€™ has no member named â€˜[01m[Kcreate_wall_timer[m[Kâ€™
  106 |     timer_ = this->[01;31m[Kcreate_wall_timer[m[K(
      |                    [01;31m[K^~~~~~~~~~~~~~~~~[m[K
[01m[K/home/chad/ros2_ws/src/mujoco_sim_test/src/mujoco2.cpp:108:35:[m[K [01;31m[Kerror: [m[Kâ€˜[01m[Ksimulation_loop[m[Kâ€™ is not a member of â€˜[01m[KMujocoSimNode[m[Kâ€™
  108 |         std::bind(&MujocoSimNode::[01;31m[Ksimulation_loop[m[K, this));
      |                                   [01;31m[K^~~~~~~~~~~~~~~[m[K
[01m[K/home/chad/ros2_ws/src/mujoco_sim_test/src/mujoco2.cpp:[m[K At global scope:
[01m[K/home/chad/ros2_ws/src/mujoco_sim_test/src/mujoco2.cpp:124:6:[m[K [01;31m[Kerror: [m[Kno declaration matches â€˜[01m[Kvoid MujocoSimNode::simulation_loop()[m[Kâ€™
  124 | void [01;31m[KMujocoSimNode[m[K::simulation_loop()
      |      [01;31m[K^~~~~~~~~~~~~[m[K
[01m[K/home/chad/ros2_ws/src/mujoco_sim_test/src/mujoco2.cpp:124:6:[m[K [01;36m[Knote: [m[Kno functions named â€˜[01m[Kvoid MujocoSimNode::simulation_loop()[m[Kâ€™
In file included from [01m[K/home/chad/ros2_ws/src/mujoco_sim_test/src/mujoco2.cpp:3[m[K:
[01m[K/home/chad/ros2_ws/src/mujoco_sim_test/include/mujoco2.hpp:26:7:[m[K [01;36m[Knote: [m[Kâ€˜[01m[Kclass MujocoSimNode[m[Kâ€™ defined here
   26 | class [01;36m[KMujocoSimNode[m[K// : public rclcpp::Node
      |       [01;36m[K^~~~~~~~~~~~~[m[K
[01m[K/home/chad/ros2_ws/src/mujoco_sim_test/src/mujoco2.cpp:[m[K In function â€˜[01m[Kint main(int, char**)[m[Kâ€™:
[01m[K/home/chad/ros2_ws/src/mujoco_sim_test/src/mujoco2.cpp:283:22:[m[K [01;31m[Kerror: [m[Kno matching function for call to â€˜[01m[Kspin(std::shared_ptr<MujocoSimNode>&)[m[Kâ€™
  283 |     rclcpp::spin(node[01;31m[K)[m[K;
      |                      [01;31m[K^[m[K
In file included from [01m[K/opt/ros/foxy/include/rclcpp/rclcpp.hpp:146[m[K,
                 from [01m[K/home/chad/ros2_ws/src/mujoco_sim_test/include/mujoco2.hpp:16[m[K,
                 from [01m[K/home/chad/ros2_ws/src/mujoco_sim_test/src/mujoco2.cpp:3[m[K:
[01m[K/opt/ros/foxy/include/rclcpp/executors.hpp:45:1:[m[K [01;36m[Knote: [m[Kcandidate: â€˜[01m[Kvoid rclcpp::spin(rclcpp::node_interfaces::NodeBaseInterface::SharedPtr)[m[Kâ€™
   45 | [01;36m[Kspin[m[K(rclcpp::node_interfaces::NodeBaseInterface::SharedPtr node_ptr);
      | [01;36m[K^~~~[m[K
[01m[K/opt/ros/foxy/include/rclcpp/executors.hpp:45:60:[m[K [01;36m[Knote: [m[K  no known conversion for argument 1 from â€˜[01m[Kshared_ptr<[01;32m[KMujocoSimNode[m[K>[m[Kâ€™ to â€˜[01m[Kshared_ptr<[01;32m[Krclcpp::node_interfaces::NodeBaseInterface[m[K>[m[Kâ€™
   45 | spin([01;36m[Krclcpp::node_interfaces::NodeBaseInterface::SharedPtr node_ptr[m[K);
      |      [01;36m[K~~~~~~~~~~~~~~~~~~~~~~~~~~~~~~~~~~~~~~~~~~~~~~~~~~~~~~^~~~~~~~[m[K
[01m[K/opt/ros/foxy/include/rclcpp/executors.hpp:49:1:[m[K [01;36m[Knote: [m[Kcandidate: â€˜[01m[Kvoid rclcpp::spin(rclcpp::Node::SharedPtr)[m[Kâ€™
   49 | [01;36m[Kspin[m[K(rclcpp::Node::SharedPtr node_ptr);
      | [01;36m[K^~~~[m[K
[01m[K/opt/ros/foxy/include/rclcpp/executors.hpp:49:30:[m[K [01;36m[Knote: [m[K  no known conversion for argument 1 from â€˜[01m[Kshared_ptr<[01;32m[KMujocoSimNode[m[K>[m[Kâ€™ to â€˜[01m[Kshared_ptr<[01;32m[Krclcpp::Node[m[K>[m[Kâ€™
   49 | spin([01;36m[Krclcpp::Node::SharedPtr node_ptr[m[K);
      |      [01;36m[K~~~~~~~~~~~~~~~~~~~~~~~~^~~~~~~~[m[K
make[2]: *** [CMakeFiles/mujoco_sim_node.dir/build.make:63: CMakeFiles/mujoco_sim_node.dir/src/mujoco2.cpp.o] Error 1
make[1]: *** [CMakeFiles/Makefile2:107: CMakeFiles/mujoco_sim_node.dir/all] Error 2
make: *** [Makefile:141: all] Error 2
